[0.757s] Invoking command in '/home/menna/visual_nav_ws/build/visual_navigation_interfaces': CMAKE_PREFIX_PATH=${CMAKE_PREFIX_PATH}:/home/menna/visual_nav_ws/install/visual_navigation:/opt/ros/jazzy DEBUGINFOD_URLS=https://debuginfod.ubuntu.com PS1=${debian_chroot:+($debian_chroot)}\[\033[01;32m\]\u@\h\[\033[00m\]:\[\033[01;34m\]\w\[\033[00m\]\$ VIRTUAL_ENV_PROMPT=(venv-ardupilot) /usr/bin/cmake --build /home/menna/visual_nav_ws/build/visual_navigation_interfaces -- -j8 -l8
[1.079s] [  2%] Built target visual_navigation_interfaces__rosidl_generator_type_description
[1.163s] [  2%] Built target ament_cmake_python_copy_visual_navigation_interfaces
[1.221s] [  5%] Built target visual_navigation_interfaces__cpp
[1.987s] running egg_info
[2.065s] writing visual_navigation_interfaces.egg-info/PKG-INFO
[2.066s] writing dependency_links to visual_navigation_interfaces.egg-info/dependency_links.txt
[2.067s] writing top-level names to visual_navigation_interfaces.egg-info/top_level.txt
[2.305s] reading manifest file 'visual_navigation_interfaces.egg-info/SOURCES.txt'
[2.308s] writing manifest file 'visual_navigation_interfaces.egg-info/SOURCES.txt'
[2.377s] [  5%] Built target ament_cmake_python_build_visual_navigation_interfaces_egg
[2.440s] [ 20%] Built target visual_navigation_interfaces__rosidl_generator_c
[2.501s] [ 29%] Built target visual_navigation_interfaces__rosidl_typesupport_introspection_c
[2.599s] [ 38%] Built target visual_navigation_interfaces__rosidl_typesupport_fastrtps_c
[2.687s] [ 47%] Built target visual_navigation_interfaces__rosidl_typesupport_cpp
[2.791s] [ 55%] Built target visual_navigation_interfaces__rosidl_typesupport_introspection_cpp
[2.874s] [ 64%] Built target visual_navigation_interfaces__rosidl_typesupport_fastrtps_cpp
[2.923s] [ 73%] Built target visual_navigation_interfaces__rosidl_typesupport_c
[2.989s] [ 73%] Built target visual_navigation_interfaces
[3.044s] [ 76%] Built target visual_navigation_interfaces__py
[3.115s] [ 82%] Built target visual_navigation_interfaces__rosidl_generator_py
[3.201s] [ 88%] Built target visual_navigation_interfaces_s__rosidl_typesupport_fastrtps_c
[3.279s] [ 94%] Built target visual_navigation_interfaces_s__rosidl_typesupport_c
[3.349s] [100%] Built target visual_navigation_interfaces_s__rosidl_typesupport_introspection_c
[3.382s] Invoked command in '/home/menna/visual_nav_ws/build/visual_navigation_interfaces' returned '0': CMAKE_PREFIX_PATH=${CMAKE_PREFIX_PATH}:/home/menna/visual_nav_ws/install/visual_navigation:/opt/ros/jazzy DEBUGINFOD_URLS=https://debuginfod.ubuntu.com PS1=${debian_chroot:+($debian_chroot)}\[\033[01;32m\]\u@\h\[\033[00m\]:\[\033[01;34m\]\w\[\033[00m\]\$ VIRTUAL_ENV_PROMPT=(venv-ardupilot) /usr/bin/cmake --build /home/menna/visual_nav_ws/build/visual_navigation_interfaces -- -j8 -l8
[3.427s] Invoking command in '/home/menna/visual_nav_ws/build/visual_navigation_interfaces': CMAKE_PREFIX_PATH=${CMAKE_PREFIX_PATH}:/home/menna/visual_nav_ws/install/visual_navigation:/opt/ros/jazzy DEBUGINFOD_URLS=https://debuginfod.ubuntu.com PS1=${debian_chroot:+($debian_chroot)}\[\033[01;32m\]\u@\h\[\033[00m\]:\[\033[01;34m\]\w\[\033[00m\]\$ VIRTUAL_ENV_PROMPT=(venv-ardupilot) /usr/bin/cmake --install /home/menna/visual_nav_ws/build/visual_navigation_interfaces
[3.451s] -- Install configuration: ""
[3.452s] -- Up-to-date: /home/menna/visual_nav_ws/install/visual_navigation_interfaces/share/ament_index/resource_index/rosidl_interfaces/visual_navigation_interfaces
[3.452s] -- Up-to-date: /home/menna/visual_nav_ws/install/visual_navigation_interfaces/share/visual_navigation_interfaces/action/Navigate.json
[3.452s] -- Up-to-date: /home/menna/visual_nav_ws/install/visual_navigation_interfaces/include/visual_navigation_interfaces/visual_navigation_interfaces
[3.452s] -- Up-to-date: /home/menna/visual_nav_ws/install/visual_navigation_interfaces/include/visual_navigation_interfaces/visual_navigation_interfaces/msg
[3.452s] -- Up-to-date: /home/menna/visual_nav_ws/install/visual_navigation_interfaces/include/visual_navigation_interfaces/visual_navigation_interfaces/msg/rosidl_generator_c__visibility_control.h
[3.453s] -- Up-to-date: /home/menna/visual_nav_ws/install/visual_navigation_interfaces/include/visual_navigation_interfaces/visual_navigation_interfaces/action
[3.453s] -- Up-to-date: /home/menna/visual_nav_ws/install/visual_navigation_interfaces/include/visual_navigation_interfaces/visual_navigation_interfaces/action/navigate.h
[3.453s] -- Up-to-date: /home/menna/visual_nav_ws/install/visual_navigation_interfaces/include/visual_navigation_interfaces/visual_navigation_interfaces/action/detail
[3.453s] -- Installing: /home/menna/visual_nav_ws/install/visual_navigation_interfaces/include/visual_navigation_interfaces/visual_navigation_interfaces/action/detail/navigate__type_support.c
[3.454s] -- Up-to-date: /home/menna/visual_nav_ws/install/visual_navigation_interfaces/include/visual_navigation_interfaces/visual_navigation_interfaces/action/detail/navigate__functions.c
[3.455s] -- Up-to-date: /home/menna/visual_nav_ws/install/visual_navigation_interfaces/include/visual_navigation_interfaces/visual_navigation_interfaces/action/detail/navigate__functions.h
[3.455s] -- Up-to-date: /home/menna/visual_nav_ws/install/visual_navigation_interfaces/include/visual_navigation_interfaces/visual_navigation_interfaces/action/detail/navigate__struct.h
[3.456s] -- Up-to-date: /home/menna/visual_nav_ws/install/visual_navigation_interfaces/include/visual_navigation_interfaces/visual_navigation_interfaces/action/detail/navigate__type_support.h
[3.456s] -- Up-to-date: /home/menna/visual_nav_ws/install/visual_navigation_interfaces/include/visual_navigation_interfaces/visual_navigation_interfaces/action/detail/navigate__description.c
[3.456s] -- Up-to-date: /home/menna/visual_nav_ws/install/visual_navigation_interfaces/share/visual_navigation_interfaces/environment/library_path.sh
[3.457s] -- Up-to-date: /home/menna/visual_nav_ws/install/visual_navigation_interfaces/share/visual_navigation_interfaces/environment/library_path.dsv
[3.457s] -- Up-to-date: /home/menna/visual_nav_ws/install/visual_navigation_interfaces/lib/libvisual_navigation_interfaces__rosidl_generator_c.so
[3.457s] -- Up-to-date: /home/menna/visual_nav_ws/install/visual_navigation_interfaces/include/visual_navigation_interfaces/visual_navigation_interfaces
[3.458s] -- Up-to-date: /home/menna/visual_nav_ws/install/visual_navigation_interfaces/include/visual_navigation_interfaces/visual_navigation_interfaces/msg
[3.458s] -- Up-to-date: /home/menna/visual_nav_ws/install/visual_navigation_interfaces/include/visual_navigation_interfaces/visual_navigation_interfaces/msg/rosidl_typesupport_fastrtps_c__visibility_control.h
[3.459s] -- Up-to-date: /home/menna/visual_nav_ws/install/visual_navigation_interfaces/include/visual_navigation_interfaces/visual_navigation_interfaces/action
[3.459s] -- Up-to-date: /home/menna/visual_nav_ws/install/visual_navigation_interfaces/include/visual_navigation_interfaces/visual_navigation_interfaces/action/detail
[3.459s] -- Up-to-date: /home/menna/visual_nav_ws/install/visual_navigation_interfaces/include/visual_navigation_interfaces/visual_navigation_interfaces/action/detail/navigate__rosidl_typesupport_fastrtps_c.h
[3.459s] -- Up-to-date: /home/menna/visual_nav_ws/install/visual_navigation_interfaces/lib/libvisual_navigation_interfaces__rosidl_typesupport_fastrtps_c.so
[3.460s] -- Up-to-date: /home/menna/visual_nav_ws/install/visual_navigation_interfaces/include/visual_navigation_interfaces/visual_navigation_interfaces
[3.460s] -- Up-to-date: /home/menna/visual_nav_ws/install/visual_navigation_interfaces/include/visual_navigation_interfaces/visual_navigation_interfaces/msg
[3.461s] -- Up-to-date: /home/menna/visual_nav_ws/install/visual_navigation_interfaces/include/visual_navigation_interfaces/visual_navigation_interfaces/msg/rosidl_typesupport_introspection_c__visibility_control.h
[3.461s] -- Up-to-date: /home/menna/visual_nav_ws/install/visual_navigation_interfaces/include/visual_navigation_interfaces/visual_navigation_interfaces/action
[3.461s] -- Up-to-date: /home/menna/visual_nav_ws/install/visual_navigation_interfaces/include/visual_navigation_interfaces/visual_navigation_interfaces/action/detail
[3.462s] -- Installing: /home/menna/visual_nav_ws/install/visual_navigation_interfaces/include/visual_navigation_interfaces/visual_navigation_interfaces/action/detail/navigate__type_support.c
[3.463s] -- Up-to-date: /home/menna/visual_nav_ws/install/visual_navigation_interfaces/include/visual_navigation_interfaces/visual_navigation_interfaces/action/detail/navigate__rosidl_typesupport_introspection_c.h
[3.463s] -- Up-to-date: /home/menna/visual_nav_ws/install/visual_navigation_interfaces/lib/libvisual_navigation_interfaces__rosidl_typesupport_introspection_c.so
[3.463s] -- Up-to-date: /home/menna/visual_nav_ws/install/visual_navigation_interfaces/lib/libvisual_navigation_interfaces__rosidl_typesupport_c.so
[3.463s] -- Up-to-date: /home/menna/visual_nav_ws/install/visual_navigation_interfaces/include/visual_navigation_interfaces/visual_navigation_interfaces
[3.463s] -- Up-to-date: /home/menna/visual_nav_ws/install/visual_navigation_interfaces/include/visual_navigation_interfaces/visual_navigation_interfaces/msg
[3.463s] -- Up-to-date: /home/menna/visual_nav_ws/install/visual_navigation_interfaces/include/visual_navigation_interfaces/visual_navigation_interfaces/msg/rosidl_generator_cpp__visibility_control.hpp
[3.463s] -- Up-to-date: /home/menna/visual_nav_ws/install/visual_navigation_interfaces/include/visual_navigation_interfaces/visual_navigation_interfaces/action
[3.464s] -- Up-to-date: /home/menna/visual_nav_ws/install/visual_navigation_interfaces/include/visual_navigation_interfaces/visual_navigation_interfaces/action/navigate.hpp
[3.465s] -- Up-to-date: /home/menna/visual_nav_ws/install/visual_navigation_interfaces/include/visual_navigation_interfaces/visual_navigation_interfaces/action/detail
[3.465s] -- Up-to-date: /home/menna/visual_nav_ws/install/visual_navigation_interfaces/include/visual_navigation_interfaces/visual_navigation_interfaces/action/detail/navigate__struct.hpp
[3.465s] -- Up-to-date: /home/menna/visual_nav_ws/install/visual_navigation_interfaces/include/visual_navigation_interfaces/visual_navigation_interfaces/action/detail/navigate__builder.hpp
[3.466s] -- Up-to-date: /home/menna/visual_nav_ws/install/visual_navigation_interfaces/include/visual_navigation_interfaces/visual_navigation_interfaces/action/detail/navigate__traits.hpp
[3.466s] -- Up-to-date: /home/menna/visual_nav_ws/install/visual_navigation_interfaces/include/visual_navigation_interfaces/visual_navigation_interfaces/action/detail/navigate__type_support.hpp
[3.467s] -- Up-to-date: /home/menna/visual_nav_ws/install/visual_navigation_interfaces/include/visual_navigation_interfaces/visual_navigation_interfaces
[3.467s] -- Up-to-date: /home/menna/visual_nav_ws/install/visual_navigation_interfaces/include/visual_navigation_interfaces/visual_navigation_interfaces/msg
[3.467s] -- Up-to-date: /home/menna/visual_nav_ws/install/visual_navigation_interfaces/include/visual_navigation_interfaces/visual_navigation_interfaces/msg/rosidl_typesupport_fastrtps_cpp__visibility_control.h
[3.467s] -- Up-to-date: /home/menna/visual_nav_ws/install/visual_navigation_interfaces/include/visual_navigation_interfaces/visual_navigation_interfaces/action
[3.468s] -- Up-to-date: /home/menna/visual_nav_ws/install/visual_navigation_interfaces/include/visual_navigation_interfaces/visual_navigation_interfaces/action/detail
[3.468s] -- Up-to-date: /home/menna/visual_nav_ws/install/visual_navigation_interfaces/include/visual_navigation_interfaces/visual_navigation_interfaces/action/detail/navigate__rosidl_typesupport_fastrtps_cpp.hpp
[3.469s] -- Up-to-date: /home/menna/visual_nav_ws/install/visual_navigation_interfaces/include/visual_navigation_interfaces/visual_navigation_interfaces/action/detail/dds_fastrtps
[3.469s] -- Up-to-date: /home/menna/visual_nav_ws/install/visual_navigation_interfaces/lib/libvisual_navigation_interfaces__rosidl_typesupport_fastrtps_cpp.so
[3.469s] -- Up-to-date: /home/menna/visual_nav_ws/install/visual_navigation_interfaces/include/visual_navigation_interfaces/visual_navigation_interfaces
[3.469s] -- Up-to-date: /home/menna/visual_nav_ws/install/visual_navigation_interfaces/include/visual_navigation_interfaces/visual_navigation_interfaces/action
[3.469s] -- Up-to-date: /home/menna/visual_nav_ws/install/visual_navigation_interfaces/include/visual_navigation_interfaces/visual_navigation_interfaces/action/detail
[3.472s] -- Up-to-date: /home/menna/visual_nav_ws/install/visual_navigation_interfaces/include/visual_navigation_interfaces/visual_navigation_interfaces/action/detail/navigate__rosidl_typesupport_introspection_cpp.hpp
[3.472s] -- Up-to-date: /home/menna/visual_nav_ws/install/visual_navigation_interfaces/include/visual_navigation_interfaces/visual_navigation_interfaces/action/detail/navigate__type_support.cpp
[3.473s] -- Up-to-date: /home/menna/visual_nav_ws/install/visual_navigation_interfaces/lib/libvisual_navigation_interfaces__rosidl_typesupport_introspection_cpp.so
[3.473s] -- Up-to-date: /home/menna/visual_nav_ws/install/visual_navigation_interfaces/lib/libvisual_navigation_interfaces__rosidl_typesupport_cpp.so
[3.473s] -- Up-to-date: /home/menna/visual_nav_ws/install/visual_navigation_interfaces/share/visual_navigation_interfaces/environment/pythonpath.sh
[3.473s] -- Up-to-date: /home/menna/visual_nav_ws/install/visual_navigation_interfaces/share/visual_navigation_interfaces/environment/pythonpath.dsv
[3.473s] -- Up-to-date: /home/menna/visual_nav_ws/install/visual_navigation_interfaces/lib/python3.12/site-packages/visual_navigation_interfaces-0.0.0-py3.12.egg-info
[3.473s] -- Installing: /home/menna/visual_nav_ws/install/visual_navigation_interfaces/lib/python3.12/site-packages/visual_navigation_interfaces-0.0.0-py3.12.egg-info/SOURCES.txt
[3.473s] -- Installing: /home/menna/visual_nav_ws/install/visual_navigation_interfaces/lib/python3.12/site-packages/visual_navigation_interfaces-0.0.0-py3.12.egg-info/top_level.txt
[3.474s] -- Installing: /home/menna/visual_nav_ws/install/visual_navigation_interfaces/lib/python3.12/site-packages/visual_navigation_interfaces-0.0.0-py3.12.egg-info/dependency_links.txt
[3.474s] -- Installing: /home/menna/visual_nav_ws/install/visual_navigation_interfaces/lib/python3.12/site-packages/visual_navigation_interfaces-0.0.0-py3.12.egg-info/PKG-INFO
[3.474s] -- Up-to-date: /home/menna/visual_nav_ws/install/visual_navigation_interfaces/lib/python3.12/site-packages/visual_navigation_interfaces
[3.474s] -- Up-to-date: /home/menna/visual_nav_ws/install/visual_navigation_interfaces/lib/python3.12/site-packages/visual_navigation_interfaces/__init__.py
[3.474s] -- Up-to-date: /home/menna/visual_nav_ws/install/visual_navigation_interfaces/lib/python3.12/site-packages/visual_navigation_interfaces/_visual_navigation_interfaces_s.ep.rosidl_typesupport_fastrtps_c.c
[3.474s] -- Up-to-date: /home/menna/visual_nav_ws/install/visual_navigation_interfaces/lib/python3.12/site-packages/visual_navigation_interfaces/visual_navigation_interfaces_s__rosidl_typesupport_fastrtps_c.so
[3.474s] -- Up-to-date: /home/menna/visual_nav_ws/install/visual_navigation_interfaces/lib/python3.12/site-packages/visual_navigation_interfaces/_visual_navigation_interfaces_s.ep.rosidl_typesupport_introspection_c.c
[3.474s] -- Up-to-date: /home/menna/visual_nav_ws/install/visual_navigation_interfaces/lib/python3.12/site-packages/visual_navigation_interfaces/visual_navigation_interfaces_s__rosidl_typesupport_c.so
[3.475s] -- Up-to-date: /home/menna/visual_nav_ws/install/visual_navigation_interfaces/lib/python3.12/site-packages/visual_navigation_interfaces/_visual_navigation_interfaces_s.ep.rosidl_typesupport_c.c
[3.475s] -- Up-to-date: /home/menna/visual_nav_ws/install/visual_navigation_interfaces/lib/python3.12/site-packages/visual_navigation_interfaces/visual_navigation_interfaces_s__rosidl_typesupport_introspection_c.so
[3.475s] -- Up-to-date: /home/menna/visual_nav_ws/install/visual_navigation_interfaces/lib/python3.12/site-packages/visual_navigation_interfaces/action
[3.475s] -- Up-to-date: /home/menna/visual_nav_ws/install/visual_navigation_interfaces/lib/python3.12/site-packages/visual_navigation_interfaces/action/__init__.py
[3.475s] -- Up-to-date: /home/menna/visual_nav_ws/install/visual_navigation_interfaces/lib/python3.12/site-packages/visual_navigation_interfaces/action/_navigate.py
[3.475s] -- Up-to-date: /home/menna/visual_nav_ws/install/visual_navigation_interfaces/lib/python3.12/site-packages/visual_navigation_interfaces/action/_navigate_s.c
[3.549s] Listing '/home/menna/visual_nav_ws/install/visual_navigation_interfaces/lib/python3.12/site-packages/visual_navigation_interfaces'...
[3.549s] Listing '/home/menna/visual_nav_ws/install/visual_navigation_interfaces/lib/python3.12/site-packages/visual_navigation_interfaces/action'...
[3.560s] -- Up-to-date: /home/menna/visual_nav_ws/install/visual_navigation_interfaces/lib/python3.12/site-packages/visual_navigation_interfaces/visual_navigation_interfaces_s__rosidl_typesupport_fastrtps_c.so
[3.561s] -- Up-to-date: /home/menna/visual_nav_ws/install/visual_navigation_interfaces/lib/python3.12/site-packages/visual_navigation_interfaces/visual_navigation_interfaces_s__rosidl_typesupport_introspection_c.so
[3.562s] -- Up-to-date: /home/menna/visual_nav_ws/install/visual_navigation_interfaces/lib/python3.12/site-packages/visual_navigation_interfaces/visual_navigation_interfaces_s__rosidl_typesupport_c.so
[3.563s] -- Up-to-date: /home/menna/visual_nav_ws/install/visual_navigation_interfaces/lib/libvisual_navigation_interfaces__rosidl_generator_py.so
[3.564s] -- Up-to-date: /home/menna/visual_nav_ws/install/visual_navigation_interfaces/share/visual_navigation_interfaces/action/Navigate.idl
[3.564s] -- Up-to-date: /home/menna/visual_nav_ws/install/visual_navigation_interfaces/share/visual_navigation_interfaces/action/Navigate.action
[3.565s] -- Up-to-date: /home/menna/visual_nav_ws/install/visual_navigation_interfaces/share/ament_index/resource_index/package_run_dependencies/visual_navigation_interfaces
[3.565s] -- Up-to-date: /home/menna/visual_nav_ws/install/visual_navigation_interfaces/share/ament_index/resource_index/parent_prefix_path/visual_navigation_interfaces
[3.566s] -- Up-to-date: /home/menna/visual_nav_ws/install/visual_navigation_interfaces/share/visual_navigation_interfaces/environment/ament_prefix_path.sh
[3.566s] -- Up-to-date: /home/menna/visual_nav_ws/install/visual_navigation_interfaces/share/visual_navigation_interfaces/environment/ament_prefix_path.dsv
[3.566s] -- Up-to-date: /home/menna/visual_nav_ws/install/visual_navigation_interfaces/share/visual_navigation_interfaces/environment/path.sh
[3.567s] -- Up-to-date: /home/menna/visual_nav_ws/install/visual_navigation_interfaces/share/visual_navigation_interfaces/environment/path.dsv
[3.567s] -- Up-to-date: /home/menna/visual_nav_ws/install/visual_navigation_interfaces/share/visual_navigation_interfaces/local_setup.bash
[3.567s] -- Up-to-date: /home/menna/visual_nav_ws/install/visual_navigation_interfaces/share/visual_navigation_interfaces/local_setup.sh
[3.568s] -- Up-to-date: /home/menna/visual_nav_ws/install/visual_navigation_interfaces/share/visual_navigation_interfaces/local_setup.zsh
[3.568s] -- Up-to-date: /home/menna/visual_nav_ws/install/visual_navigation_interfaces/share/visual_navigation_interfaces/local_setup.dsv
[3.568s] -- Installing: /home/menna/visual_nav_ws/install/visual_navigation_interfaces/share/visual_navigation_interfaces/package.dsv
[3.568s] -- Up-to-date: /home/menna/visual_nav_ws/install/visual_navigation_interfaces/share/ament_index/resource_index/packages/visual_navigation_interfaces
[3.569s] -- Up-to-date: /home/menna/visual_nav_ws/install/visual_navigation_interfaces/share/visual_navigation_interfaces/cmake/export_visual_navigation_interfaces__rosidl_generator_cExport.cmake
[3.569s] -- Up-to-date: /home/menna/visual_nav_ws/install/visual_navigation_interfaces/share/visual_navigation_interfaces/cmake/export_visual_navigation_interfaces__rosidl_generator_cExport-noconfig.cmake
[3.570s] -- Up-to-date: /home/menna/visual_nav_ws/install/visual_navigation_interfaces/share/visual_navigation_interfaces/cmake/export_visual_navigation_interfaces__rosidl_typesupport_fastrtps_cExport.cmake
[3.570s] -- Up-to-date: /home/menna/visual_nav_ws/install/visual_navigation_interfaces/share/visual_navigation_interfaces/cmake/export_visual_navigation_interfaces__rosidl_typesupport_fastrtps_cExport-noconfig.cmake
[3.571s] -- Up-to-date: /home/menna/visual_nav_ws/install/visual_navigation_interfaces/share/visual_navigation_interfaces/cmake/visual_navigation_interfaces__rosidl_typesupport_introspection_cExport.cmake
[3.571s] -- Up-to-date: /home/menna/visual_nav_ws/install/visual_navigation_interfaces/share/visual_navigation_interfaces/cmake/visual_navigation_interfaces__rosidl_typesupport_introspection_cExport-noconfig.cmake
[3.574s] -- Up-to-date: /home/menna/visual_nav_ws/install/visual_navigation_interfaces/share/visual_navigation_interfaces/cmake/visual_navigation_interfaces__rosidl_typesupport_cExport.cmake
[3.574s] -- Up-to-date: /home/menna/visual_nav_ws/install/visual_navigation_interfaces/share/visual_navigation_interfaces/cmake/visual_navigation_interfaces__rosidl_typesupport_cExport-noconfig.cmake
[3.575s] -- Up-to-date: /home/menna/visual_nav_ws/install/visual_navigation_interfaces/share/visual_navigation_interfaces/cmake/export_visual_navigation_interfaces__rosidl_generator_cppExport.cmake
[3.575s] -- Up-to-date: /home/menna/visual_nav_ws/install/visual_navigation_interfaces/share/visual_navigation_interfaces/cmake/export_visual_navigation_interfaces__rosidl_typesupport_fastrtps_cppExport.cmake
[3.576s] -- Up-to-date: /home/menna/visual_nav_ws/install/visual_navigation_interfaces/share/visual_navigation_interfaces/cmake/export_visual_navigation_interfaces__rosidl_typesupport_fastrtps_cppExport-noconfig.cmake
[3.576s] -- Up-to-date: /home/menna/visual_nav_ws/install/visual_navigation_interfaces/share/visual_navigation_interfaces/cmake/visual_navigation_interfaces__rosidl_typesupport_introspection_cppExport.cmake
[3.577s] -- Up-to-date: /home/menna/visual_nav_ws/install/visual_navigation_interfaces/share/visual_navigation_interfaces/cmake/visual_navigation_interfaces__rosidl_typesupport_introspection_cppExport-noconfig.cmake
[3.577s] -- Up-to-date: /home/menna/visual_nav_ws/install/visual_navigation_interfaces/share/visual_navigation_interfaces/cmake/visual_navigation_interfaces__rosidl_typesupport_cppExport.cmake
[3.577s] -- Up-to-date: /home/menna/visual_nav_ws/install/visual_navigation_interfaces/share/visual_navigation_interfaces/cmake/visual_navigation_interfaces__rosidl_typesupport_cppExport-noconfig.cmake
[3.578s] -- Up-to-date: /home/menna/visual_nav_ws/install/visual_navigation_interfaces/share/visual_navigation_interfaces/cmake/export_visual_navigation_interfaces__rosidl_generator_pyExport.cmake
[3.579s] -- Up-to-date: /home/menna/visual_nav_ws/install/visual_navigation_interfaces/share/visual_navigation_interfaces/cmake/export_visual_navigation_interfaces__rosidl_generator_pyExport-noconfig.cmake
[3.579s] -- Up-to-date: /home/menna/visual_nav_ws/install/visual_navigation_interfaces/share/visual_navigation_interfaces/cmake/rosidl_cmake-extras.cmake
[3.580s] -- Up-to-date: /home/menna/visual_nav_ws/install/visual_navigation_interfaces/share/visual_navigation_interfaces/cmake/ament_cmake_export_dependencies-extras.cmake
[3.580s] -- Up-to-date: /home/menna/visual_nav_ws/install/visual_navigation_interfaces/share/visual_navigation_interfaces/cmake/ament_cmake_export_include_directories-extras.cmake
[3.580s] -- Up-to-date: /home/menna/visual_nav_ws/install/visual_navigation_interfaces/share/visual_navigation_interfaces/cmake/ament_cmake_export_libraries-extras.cmake
[3.581s] -- Up-to-date: /home/menna/visual_nav_ws/install/visual_navigation_interfaces/share/visual_navigation_interfaces/cmake/ament_cmake_export_targets-extras.cmake
[3.581s] -- Up-to-date: /home/menna/visual_nav_ws/install/visual_navigation_interfaces/share/visual_navigation_interfaces/cmake/rosidl_cmake_export_typesupport_targets-extras.cmake
[3.581s] -- Up-to-date: /home/menna/visual_nav_ws/install/visual_navigation_interfaces/share/visual_navigation_interfaces/cmake/rosidl_cmake_export_typesupport_libraries-extras.cmake
[3.582s] -- Up-to-date: /home/menna/visual_nav_ws/install/visual_navigation_interfaces/share/visual_navigation_interfaces/cmake/visual_navigation_interfacesConfig.cmake
[3.582s] -- Up-to-date: /home/menna/visual_nav_ws/install/visual_navigation_interfaces/share/visual_navigation_interfaces/cmake/visual_navigation_interfacesConfig-version.cmake
[3.583s] -- Up-to-date: /home/menna/visual_nav_ws/install/visual_navigation_interfaces/share/visual_navigation_interfaces/package.xml
[3.586s] Invoked command in '/home/menna/visual_nav_ws/build/visual_navigation_interfaces' returned '0': CMAKE_PREFIX_PATH=${CMAKE_PREFIX_PATH}:/home/menna/visual_nav_ws/install/visual_navigation:/opt/ros/jazzy DEBUGINFOD_URLS=https://debuginfod.ubuntu.com PS1=${debian_chroot:+($debian_chroot)}\[\033[01;32m\]\u@\h\[\033[00m\]:\[\033[01;34m\]\w\[\033[00m\]\$ VIRTUAL_ENV_PROMPT=(venv-ardupilot) /usr/bin/cmake --install /home/menna/visual_nav_ws/build/visual_navigation_interfaces
