[  2%] Built target visual_navigation_interfaces__rosidl_generator_type_description
[  2%] Built target ament_cmake_python_copy_visual_navigation_interfaces
[  5%] Built target visual_navigation_interfaces__cpp
[ 20%] Built target visual_navigation_interfaces__rosidl_generator_c
[ 29%] Built target visual_navigation_interfaces__rosidl_typesupport_c
[ 38%] Built target visual_navigation_interfaces__rosidl_typesupport_introspection_c
[ 47%] Built target visual_navigation_interfaces__rosidl_typesupport_fastrtps_c
[ 55%] Built target visual_navigation_interfaces__rosidl_typesupport_fastrtps_cpp
[ 64%] Built target visual_navigation_interfaces__rosidl_typesupport_cpp
[ 73%] Built target visual_navigation_interfaces__rosidl_typesupport_introspection_cpp
[ 73%] Built target visual_navigation_interfaces
[ 76%] Built target visual_navigation_interfaces__py
[ 82%] Built target visual_navigation_interfaces__rosidl_generator_py
[ 88%] Built target visual_navigation_interfaces_s__rosidl_typesupport_fastrtps_c
[ 94%] Built target visual_navigation_interfaces_s__rosidl_typesupport_c
[100%] Built target visual_navigation_interfaces_s__rosidl_typesupport_introspection_c
running egg_info
writing visual_navigation_interfaces.egg-info/PKG-INFO
writing dependency_links to visual_navigation_interfaces.egg-info/dependency_links.txt
writing top-level names to visual_navigation_interfaces.egg-info/top_level.txt
reading manifest file 'visual_navigation_interfaces.egg-info/SOURCES.txt'
writing manifest file 'visual_navigation_interfaces.egg-info/SOURCES.txt'
[100%] Built target ament_cmake_python_build_visual_navigation_interfaces_egg
-- Install configuration: ""
-- Up-to-date: /home/menna/visual_nav_ws/install/visual_navigation_interfaces/share/ament_index/resource_index/rosidl_interfaces/visual_navigation_interfaces
-- Up-to-date: /home/menna/visual_nav_ws/install/visual_navigation_interfaces/share/visual_navigation_interfaces/action/Navigate.json
-- Up-to-date: /home/menna/visual_nav_ws/install/visual_navigation_interfaces/include/visual_navigation_interfaces/visual_navigation_interfaces
-- Up-to-date: /home/menna/visual_nav_ws/install/visual_navigation_interfaces/include/visual_navigation_interfaces/visual_navigation_interfaces/msg
-- Up-to-date: /home/menna/visual_nav_ws/install/visual_navigation_interfaces/include/visual_navigation_interfaces/visual_navigation_interfaces/msg/rosidl_generator_c__visibility_control.h
-- Up-to-date: /home/menna/visual_nav_ws/install/visual_navigation_interfaces/include/visual_navigation_interfaces/visual_navigation_interfaces/action
-- Up-to-date: /home/menna/visual_nav_ws/install/visual_navigation_interfaces/include/visual_navigation_interfaces/visual_navigation_interfaces/action/navigate.h
-- Up-to-date: /home/menna/visual_nav_ws/install/visual_navigation_interfaces/include/visual_navigation_interfaces/visual_navigation_interfaces/action/detail
-- Installing: /home/menna/visual_nav_ws/install/visual_navigation_interfaces/include/visual_navigation_interfaces/visual_navigation_interfaces/action/detail/navigate__type_support.c
-- Up-to-date: /home/menna/visual_nav_ws/install/visual_navigation_interfaces/include/visual_navigation_interfaces/visual_navigation_interfaces/action/detail/navigate__functions.c
-- Up-to-date: /home/menna/visual_nav_ws/install/visual_navigation_interfaces/include/visual_navigation_interfaces/visual_navigation_interfaces/action/detail/navigate__functions.h
-- Up-to-date: /home/menna/visual_nav_ws/install/visual_navigation_interfaces/include/visual_navigation_interfaces/visual_navigation_interfaces/action/detail/navigate__struct.h
-- Up-to-date: /home/menna/visual_nav_ws/install/visual_navigation_interfaces/include/visual_navigation_interfaces/visual_navigation_interfaces/action/detail/navigate__type_support.h
-- Up-to-date: /home/menna/visual_nav_ws/install/visual_navigation_interfaces/include/visual_navigation_interfaces/visual_navigation_interfaces/action/detail/navigate__description.c
-- Up-to-date: /home/menna/visual_nav_ws/install/visual_navigation_interfaces/share/visual_navigation_interfaces/environment/library_path.sh
-- Up-to-date: /home/menna/visual_nav_ws/install/visual_navigation_interfaces/share/visual_navigation_interfaces/environment/library_path.dsv
-- Up-to-date: /home/menna/visual_nav_ws/install/visual_navigation_interfaces/lib/libvisual_navigation_interfaces__rosidl_generator_c.so
-- Up-to-date: /home/menna/visual_nav_ws/install/visual_navigation_interfaces/include/visual_navigation_interfaces/visual_navigation_interfaces
-- Up-to-date: /home/menna/visual_nav_ws/install/visual_navigation_interfaces/include/visual_navigation_interfaces/visual_navigation_interfaces/msg
-- Up-to-date: /home/menna/visual_nav_ws/install/visual_navigation_interfaces/include/visual_navigation_interfaces/visual_navigation_interfaces/msg/rosidl_typesupport_fastrtps_c__visibility_control.h
-- Up-to-date: /home/menna/visual_nav_ws/install/visual_navigation_interfaces/include/visual_navigation_interfaces/visual_navigation_interfaces/action
-- Up-to-date: /home/menna/visual_nav_ws/install/visual_navigation_interfaces/include/visual_navigation_interfaces/visual_navigation_interfaces/action/detail
-- Up-to-date: /home/menna/visual_nav_ws/install/visual_navigation_interfaces/include/visual_navigation_interfaces/visual_navigation_interfaces/action/detail/navigate__rosidl_typesupport_fastrtps_c.h
-- Up-to-date: /home/menna/visual_nav_ws/install/visual_navigation_interfaces/lib/libvisual_navigation_interfaces__rosidl_typesupport_fastrtps_c.so
-- Up-to-date: /home/menna/visual_nav_ws/install/visual_navigation_interfaces/include/visual_navigation_interfaces/visual_navigation_interfaces
-- Up-to-date: /home/menna/visual_nav_ws/install/visual_navigation_interfaces/include/visual_navigation_interfaces/visual_navigation_interfaces/msg
-- Up-to-date: /home/menna/visual_nav_ws/install/visual_navigation_interfaces/include/visual_navigation_interfaces/visual_navigation_interfaces/msg/rosidl_typesupport_introspection_c__visibility_control.h
-- Up-to-date: /home/menna/visual_nav_ws/install/visual_navigation_interfaces/include/visual_navigation_interfaces/visual_navigation_interfaces/action
-- Up-to-date: /home/menna/visual_nav_ws/install/visual_navigation_interfaces/include/visual_navigation_interfaces/visual_navigation_interfaces/action/detail
-- Installing: /home/menna/visual_nav_ws/install/visual_navigation_interfaces/include/visual_navigation_interfaces/visual_navigation_interfaces/action/detail/navigate__type_support.c
-- Up-to-date: /home/menna/visual_nav_ws/install/visual_navigation_interfaces/include/visual_navigation_interfaces/visual_navigation_interfaces/action/detail/navigate__rosidl_typesupport_introspection_c.h
-- Up-to-date: /home/menna/visual_nav_ws/install/visual_navigation_interfaces/lib/libvisual_navigation_interfaces__rosidl_typesupport_introspection_c.so
-- Up-to-date: /home/menna/visual_nav_ws/install/visual_navigation_interfaces/lib/libvisual_navigation_interfaces__rosidl_typesupport_c.so
-- Up-to-date: /home/menna/visual_nav_ws/install/visual_navigation_interfaces/include/visual_navigation_interfaces/visual_navigation_interfaces
-- Up-to-date: /home/menna/visual_nav_ws/install/visual_navigation_interfaces/include/visual_navigation_interfaces/visual_navigation_interfaces/msg
-- Up-to-date: /home/menna/visual_nav_ws/install/visual_navigation_interfaces/include/visual_navigation_interfaces/visual_navigation_interfaces/msg/rosidl_generator_cpp__visibility_control.hpp
-- Up-to-date: /home/menna/visual_nav_ws/install/visual_navigation_interfaces/include/visual_navigation_interfaces/visual_navigation_interfaces/action
-- Up-to-date: /home/menna/visual_nav_ws/install/visual_navigation_interfaces/include/visual_navigation_interfaces/visual_navigation_interfaces/action/navigate.hpp
-- Up-to-date: /home/menna/visual_nav_ws/install/visual_navigation_interfaces/include/visual_navigation_interfaces/visual_navigation_interfaces/action/detail
-- Up-to-date: /home/menna/visual_nav_ws/install/visual_navigation_interfaces/include/visual_navigation_interfaces/visual_navigation_interfaces/action/detail/navigate__struct.hpp
-- Up-to-date: /home/menna/visual_nav_ws/install/visual_navigation_interfaces/include/visual_navigation_interfaces/visual_navigation_interfaces/action/detail/navigate__builder.hpp
-- Up-to-date: /home/menna/visual_nav_ws/install/visual_navigation_interfaces/include/visual_navigation_interfaces/visual_navigation_interfaces/action/detail/navigate__traits.hpp
-- Up-to-date: /home/menna/visual_nav_ws/install/visual_navigation_interfaces/include/visual_navigation_interfaces/visual_navigation_interfaces/action/detail/navigate__type_support.hpp
-- Up-to-date: /home/menna/visual_nav_ws/install/visual_navigation_interfaces/include/visual_navigation_interfaces/visual_navigation_interfaces
-- Up-to-date: /home/menna/visual_nav_ws/install/visual_navigation_interfaces/include/visual_navigation_interfaces/visual_navigation_interfaces/msg
-- Up-to-date: /home/menna/visual_nav_ws/install/visual_navigation_interfaces/include/visual_navigation_interfaces/visual_navigation_interfaces/msg/rosidl_typesupport_fastrtps_cpp__visibility_control.h
-- Up-to-date: /home/menna/visual_nav_ws/install/visual_navigation_interfaces/include/visual_navigation_interfaces/visual_navigation_interfaces/action
-- Up-to-date: /home/menna/visual_nav_ws/install/visual_navigation_interfaces/include/visual_navigation_interfaces/visual_navigation_interfaces/action/detail
-- Up-to-date: /home/menna/visual_nav_ws/install/visual_navigation_interfaces/include/visual_navigation_interfaces/visual_navigation_interfaces/action/detail/navigate__rosidl_typesupport_fastrtps_cpp.hpp
-- Up-to-date: /home/menna/visual_nav_ws/install/visual_navigation_interfaces/include/visual_navigation_interfaces/visual_navigation_interfaces/action/detail/dds_fastrtps
-- Up-to-date: /home/menna/visual_nav_ws/install/visual_navigation_interfaces/lib/libvisual_navigation_interfaces__rosidl_typesupport_fastrtps_cpp.so
-- Up-to-date: /home/menna/visual_nav_ws/install/visual_navigation_interfaces/include/visual_navigation_interfaces/visual_navigation_interfaces
-- Up-to-date: /home/menna/visual_nav_ws/install/visual_navigation_interfaces/include/visual_navigation_interfaces/visual_navigation_interfaces/action
-- Up-to-date: /home/menna/visual_nav_ws/install/visual_navigation_interfaces/include/visual_navigation_interfaces/visual_navigation_interfaces/action/detail
-- Up-to-date: /home/menna/visual_nav_ws/install/visual_navigation_interfaces/include/visual_navigation_interfaces/visual_navigation_interfaces/action/detail/navigate__rosidl_typesupport_introspection_cpp.hpp
-- Up-to-date: /home/menna/visual_nav_ws/install/visual_navigation_interfaces/include/visual_navigation_interfaces/visual_navigation_interfaces/action/detail/navigate__type_support.cpp
-- Up-to-date: /home/menna/visual_nav_ws/install/visual_navigation_interfaces/lib/libvisual_navigation_interfaces__rosidl_typesupport_introspection_cpp.so
-- Up-to-date: /home/menna/visual_nav_ws/install/visual_navigation_interfaces/lib/libvisual_navigation_interfaces__rosidl_typesupport_cpp.so
-- Up-to-date: /home/menna/visual_nav_ws/install/visual_navigation_interfaces/share/visual_navigation_interfaces/environment/pythonpath.sh
-- Up-to-date: /home/menna/visual_nav_ws/install/visual_navigation_interfaces/share/visual_navigation_interfaces/environment/pythonpath.dsv
-- Up-to-date: /home/menna/visual_nav_ws/install/visual_navigation_interfaces/lib/python3.12/site-packages/visual_navigation_interfaces-0.0.0-py3.12.egg-info
-- Installing: /home/menna/visual_nav_ws/install/visual_navigation_interfaces/lib/python3.12/site-packages/visual_navigation_interfaces-0.0.0-py3.12.egg-info/SOURCES.txt
-- Installing: /home/menna/visual_nav_ws/install/visual_navigation_interfaces/lib/python3.12/site-packages/visual_navigation_interfaces-0.0.0-py3.12.egg-info/top_level.txt
-- Installing: /home/menna/visual_nav_ws/install/visual_navigation_interfaces/lib/python3.12/site-packages/visual_navigation_interfaces-0.0.0-py3.12.egg-info/dependency_links.txt
-- Installing: /home/menna/visual_nav_ws/install/visual_navigation_interfaces/lib/python3.12/site-packages/visual_navigation_interfaces-0.0.0-py3.12.egg-info/PKG-INFO
-- Up-to-date: /home/menna/visual_nav_ws/install/visual_navigation_interfaces/lib/python3.12/site-packages/visual_navigation_interfaces
-- Up-to-date: /home/menna/visual_nav_ws/install/visual_navigation_interfaces/lib/python3.12/site-packages/visual_navigation_interfaces/__init__.py
-- Up-to-date: /home/menna/visual_nav_ws/install/visual_navigation_interfaces/lib/python3.12/site-packages/visual_navigation_interfaces/_visual_navigation_interfaces_s.ep.rosidl_typesupport_fastrtps_c.c
-- Up-to-date: /home/menna/visual_nav_ws/install/visual_navigation_interfaces/lib/python3.12/site-packages/visual_navigation_interfaces/visual_navigation_interfaces_s__rosidl_typesupport_fastrtps_c.so
-- Up-to-date: /home/menna/visual_nav_ws/install/visual_navigation_interfaces/lib/python3.12/site-packages/visual_navigation_interfaces/_visual_navigation_interfaces_s.ep.rosidl_typesupport_introspection_c.c
-- Up-to-date: /home/menna/visual_nav_ws/install/visual_navigation_interfaces/lib/python3.12/site-packages/visual_navigation_interfaces/visual_navigation_interfaces_s__rosidl_typesupport_c.so
-- Up-to-date: /home/menna/visual_nav_ws/install/visual_navigation_interfaces/lib/python3.12/site-packages/visual_navigation_interfaces/_visual_navigation_interfaces_s.ep.rosidl_typesupport_c.c
-- Up-to-date: /home/menna/visual_nav_ws/install/visual_navigation_interfaces/lib/python3.12/site-packages/visual_navigation_interfaces/visual_navigation_interfaces_s__rosidl_typesupport_introspection_c.so
-- Up-to-date: /home/menna/visual_nav_ws/install/visual_navigation_interfaces/lib/python3.12/site-packages/visual_navigation_interfaces/action
-- Up-to-date: /home/menna/visual_nav_ws/install/visual_navigation_interfaces/lib/python3.12/site-packages/visual_navigation_interfaces/action/__init__.py
-- Up-to-date: /home/menna/visual_nav_ws/install/visual_navigation_interfaces/lib/python3.12/site-packages/visual_navigation_interfaces/action/_navigate.py
-- Up-to-date: /home/menna/visual_nav_ws/install/visual_navigation_interfaces/lib/python3.12/site-packages/visual_navigation_interfaces/action/_navigate_s.c
Listing '/home/menna/visual_nav_ws/install/visual_navigation_interfaces/lib/python3.12/site-packages/visual_navigation_interfaces'...
Listing '/home/menna/visual_nav_ws/install/visual_navigation_interfaces/lib/python3.12/site-packages/visual_navigation_interfaces/action'...
-- Up-to-date: /home/menna/visual_nav_ws/install/visual_navigation_interfaces/lib/python3.12/site-packages/visual_navigation_interfaces/visual_navigation_interfaces_s__rosidl_typesupport_fastrtps_c.so
-- Up-to-date: /home/menna/visual_nav_ws/install/visual_navigation_interfaces/lib/python3.12/site-packages/visual_navigation_interfaces/visual_navigation_interfaces_s__rosidl_typesupport_introspection_c.so
-- Up-to-date: /home/menna/visual_nav_ws/install/visual_navigation_interfaces/lib/python3.12/site-packages/visual_navigation_interfaces/visual_navigation_interfaces_s__rosidl_typesupport_c.so
-- Up-to-date: /home/menna/visual_nav_ws/install/visual_navigation_interfaces/lib/libvisual_navigation_interfaces__rosidl_generator_py.so
-- Up-to-date: /home/menna/visual_nav_ws/install/visual_navigation_interfaces/share/visual_navigation_interfaces/action/Navigate.idl
-- Up-to-date: /home/menna/visual_nav_ws/install/visual_navigation_interfaces/share/visual_navigation_interfaces/action/Navigate.action
-- Up-to-date: /home/menna/visual_nav_ws/install/visual_navigation_interfaces/share/ament_index/resource_index/package_run_dependencies/visual_navigation_interfaces
-- Up-to-date: /home/menna/visual_nav_ws/install/visual_navigation_interfaces/share/ament_index/resource_index/parent_prefix_path/visual_navigation_interfaces
-- Up-to-date: /home/menna/visual_nav_ws/install/visual_navigation_interfaces/share/visual_navigation_interfaces/environment/ament_prefix_path.sh
-- Up-to-date: /home/menna/visual_nav_ws/install/visual_navigation_interfaces/share/visual_navigation_interfaces/environment/ament_prefix_path.dsv
-- Up-to-date: /home/menna/visual_nav_ws/install/visual_navigation_interfaces/share/visual_navigation_interfaces/environment/path.sh
-- Up-to-date: /home/menna/visual_nav_ws/install/visual_navigation_interfaces/share/visual_navigation_interfaces/environment/path.dsv
-- Up-to-date: /home/menna/visual_nav_ws/install/visual_navigation_interfaces/share/visual_navigation_interfaces/local_setup.bash
-- Up-to-date: /home/menna/visual_nav_ws/install/visual_navigation_interfaces/share/visual_navigation_interfaces/local_setup.sh
-- Up-to-date: /home/menna/visual_nav_ws/install/visual_navigation_interfaces/share/visual_navigation_interfaces/local_setup.zsh
-- Up-to-date: /home/menna/visual_nav_ws/install/visual_navigation_interfaces/share/visual_navigation_interfaces/local_setup.dsv
-- Installing: /home/menna/visual_nav_ws/install/visual_navigation_interfaces/share/visual_navigation_interfaces/package.dsv
-- Up-to-date: /home/menna/visual_nav_ws/install/visual_navigation_interfaces/share/ament_index/resource_index/packages/visual_navigation_interfaces
-- Up-to-date: /home/menna/visual_nav_ws/install/visual_navigation_interfaces/share/visual_navigation_interfaces/cmake/export_visual_navigation_interfaces__rosidl_generator_cExport.cmake
-- Up-to-date: /home/menna/visual_nav_ws/install/visual_navigation_interfaces/share/visual_navigation_interfaces/cmake/export_visual_navigation_interfaces__rosidl_generator_cExport-noconfig.cmake
-- Up-to-date: /home/menna/visual_nav_ws/install/visual_navigation_interfaces/share/visual_navigation_interfaces/cmake/export_visual_navigation_interfaces__rosidl_typesupport_fastrtps_cExport.cmake
-- Up-to-date: /home/menna/visual_nav_ws/install/visual_navigation_interfaces/share/visual_navigation_interfaces/cmake/export_visual_navigation_interfaces__rosidl_typesupport_fastrtps_cExport-noconfig.cmake
-- Up-to-date: /home/menna/visual_nav_ws/install/visual_navigation_interfaces/share/visual_navigation_interfaces/cmake/visual_navigation_interfaces__rosidl_typesupport_introspection_cExport.cmake
-- Up-to-date: /home/menna/visual_nav_ws/install/visual_navigation_interfaces/share/visual_navigation_interfaces/cmake/visual_navigation_interfaces__rosidl_typesupport_introspection_cExport-noconfig.cmake
-- Up-to-date: /home/menna/visual_nav_ws/install/visual_navigation_interfaces/share/visual_navigation_interfaces/cmake/visual_navigation_interfaces__rosidl_typesupport_cExport.cmake
-- Up-to-date: /home/menna/visual_nav_ws/install/visual_navigation_interfaces/share/visual_navigation_interfaces/cmake/visual_navigation_interfaces__rosidl_typesupport_cExport-noconfig.cmake
-- Up-to-date: /home/menna/visual_nav_ws/install/visual_navigation_interfaces/share/visual_navigation_interfaces/cmake/export_visual_navigation_interfaces__rosidl_generator_cppExport.cmake
-- Up-to-date: /home/menna/visual_nav_ws/install/visual_navigation_interfaces/share/visual_navigation_interfaces/cmake/export_visual_navigation_interfaces__rosidl_typesupport_fastrtps_cppExport.cmake
-- Up-to-date: /home/menna/visual_nav_ws/install/visual_navigation_interfaces/share/visual_navigation_interfaces/cmake/export_visual_navigation_interfaces__rosidl_typesupport_fastrtps_cppExport-noconfig.cmake
-- Up-to-date: /home/menna/visual_nav_ws/install/visual_navigation_interfaces/share/visual_navigation_interfaces/cmake/visual_navigation_interfaces__rosidl_typesupport_introspection_cppExport.cmake
-- Up-to-date: /home/menna/visual_nav_ws/install/visual_navigation_interfaces/share/visual_navigation_interfaces/cmake/visual_navigation_interfaces__rosidl_typesupport_introspection_cppExport-noconfig.cmake
-- Up-to-date: /home/menna/visual_nav_ws/install/visual_navigation_interfaces/share/visual_navigation_interfaces/cmake/visual_navigation_interfaces__rosidl_typesupport_cppExport.cmake
-- Up-to-date: /home/menna/visual_nav_ws/install/visual_navigation_interfaces/share/visual_navigation_interfaces/cmake/visual_navigation_interfaces__rosidl_typesupport_cppExport-noconfig.cmake
-- Up-to-date: /home/menna/visual_nav_ws/install/visual_navigation_interfaces/share/visual_navigation_interfaces/cmake/export_visual_navigation_interfaces__rosidl_generator_pyExport.cmake
-- Up-to-date: /home/menna/visual_nav_ws/install/visual_navigation_interfaces/share/visual_navigation_interfaces/cmake/export_visual_navigation_interfaces__rosidl_generator_pyExport-noconfig.cmake
-- Up-to-date: /home/menna/visual_nav_ws/install/visual_navigation_interfaces/share/visual_navigation_interfaces/cmake/rosidl_cmake-extras.cmake
-- Up-to-date: /home/menna/visual_nav_ws/install/visual_navigation_interfaces/share/visual_navigation_interfaces/cmake/ament_cmake_export_dependencies-extras.cmake
-- Up-to-date: /home/menna/visual_nav_ws/install/visual_navigation_interfaces/share/visual_navigation_interfaces/cmake/ament_cmake_export_include_directories-extras.cmake
-- Up-to-date: /home/menna/visual_nav_ws/install/visual_navigation_interfaces/share/visual_navigation_interfaces/cmake/ament_cmake_export_libraries-extras.cmake
-- Up-to-date: /home/menna/visual_nav_ws/install/visual_navigation_interfaces/share/visual_navigation_interfaces/cmake/ament_cmake_export_targets-extras.cmake
-- Up-to-date: /home/menna/visual_nav_ws/install/visual_navigation_interfaces/share/visual_navigation_interfaces/cmake/rosidl_cmake_export_typesupport_targets-extras.cmake
-- Up-to-date: /home/menna/visual_nav_ws/install/visual_navigation_interfaces/share/visual_navigation_interfaces/cmake/rosidl_cmake_export_typesupport_libraries-extras.cmake
-- Up-to-date: /home/menna/visual_nav_ws/install/visual_navigation_interfaces/share/visual_navigation_interfaces/cmake/visual_navigation_interfacesConfig.cmake
-- Up-to-date: /home/menna/visual_nav_ws/install/visual_navigation_interfaces/share/visual_navigation_interfaces/cmake/visual_navigation_interfacesConfig-version.cmake
-- Up-to-date: /home/menna/visual_nav_ws/install/visual_navigation_interfaces/share/visual_navigation_interfaces/package.xml
