[2.374s] Invoking command in '/home/menna/visual_nav_ws/visual_navigation': DEBUGINFOD_URLS=https://debuginfod.ubuntu.com PS1=${debian_chroot:+($debian_chroot)}\[\033[01;32m\]\u@\h\[\033[00m\]:\[\033[01;34m\]\w\[\033[00m\]\$ PYTHONPATH=/home/menna/visual_nav_ws/build/visual_navigation/prefix_override:/usr/lib/python3/dist-packages/colcon_core/task/python/colcon_distutils_commands:/home/menna/visual_nav_ws/install/visual_navigation/lib/python3.12/site-packages:${PYTHONPATH} VIRTUAL_ENV_PROMPT=(venv-ardupilot) /usr/bin/python3 -W ignore:setup.py install is deprecated -W ignore:easy_install command is deprecated setup.py egg_info --egg-base ../build/visual_navigation build --build-base /home/menna/visual_nav_ws/build/visual_navigation/build install --record /home/menna/visual_nav_ws/build/visual_navigation/install.log --single-version-externally-managed install_data
[3.092s] running egg_info
[3.143s] writing ../build/visual_navigation/visual_navigation.egg-info/PKG-INFO
[3.143s] writing dependency_links to ../build/visual_navigation/visual_navigation.egg-info/dependency_links.txt
[3.144s] writing entry points to ../build/visual_navigation/visual_navigation.egg-info/entry_points.txt
[3.144s] writing requirements to ../build/visual_navigation/visual_navigation.egg-info/requires.txt
[3.144s] writing top-level names to ../build/visual_navigation/visual_navigation.egg-info/top_level.txt
[3.247s] reading manifest file '../build/visual_navigation/visual_navigation.egg-info/SOURCES.txt'
[3.249s] writing manifest file '../build/visual_navigation/visual_navigation.egg-info/SOURCES.txt'
[3.249s] running build
[3.249s] running build_py
[3.249s] copying visual_navigation/roi_node.py -> /home/menna/visual_nav_ws/build/visual_navigation/build/lib/visual_navigation
[3.250s] running install
[3.267s] running install_lib
[3.321s] copying /home/menna/visual_nav_ws/build/visual_navigation/build/lib/visual_navigation/roi_node.py -> /home/menna/visual_nav_ws/install/visual_navigation/lib/python3.12/site-packages/visual_navigation
[3.322s] byte-compiling /home/menna/visual_nav_ws/install/visual_navigation/lib/python3.12/site-packages/visual_navigation/roi_node.py to roi_node.cpython-312.pyc
[3.325s] running install_data
[3.326s] running install_egg_info
[3.382s] removing '/home/menna/visual_nav_ws/install/visual_navigation/lib/python3.12/site-packages/visual_navigation-0.0.0-py3.12.egg-info' (and everything under it)
[3.383s] Copying ../build/visual_navigation/visual_navigation.egg-info to /home/menna/visual_nav_ws/install/visual_navigation/lib/python3.12/site-packages/visual_navigation-0.0.0-py3.12.egg-info
[3.384s] running install_scripts
[3.698s] Installing action_node script to /home/menna/visual_nav_ws/install/visual_navigation/lib/visual_navigation
[3.699s] Installing camera_node script to /home/menna/visual_nav_ws/install/visual_navigation/lib/visual_navigation
[3.699s] Installing depth_node script to /home/menna/visual_nav_ws/install/visual_navigation/lib/visual_navigation
[3.699s] Installing motion_node script to /home/menna/visual_nav_ws/install/visual_navigation/lib/visual_navigation
[3.699s] Installing navigation_node script to /home/menna/visual_nav_ws/install/visual_navigation/lib/visual_navigation
[3.700s] Installing object_node script to /home/menna/visual_nav_ws/install/visual_navigation/lib/visual_navigation
[3.700s] Installing roi_node script to /home/menna/visual_nav_ws/install/visual_navigation/lib/visual_navigation
[3.700s] Installing vo_node script to /home/menna/visual_nav_ws/install/visual_navigation/lib/visual_navigation
[3.701s] writing list of installed files to '/home/menna/visual_nav_ws/build/visual_navigation/install.log'
[3.762s] Invoked command in '/home/menna/visual_nav_ws/visual_navigation' returned '0': DEBUGINFOD_URLS=https://debuginfod.ubuntu.com PS1=${debian_chroot:+($debian_chroot)}\[\033[01;32m\]\u@\h\[\033[00m\]:\[\033[01;34m\]\w\[\033[00m\]\$ PYTHONPATH=/home/menna/visual_nav_ws/build/visual_navigation/prefix_override:/usr/lib/python3/dist-packages/colcon_core/task/python/colcon_distutils_commands:/home/menna/visual_nav_ws/install/visual_navigation/lib/python3.12/site-packages:${PYTHONPATH} VIRTUAL_ENV_PROMPT=(venv-ardupilot) /usr/bin/python3 -W ignore:setup.py install is deprecated -W ignore:easy_install command is deprecated setup.py egg_info --egg-base ../build/visual_navigation build --build-base /home/menna/visual_nav_ws/build/visual_navigation/build install --record /home/menna/visual_nav_ws/build/visual_navigation/install.log --single-version-externally-managed install_data
