[0.553s] Invoking command in '/home/menna/visual_nav_ws/build/visual_navigation_interfaces': CMAKE_PREFIX_PATH=${CMAKE_PREFIX_PATH}:/home/menna/visual_nav_ws/install/visual_navigation:/opt/ros/jazzy DEBUGINFOD_URLS=https://debuginfod.ubuntu.com PS1=${debian_chroot:+($debian_chroot)}\[\033[01;32m\]\u@\h\[\033[00m\]:\[\033[01;34m\]\w\[\033[00m\]\$ VIRTUAL_ENV_PROMPT=(venv-ardupilot) /usr/bin/cmake --build /home/menna/visual_nav_ws/build/visual_navigation_interfaces -- -j8 -l8
[0.689s] [  2%] Built target visual_navigation_interfaces__rosidl_generator_type_description
[0.711s] [  2%] Built target ament_cmake_python_copy_visual_navigation_interfaces
[0.745s] [  5%] Built target visual_navigation_interfaces__cpp
[0.745s] [ 20%] Built target visual_navigation_interfaces__rosidl_generator_c
[0.809s] [ 29%] Built target visual_navigation_interfaces__rosidl_typesupport_fastrtps_c
[0.812s] [ 38%] Built target visual_navigation_interfaces__rosidl_typesupport_introspection_c
[0.817s] [ 47%] Built target visual_navigation_interfaces__rosidl_typesupport_c
[0.883s] [ 55%] Built target visual_navigation_interfaces__rosidl_typesupport_cpp
[0.885s] [ 64%] Built target visual_navigation_interfaces__rosidl_typesupport_introspection_cpp
[0.889s] [ 73%] Built target visual_navigation_interfaces__rosidl_typesupport_fastrtps_cpp
[0.940s] [ 73%] Built target visual_navigation_interfaces
[0.995s] [ 76%] Built target visual_navigation_interfaces__py
[1.050s] [ 82%] Built target visual_navigation_interfaces__rosidl_generator_py
[1.109s] [ 88%] Built target visual_navigation_interfaces_s__rosidl_typesupport_c
[1.112s] [ 94%] Built target visual_navigation_interfaces_s__rosidl_typesupport_fastrtps_c
[1.114s] [100%] Built target visual_navigation_interfaces_s__rosidl_typesupport_introspection_c
[1.442s] running egg_info
[1.511s] writing visual_navigation_interfaces.egg-info/PKG-INFO
[1.512s] writing dependency_links to visual_navigation_interfaces.egg-info/dependency_links.txt
[1.512s] writing top-level names to visual_navigation_interfaces.egg-info/top_level.txt
[1.714s] reading manifest file 'visual_navigation_interfaces.egg-info/SOURCES.txt'
[1.717s] writing manifest file 'visual_navigation_interfaces.egg-info/SOURCES.txt'
[1.786s] [100%] Built target ament_cmake_python_build_visual_navigation_interfaces_egg
[1.813s] Invoked command in '/home/menna/visual_nav_ws/build/visual_navigation_interfaces' returned '0': CMAKE_PREFIX_PATH=${CMAKE_PREFIX_PATH}:/home/menna/visual_nav_ws/install/visual_navigation:/opt/ros/jazzy DEBUGINFOD_URLS=https://debuginfod.ubuntu.com PS1=${debian_chroot:+($debian_chroot)}\[\033[01;32m\]\u@\h\[\033[00m\]:\[\033[01;34m\]\w\[\033[00m\]\$ VIRTUAL_ENV_PROMPT=(venv-ardupilot) /usr/bin/cmake --build /home/menna/visual_nav_ws/build/visual_navigation_interfaces -- -j8 -l8
[1.837s] Invoking command in '/home/menna/visual_nav_ws/build/visual_navigation_interfaces': CMAKE_PREFIX_PATH=${CMAKE_PREFIX_PATH}:/home/menna/visual_nav_ws/install/visual_navigation:/opt/ros/jazzy DEBUGINFOD_URLS=https://debuginfod.ubuntu.com PS1=${debian_chroot:+($debian_chroot)}\[\033[01;32m\]\u@\h\[\033[00m\]:\[\033[01;34m\]\w\[\033[00m\]\$ VIRTUAL_ENV_PROMPT=(venv-ardupilot) /usr/bin/cmake --install /home/menna/visual_nav_ws/build/visual_navigation_interfaces
[1.856s] -- Install configuration: ""
[1.856s] -- Up-to-date: /home/menna/visual_nav_ws/install/visual_navigation_interfaces/share/ament_index/resource_index/rosidl_interfaces/visual_navigation_interfaces
[1.856s] -- Up-to-date: /home/menna/visual_nav_ws/install/visual_navigation_interfaces/share/visual_navigation_interfaces/action/Navigate.json
[1.857s] -- Up-to-date: /home/menna/visual_nav_ws/install/visual_navigation_interfaces/include/visual_navigation_interfaces/visual_navigation_interfaces
[1.857s] -- Up-to-date: /home/menna/visual_nav_ws/install/visual_navigation_interfaces/include/visual_navigation_interfaces/visual_navigation_interfaces/msg
[1.857s] -- Up-to-date: /home/menna/visual_nav_ws/install/visual_navigation_interfaces/include/visual_navigation_interfaces/visual_navigation_interfaces/msg/rosidl_generator_c__visibility_control.h
[1.857s] -- Up-to-date: /home/menna/visual_nav_ws/install/visual_navigation_interfaces/include/visual_navigation_interfaces/visual_navigation_interfaces/action
[1.858s] -- Up-to-date: /home/menna/visual_nav_ws/install/visual_navigation_interfaces/include/visual_navigation_interfaces/visual_navigation_interfaces/action/navigate.h
[1.858s] -- Up-to-date: /home/menna/visual_nav_ws/install/visual_navigation_interfaces/include/visual_navigation_interfaces/visual_navigation_interfaces/action/detail
[1.858s] -- Installing: /home/menna/visual_nav_ws/install/visual_navigation_interfaces/include/visual_navigation_interfaces/visual_navigation_interfaces/action/detail/navigate__type_support.c
[1.859s] -- Up-to-date: /home/menna/visual_nav_ws/install/visual_navigation_interfaces/include/visual_navigation_interfaces/visual_navigation_interfaces/action/detail/navigate__functions.c
[1.859s] -- Up-to-date: /home/menna/visual_nav_ws/install/visual_navigation_interfaces/include/visual_navigation_interfaces/visual_navigation_interfaces/action/detail/navigate__functions.h
[1.859s] -- Up-to-date: /home/menna/visual_nav_ws/install/visual_navigation_interfaces/include/visual_navigation_interfaces/visual_navigation_interfaces/action/detail/navigate__struct.h
[1.859s] -- Up-to-date: /home/menna/visual_nav_ws/install/visual_navigation_interfaces/include/visual_navigation_interfaces/visual_navigation_interfaces/action/detail/navigate__type_support.h
[1.860s] -- Up-to-date: /home/menna/visual_nav_ws/install/visual_navigation_interfaces/include/visual_navigation_interfaces/visual_navigation_interfaces/action/detail/navigate__description.c
[1.860s] -- Up-to-date: /home/menna/visual_nav_ws/install/visual_navigation_interfaces/share/visual_navigation_interfaces/environment/library_path.sh
[1.860s] -- Up-to-date: /home/menna/visual_nav_ws/install/visual_navigation_interfaces/share/visual_navigation_interfaces/environment/library_path.dsv
[1.860s] -- Up-to-date: /home/menna/visual_nav_ws/install/visual_navigation_interfaces/lib/libvisual_navigation_interfaces__rosidl_generator_c.so
[1.861s] -- Up-to-date: /home/menna/visual_nav_ws/install/visual_navigation_interfaces/include/visual_navigation_interfaces/visual_navigation_interfaces
[1.861s] -- Up-to-date: /home/menna/visual_nav_ws/install/visual_navigation_interfaces/include/visual_navigation_interfaces/visual_navigation_interfaces/msg
[1.861s] -- Up-to-date: /home/menna/visual_nav_ws/install/visual_navigation_interfaces/include/visual_navigation_interfaces/visual_navigation_interfaces/msg/rosidl_typesupport_fastrtps_c__visibility_control.h
[1.861s] -- Up-to-date: /home/menna/visual_nav_ws/install/visual_navigation_interfaces/include/visual_navigation_interfaces/visual_navigation_interfaces/action
[1.862s] -- Up-to-date: /home/menna/visual_nav_ws/install/visual_navigation_interfaces/include/visual_navigation_interfaces/visual_navigation_interfaces/action/detail
[1.862s] -- Up-to-date: /home/menna/visual_nav_ws/install/visual_navigation_interfaces/include/visual_navigation_interfaces/visual_navigation_interfaces/action/detail/navigate__rosidl_typesupport_fastrtps_c.h
[1.862s] -- Up-to-date: /home/menna/visual_nav_ws/install/visual_navigation_interfaces/lib/libvisual_navigation_interfaces__rosidl_typesupport_fastrtps_c.so
[1.862s] -- Up-to-date: /home/menna/visual_nav_ws/install/visual_navigation_interfaces/include/visual_navigation_interfaces/visual_navigation_interfaces
[1.863s] -- Up-to-date: /home/menna/visual_nav_ws/install/visual_navigation_interfaces/include/visual_navigation_interfaces/visual_navigation_interfaces/msg
[1.863s] -- Up-to-date: /home/menna/visual_nav_ws/install/visual_navigation_interfaces/include/visual_navigation_interfaces/visual_navigation_interfaces/msg/rosidl_typesupport_introspection_c__visibility_control.h
[1.863s] -- Up-to-date: /home/menna/visual_nav_ws/install/visual_navigation_interfaces/include/visual_navigation_interfaces/visual_navigation_interfaces/action
[1.864s] -- Up-to-date: /home/menna/visual_nav_ws/install/visual_navigation_interfaces/include/visual_navigation_interfaces/visual_navigation_interfaces/action/detail
[1.864s] -- Installing: /home/menna/visual_nav_ws/install/visual_navigation_interfaces/include/visual_navigation_interfaces/visual_navigation_interfaces/action/detail/navigate__type_support.c
[1.864s] -- Up-to-date: /home/menna/visual_nav_ws/install/visual_navigation_interfaces/include/visual_navigation_interfaces/visual_navigation_interfaces/action/detail/navigate__rosidl_typesupport_introspection_c.h
[1.864s] -- Up-to-date: /home/menna/visual_nav_ws/install/visual_navigation_interfaces/lib/libvisual_navigation_interfaces__rosidl_typesupport_introspection_c.so
[1.864s] -- Up-to-date: /home/menna/visual_nav_ws/install/visual_navigation_interfaces/lib/libvisual_navigation_interfaces__rosidl_typesupport_c.so
[1.865s] -- Up-to-date: /home/menna/visual_nav_ws/install/visual_navigation_interfaces/include/visual_navigation_interfaces/visual_navigation_interfaces
[1.865s] -- Up-to-date: /home/menna/visual_nav_ws/install/visual_navigation_interfaces/include/visual_navigation_interfaces/visual_navigation_interfaces/msg
[1.865s] -- Up-to-date: /home/menna/visual_nav_ws/install/visual_navigation_interfaces/include/visual_navigation_interfaces/visual_navigation_interfaces/msg/rosidl_generator_cpp__visibility_control.hpp
[1.865s] -- Up-to-date: /home/menna/visual_nav_ws/install/visual_navigation_interfaces/include/visual_navigation_interfaces/visual_navigation_interfaces/action
[1.866s] -- Up-to-date: /home/menna/visual_nav_ws/install/visual_navigation_interfaces/include/visual_navigation_interfaces/visual_navigation_interfaces/action/navigate.hpp
[1.866s] -- Up-to-date: /home/menna/visual_nav_ws/install/visual_navigation_interfaces/include/visual_navigation_interfaces/visual_navigation_interfaces/action/detail
[1.866s] -- Up-to-date: /home/menna/visual_nav_ws/install/visual_navigation_interfaces/include/visual_navigation_interfaces/visual_navigation_interfaces/action/detail/navigate__struct.hpp
[1.866s] -- Up-to-date: /home/menna/visual_nav_ws/install/visual_navigation_interfaces/include/visual_navigation_interfaces/visual_navigation_interfaces/action/detail/navigate__builder.hpp
[1.867s] -- Up-to-date: /home/menna/visual_nav_ws/install/visual_navigation_interfaces/include/visual_navigation_interfaces/visual_navigation_interfaces/action/detail/navigate__traits.hpp
[1.867s] -- Up-to-date: /home/menna/visual_nav_ws/install/visual_navigation_interfaces/include/visual_navigation_interfaces/visual_navigation_interfaces/action/detail/navigate__type_support.hpp
[1.867s] -- Up-to-date: /home/menna/visual_nav_ws/install/visual_navigation_interfaces/include/visual_navigation_interfaces/visual_navigation_interfaces
[1.867s] -- Up-to-date: /home/menna/visual_nav_ws/install/visual_navigation_interfaces/include/visual_navigation_interfaces/visual_navigation_interfaces/msg
[1.868s] -- Up-to-date: /home/menna/visual_nav_ws/install/visual_navigation_interfaces/include/visual_navigation_interfaces/visual_navigation_interfaces/msg/rosidl_typesupport_fastrtps_cpp__visibility_control.h
[1.868s] -- Up-to-date: /home/menna/visual_nav_ws/install/visual_navigation_interfaces/include/visual_navigation_interfaces/visual_navigation_interfaces/action
[1.868s] -- Up-to-date: /home/menna/visual_nav_ws/install/visual_navigation_interfaces/include/visual_navigation_interfaces/visual_navigation_interfaces/action/detail
[1.869s] -- Up-to-date: /home/menna/visual_nav_ws/install/visual_navigation_interfaces/include/visual_navigation_interfaces/visual_navigation_interfaces/action/detail/navigate__rosidl_typesupport_fastrtps_cpp.hpp
[1.869s] -- Up-to-date: /home/menna/visual_nav_ws/install/visual_navigation_interfaces/include/visual_navigation_interfaces/visual_navigation_interfaces/action/detail/dds_fastrtps
[1.870s] -- Up-to-date: /home/menna/visual_nav_ws/install/visual_navigation_interfaces/lib/libvisual_navigation_interfaces__rosidl_typesupport_fastrtps_cpp.so
[1.870s] -- Up-to-date: /home/menna/visual_nav_ws/install/visual_navigation_interfaces/include/visual_navigation_interfaces/visual_navigation_interfaces
[1.870s] -- Up-to-date: /home/menna/visual_nav_ws/install/visual_navigation_interfaces/include/visual_navigation_interfaces/visual_navigation_interfaces/action
[1.870s] -- Up-to-date: /home/menna/visual_nav_ws/install/visual_navigation_interfaces/include/visual_navigation_interfaces/visual_navigation_interfaces/action/detail
[1.871s] -- Up-to-date: /home/menna/visual_nav_ws/install/visual_navigation_interfaces/include/visual_navigation_interfaces/visual_navigation_interfaces/action/detail/navigate__rosidl_typesupport_introspection_cpp.hpp
[1.871s] -- Up-to-date: /home/menna/visual_nav_ws/install/visual_navigation_interfaces/include/visual_navigation_interfaces/visual_navigation_interfaces/action/detail/navigate__type_support.cpp
[1.871s] -- Up-to-date: /home/menna/visual_nav_ws/install/visual_navigation_interfaces/lib/libvisual_navigation_interfaces__rosidl_typesupport_introspection_cpp.so
[1.871s] -- Up-to-date: /home/menna/visual_nav_ws/install/visual_navigation_interfaces/lib/libvisual_navigation_interfaces__rosidl_typesupport_cpp.so
[1.871s] -- Up-to-date: /home/menna/visual_nav_ws/install/visual_navigation_interfaces/share/visual_navigation_interfaces/environment/pythonpath.sh
[1.871s] -- Up-to-date: /home/menna/visual_nav_ws/install/visual_navigation_interfaces/share/visual_navigation_interfaces/environment/pythonpath.dsv
[1.872s] -- Up-to-date: /home/menna/visual_nav_ws/install/visual_navigation_interfaces/lib/python3.12/site-packages/visual_navigation_interfaces-0.0.0-py3.12.egg-info
[1.872s] -- Installing: /home/menna/visual_nav_ws/install/visual_navigation_interfaces/lib/python3.12/site-packages/visual_navigation_interfaces-0.0.0-py3.12.egg-info/SOURCES.txt
[1.872s] -- Installing: /home/menna/visual_nav_ws/install/visual_navigation_interfaces/lib/python3.12/site-packages/visual_navigation_interfaces-0.0.0-py3.12.egg-info/top_level.txt
[1.872s] -- Installing: /home/menna/visual_nav_ws/install/visual_navigation_interfaces/lib/python3.12/site-packages/visual_navigation_interfaces-0.0.0-py3.12.egg-info/dependency_links.txt
[1.873s] -- Installing: /home/menna/visual_nav_ws/install/visual_navigation_interfaces/lib/python3.12/site-packages/visual_navigation_interfaces-0.0.0-py3.12.egg-info/PKG-INFO
[1.873s] -- Up-to-date: /home/menna/visual_nav_ws/install/visual_navigation_interfaces/lib/python3.12/site-packages/visual_navigation_interfaces
[1.873s] -- Up-to-date: /home/menna/visual_nav_ws/install/visual_navigation_interfaces/lib/python3.12/site-packages/visual_navigation_interfaces/__init__.py
[1.873s] -- Up-to-date: /home/menna/visual_nav_ws/install/visual_navigation_interfaces/lib/python3.12/site-packages/visual_navigation_interfaces/_visual_navigation_interfaces_s.ep.rosidl_typesupport_fastrtps_c.c
[1.873s] -- Up-to-date: /home/menna/visual_nav_ws/install/visual_navigation_interfaces/lib/python3.12/site-packages/visual_navigation_interfaces/visual_navigation_interfaces_s__rosidl_typesupport_fastrtps_c.so
[1.874s] -- Up-to-date: /home/menna/visual_nav_ws/install/visual_navigation_interfaces/lib/python3.12/site-packages/visual_navigation_interfaces/_visual_navigation_interfaces_s.ep.rosidl_typesupport_introspection_c.c
[1.874s] -- Up-to-date: /home/menna/visual_nav_ws/install/visual_navigation_interfaces/lib/python3.12/site-packages/visual_navigation_interfaces/visual_navigation_interfaces_s__rosidl_typesupport_c.so
[1.874s] -- Up-to-date: /home/menna/visual_nav_ws/install/visual_navigation_interfaces/lib/python3.12/site-packages/visual_navigation_interfaces/_visual_navigation_interfaces_s.ep.rosidl_typesupport_c.c
[1.874s] -- Up-to-date: /home/menna/visual_nav_ws/install/visual_navigation_interfaces/lib/python3.12/site-packages/visual_navigation_interfaces/visual_navigation_interfaces_s__rosidl_typesupport_introspection_c.so
[1.874s] -- Up-to-date: /home/menna/visual_nav_ws/install/visual_navigation_interfaces/lib/python3.12/site-packages/visual_navigation_interfaces/action
[1.875s] -- Up-to-date: /home/menna/visual_nav_ws/install/visual_navigation_interfaces/lib/python3.12/site-packages/visual_navigation_interfaces/action/__init__.py
[1.875s] -- Up-to-date: /home/menna/visual_nav_ws/install/visual_navigation_interfaces/lib/python3.12/site-packages/visual_navigation_interfaces/action/_navigate.py
[1.875s] -- Up-to-date: /home/menna/visual_nav_ws/install/visual_navigation_interfaces/lib/python3.12/site-packages/visual_navigation_interfaces/action/_navigate_s.c
[1.949s] Listing '/home/menna/visual_nav_ws/install/visual_navigation_interfaces/lib/python3.12/site-packages/visual_navigation_interfaces'...
[1.949s] Listing '/home/menna/visual_nav_ws/install/visual_navigation_interfaces/lib/python3.12/site-packages/visual_navigation_interfaces/action'...
[1.961s] -- Up-to-date: /home/menna/visual_nav_ws/install/visual_navigation_interfaces/lib/python3.12/site-packages/visual_navigation_interfaces/visual_navigation_interfaces_s__rosidl_typesupport_fastrtps_c.so
[1.962s] -- Up-to-date: /home/menna/visual_nav_ws/install/visual_navigation_interfaces/lib/python3.12/site-packages/visual_navigation_interfaces/visual_navigation_interfaces_s__rosidl_typesupport_introspection_c.so
[1.963s] -- Up-to-date: /home/menna/visual_nav_ws/install/visual_navigation_interfaces/lib/python3.12/site-packages/visual_navigation_interfaces/visual_navigation_interfaces_s__rosidl_typesupport_c.so
[1.964s] -- Up-to-date: /home/menna/visual_nav_ws/install/visual_navigation_interfaces/lib/libvisual_navigation_interfaces__rosidl_generator_py.so
[1.964s] -- Up-to-date: /home/menna/visual_nav_ws/install/visual_navigation_interfaces/share/visual_navigation_interfaces/action/Navigate.idl
[1.967s] -- Up-to-date: /home/menna/visual_nav_ws/install/visual_navigation_interfaces/share/visual_navigation_interfaces/action/Navigate.action
[1.967s] -- Up-to-date: /home/menna/visual_nav_ws/install/visual_navigation_interfaces/share/ament_index/resource_index/package_run_dependencies/visual_navigation_interfaces
[1.967s] -- Up-to-date: /home/menna/visual_nav_ws/install/visual_navigation_interfaces/share/ament_index/resource_index/parent_prefix_path/visual_navigation_interfaces
[1.967s] -- Up-to-date: /home/menna/visual_nav_ws/install/visual_navigation_interfaces/share/visual_navigation_interfaces/environment/ament_prefix_path.sh
[1.968s] -- Up-to-date: /home/menna/visual_nav_ws/install/visual_navigation_interfaces/share/visual_navigation_interfaces/environment/ament_prefix_path.dsv
[1.968s] -- Up-to-date: /home/menna/visual_nav_ws/install/visual_navigation_interfaces/share/visual_navigation_interfaces/environment/path.sh
[1.968s] -- Up-to-date: /home/menna/visual_nav_ws/install/visual_navigation_interfaces/share/visual_navigation_interfaces/environment/path.dsv
[1.969s] -- Up-to-date: /home/menna/visual_nav_ws/install/visual_navigation_interfaces/share/visual_navigation_interfaces/local_setup.bash
[1.969s] -- Up-to-date: /home/menna/visual_nav_ws/install/visual_navigation_interfaces/share/visual_navigation_interfaces/local_setup.sh
[1.969s] -- Up-to-date: /home/menna/visual_nav_ws/install/visual_navigation_interfaces/share/visual_navigation_interfaces/local_setup.zsh
[1.970s] -- Up-to-date: /home/menna/visual_nav_ws/install/visual_navigation_interfaces/share/visual_navigation_interfaces/local_setup.dsv
[1.970s] -- Installing: /home/menna/visual_nav_ws/install/visual_navigation_interfaces/share/visual_navigation_interfaces/package.dsv
[1.970s] -- Up-to-date: /home/menna/visual_nav_ws/install/visual_navigation_interfaces/share/ament_index/resource_index/packages/visual_navigation_interfaces
[1.970s] -- Up-to-date: /home/menna/visual_nav_ws/install/visual_navigation_interfaces/share/visual_navigation_interfaces/cmake/export_visual_navigation_interfaces__rosidl_generator_cExport.cmake
[1.971s] -- Up-to-date: /home/menna/visual_nav_ws/install/visual_navigation_interfaces/share/visual_navigation_interfaces/cmake/export_visual_navigation_interfaces__rosidl_generator_cExport-noconfig.cmake
[1.971s] -- Up-to-date: /home/menna/visual_nav_ws/install/visual_navigation_interfaces/share/visual_navigation_interfaces/cmake/export_visual_navigation_interfaces__rosidl_typesupport_fastrtps_cExport.cmake
[1.971s] -- Up-to-date: /home/menna/visual_nav_ws/install/visual_navigation_interfaces/share/visual_navigation_interfaces/cmake/export_visual_navigation_interfaces__rosidl_typesupport_fastrtps_cExport-noconfig.cmake
[1.972s] -- Up-to-date: /home/menna/visual_nav_ws/install/visual_navigation_interfaces/share/visual_navigation_interfaces/cmake/visual_navigation_interfaces__rosidl_typesupport_introspection_cExport.cmake
[1.972s] -- Up-to-date: /home/menna/visual_nav_ws/install/visual_navigation_interfaces/share/visual_navigation_interfaces/cmake/visual_navigation_interfaces__rosidl_typesupport_introspection_cExport-noconfig.cmake
[1.972s] -- Up-to-date: /home/menna/visual_nav_ws/install/visual_navigation_interfaces/share/visual_navigation_interfaces/cmake/visual_navigation_interfaces__rosidl_typesupport_cExport.cmake
[1.972s] -- Up-to-date: /home/menna/visual_nav_ws/install/visual_navigation_interfaces/share/visual_navigation_interfaces/cmake/visual_navigation_interfaces__rosidl_typesupport_cExport-noconfig.cmake
[1.972s] -- Up-to-date: /home/menna/visual_nav_ws/install/visual_navigation_interfaces/share/visual_navigation_interfaces/cmake/export_visual_navigation_interfaces__rosidl_generator_cppExport.cmake
[1.973s] -- Up-to-date: /home/menna/visual_nav_ws/install/visual_navigation_interfaces/share/visual_navigation_interfaces/cmake/export_visual_navigation_interfaces__rosidl_typesupport_fastrtps_cppExport.cmake
[1.973s] -- Up-to-date: /home/menna/visual_nav_ws/install/visual_navigation_interfaces/share/visual_navigation_interfaces/cmake/export_visual_navigation_interfaces__rosidl_typesupport_fastrtps_cppExport-noconfig.cmake
[1.973s] -- Up-to-date: /home/menna/visual_nav_ws/install/visual_navigation_interfaces/share/visual_navigation_interfaces/cmake/visual_navigation_interfaces__rosidl_typesupport_introspection_cppExport.cmake
[1.973s] -- Up-to-date: /home/menna/visual_nav_ws/install/visual_navigation_interfaces/share/visual_navigation_interfaces/cmake/visual_navigation_interfaces__rosidl_typesupport_introspection_cppExport-noconfig.cmake
[1.974s] -- Up-to-date: /home/menna/visual_nav_ws/install/visual_navigation_interfaces/share/visual_navigation_interfaces/cmake/visual_navigation_interfaces__rosidl_typesupport_cppExport.cmake
[1.974s] -- Up-to-date: /home/menna/visual_nav_ws/install/visual_navigation_interfaces/share/visual_navigation_interfaces/cmake/visual_navigation_interfaces__rosidl_typesupport_cppExport-noconfig.cmake
[1.974s] -- Up-to-date: /home/menna/visual_nav_ws/install/visual_navigation_interfaces/share/visual_navigation_interfaces/cmake/export_visual_navigation_interfaces__rosidl_generator_pyExport.cmake
[1.975s] -- Up-to-date: /home/menna/visual_nav_ws/install/visual_navigation_interfaces/share/visual_navigation_interfaces/cmake/export_visual_navigation_interfaces__rosidl_generator_pyExport-noconfig.cmake
[1.976s] -- Up-to-date: /home/menna/visual_nav_ws/install/visual_navigation_interfaces/share/visual_navigation_interfaces/cmake/rosidl_cmake-extras.cmake
[1.976s] -- Up-to-date: /home/menna/visual_nav_ws/install/visual_navigation_interfaces/share/visual_navigation_interfaces/cmake/ament_cmake_export_dependencies-extras.cmake
[1.976s] -- Up-to-date: /home/menna/visual_nav_ws/install/visual_navigation_interfaces/share/visual_navigation_interfaces/cmake/ament_cmake_export_include_directories-extras.cmake
[1.977s] -- Up-to-date: /home/menna/visual_nav_ws/install/visual_navigation_interfaces/share/visual_navigation_interfaces/cmake/ament_cmake_export_libraries-extras.cmake
[1.977s] -- Up-to-date: /home/menna/visual_nav_ws/install/visual_navigation_interfaces/share/visual_navigation_interfaces/cmake/ament_cmake_export_targets-extras.cmake
[1.977s] -- Up-to-date: /home/menna/visual_nav_ws/install/visual_navigation_interfaces/share/visual_navigation_interfaces/cmake/rosidl_cmake_export_typesupport_targets-extras.cmake
[1.978s] -- Up-to-date: /home/menna/visual_nav_ws/install/visual_navigation_interfaces/share/visual_navigation_interfaces/cmake/rosidl_cmake_export_typesupport_libraries-extras.cmake
[1.978s] -- Up-to-date: /home/menna/visual_nav_ws/install/visual_navigation_interfaces/share/visual_navigation_interfaces/cmake/visual_navigation_interfacesConfig.cmake
[1.978s] -- Up-to-date: /home/menna/visual_nav_ws/install/visual_navigation_interfaces/share/visual_navigation_interfaces/cmake/visual_navigation_interfacesConfig-version.cmake
[1.978s] -- Up-to-date: /home/menna/visual_nav_ws/install/visual_navigation_interfaces/share/visual_navigation_interfaces/package.xml
[1.979s] Invoked command in '/home/menna/visual_nav_ws/build/visual_navigation_interfaces' returned '0': CMAKE_PREFIX_PATH=${CMAKE_PREFIX_PATH}:/home/menna/visual_nav_ws/install/visual_navigation:/opt/ros/jazzy DEBUGINFOD_URLS=https://debuginfod.ubuntu.com PS1=${debian_chroot:+($debian_chroot)}\[\033[01;32m\]\u@\h\[\033[00m\]:\[\033[01;34m\]\w\[\033[00m\]\$ VIRTUAL_ENV_PROMPT=(venv-ardupilot) /usr/bin/cmake --install /home/menna/visual_nav_ws/build/visual_navigation_interfaces
