[1.541s] Invoking command in '/home/menna/visual_nav_ws/visual_navigation': DEBUGINFOD_URLS=https://debuginfod.ubuntu.com PS1=${debian_chroot:+($debian_chroot)}\[\033[01;32m\]\u@\h\[\033[00m\]:\[\033[01;34m\]\w\[\033[00m\]\$ PYTHONPATH=/home/menna/visual_nav_ws/build/visual_navigation/prefix_override:/usr/lib/python3/dist-packages/colcon_core/task/python/colcon_distutils_commands:/home/menna/visual_nav_ws/install/visual_navigation/lib/python3.12/site-packages:${PYTHONPATH} VIRTUAL_ENV_PROMPT=(venv-ardupilot) /usr/bin/python3 -W ignore:setup.py install is deprecated -W ignore:easy_install command is deprecated setup.py egg_info --egg-base ../build/visual_navigation build --build-base /home/menna/visual_nav_ws/build/visual_navigation/build install --record /home/menna/visual_nav_ws/build/visual_navigation/install.log --single-version-externally-managed install_data
[2.045s] running egg_info
[2.045s] creating ../build/visual_navigation/visual_navigation.egg-info
[2.086s] writing ../build/visual_navigation/visual_navigation.egg-info/PKG-INFO
[2.086s] writing dependency_links to ../build/visual_navigation/visual_navigation.egg-info/dependency_links.txt
[2.086s] writing entry points to ../build/visual_navigation/visual_navigation.egg-info/entry_points.txt
[2.087s] writing requirements to ../build/visual_navigation/visual_navigation.egg-info/requires.txt
[2.087s] writing top-level names to ../build/visual_navigation/visual_navigation.egg-info/top_level.txt
[2.087s] writing manifest file '../build/visual_navigation/visual_navigation.egg-info/SOURCES.txt'
[2.170s] reading manifest file '../build/visual_navigation/visual_navigation.egg-info/SOURCES.txt'
[2.171s] writing manifest file '../build/visual_navigation/visual_navigation.egg-info/SOURCES.txt'
[2.171s] running build
[2.171s] running build_py
[2.172s] creating /home/menna/visual_nav_ws/build/visual_navigation/build
[2.172s] creating /home/menna/visual_nav_ws/build/visual_navigation/build/lib
[2.172s] creating /home/menna/visual_nav_ws/build/visual_navigation/build/lib/visual_navigation
[2.172s] copying visual_navigation/action_node.py -> /home/menna/visual_nav_ws/build/visual_navigation/build/lib/visual_navigation
[2.172s] copying visual_navigation/camera_node.py -> /home/menna/visual_nav_ws/build/visual_navigation/build/lib/visual_navigation
[2.172s] copying visual_navigation/__init__.py -> /home/menna/visual_nav_ws/build/visual_navigation/build/lib/visual_navigation
[2.173s] copying visual_navigation/roi_node.py -> /home/menna/visual_nav_ws/build/visual_navigation/build/lib/visual_navigation
[2.173s] copying visual_navigation/vo_node.py -> /home/menna/visual_nav_ws/build/visual_navigation/build/lib/visual_navigation
[2.173s] copying visual_navigation/object_node.py -> /home/menna/visual_nav_ws/build/visual_navigation/build/lib/visual_navigation
[2.173s] copying visual_navigation/motion_node.py -> /home/menna/visual_nav_ws/build/visual_navigation/build/lib/visual_navigation
[2.174s] copying visual_navigation/depth_node.py -> /home/menna/visual_nav_ws/build/visual_navigation/build/lib/visual_navigation
[2.174s] copying visual_navigation/navigation_node.py -> /home/menna/visual_nav_ws/build/visual_navigation/build/lib/visual_navigation
[2.174s] running install
[2.183s] running install_lib
[2.225s] creating /home/menna/visual_nav_ws/install/visual_navigation/lib/python3.12/site-packages/visual_navigation
[2.225s] copying /home/menna/visual_nav_ws/build/visual_navigation/build/lib/visual_navigation/action_node.py -> /home/menna/visual_nav_ws/install/visual_navigation/lib/python3.12/site-packages/visual_navigation
[2.225s] copying /home/menna/visual_nav_ws/build/visual_navigation/build/lib/visual_navigation/camera_node.py -> /home/menna/visual_nav_ws/install/visual_navigation/lib/python3.12/site-packages/visual_navigation
[2.226s] copying /home/menna/visual_nav_ws/build/visual_navigation/build/lib/visual_navigation/__init__.py -> /home/menna/visual_nav_ws/install/visual_navigation/lib/python3.12/site-packages/visual_navigation
[2.226s] copying /home/menna/visual_nav_ws/build/visual_navigation/build/lib/visual_navigation/roi_node.py -> /home/menna/visual_nav_ws/install/visual_navigation/lib/python3.12/site-packages/visual_navigation
[2.226s] copying /home/menna/visual_nav_ws/build/visual_navigation/build/lib/visual_navigation/vo_node.py -> /home/menna/visual_nav_ws/install/visual_navigation/lib/python3.12/site-packages/visual_navigation
[2.226s] copying /home/menna/visual_nav_ws/build/visual_navigation/build/lib/visual_navigation/object_node.py -> /home/menna/visual_nav_ws/install/visual_navigation/lib/python3.12/site-packages/visual_navigation
[2.226s] copying /home/menna/visual_nav_ws/build/visual_navigation/build/lib/visual_navigation/motion_node.py -> /home/menna/visual_nav_ws/install/visual_navigation/lib/python3.12/site-packages/visual_navigation
[2.226s] copying /home/menna/visual_nav_ws/build/visual_navigation/build/lib/visual_navigation/depth_node.py -> /home/menna/visual_nav_ws/install/visual_navigation/lib/python3.12/site-packages/visual_navigation
[2.227s] copying /home/menna/visual_nav_ws/build/visual_navigation/build/lib/visual_navigation/navigation_node.py -> /home/menna/visual_nav_ws/install/visual_navigation/lib/python3.12/site-packages/visual_navigation
[2.227s] byte-compiling /home/menna/visual_nav_ws/install/visual_navigation/lib/python3.12/site-packages/visual_navigation/action_node.py to action_node.cpython-312.pyc
[2.229s] byte-compiling /home/menna/visual_nav_ws/install/visual_navigation/lib/python3.12/site-packages/visual_navigation/camera_node.py to camera_node.cpython-312.pyc
[2.230s] byte-compiling /home/menna/visual_nav_ws/install/visual_navigation/lib/python3.12/site-packages/visual_navigation/__init__.py to __init__.cpython-312.pyc
[2.230s] byte-compiling /home/menna/visual_nav_ws/install/visual_navigation/lib/python3.12/site-packages/visual_navigation/roi_node.py to roi_node.cpython-312.pyc
[2.232s] byte-compiling /home/menna/visual_nav_ws/install/visual_navigation/lib/python3.12/site-packages/visual_navigation/vo_node.py to vo_node.cpython-312.pyc
[2.234s] byte-compiling /home/menna/visual_nav_ws/install/visual_navigation/lib/python3.12/site-packages/visual_navigation/object_node.py to object_node.cpython-312.pyc
[2.235s] byte-compiling /home/menna/visual_nav_ws/install/visual_navigation/lib/python3.12/site-packages/visual_navigation/motion_node.py to motion_node.cpython-312.pyc
[2.237s] byte-compiling /home/menna/visual_nav_ws/install/visual_navigation/lib/python3.12/site-packages/visual_navigation/depth_node.py to depth_node.cpython-312.pyc
[2.239s] byte-compiling /home/menna/visual_nav_ws/install/visual_navigation/lib/python3.12/site-packages/visual_navigation/navigation_node.py to navigation_node.cpython-312.pyc
[2.240s] running install_data
[2.241s] creating /home/menna/visual_nav_ws/install/visual_navigation/share/ament_index
[2.241s] creating /home/menna/visual_nav_ws/install/visual_navigation/share/ament_index/resource_index
[2.241s] creating /home/menna/visual_nav_ws/install/visual_navigation/share/ament_index/resource_index/packages
[2.242s] copying resource/visual_navigation -> /home/menna/visual_nav_ws/install/visual_navigation/share/ament_index/resource_index/packages
[2.242s] copying package.xml -> /home/menna/visual_nav_ws/install/visual_navigation/share/visual_navigation
[2.242s] creating /home/menna/visual_nav_ws/install/visual_navigation/share/visual_navigation/launch
[2.242s] creating /home/menna/visual_nav_ws/install/visual_navigation/share/visual_navigation/models
[2.243s] copying models/depth_anything_v2_vits.pth -> /home/menna/visual_nav_ws/install/visual_navigation/share/visual_navigation/models
[2.243s] running install_egg_info
[2.286s] Copying ../build/visual_navigation/visual_navigation.egg-info to /home/menna/visual_nav_ws/install/visual_navigation/lib/python3.12/site-packages/visual_navigation-0.0.0-py3.12.egg-info
[2.288s] running install_scripts
[2.549s] Installing action_node script to /home/menna/visual_nav_ws/install/visual_navigation/lib/visual_navigation
[2.549s] Installing camera_node script to /home/menna/visual_nav_ws/install/visual_navigation/lib/visual_navigation
[2.550s] Installing depth_node script to /home/menna/visual_nav_ws/install/visual_navigation/lib/visual_navigation
[2.550s] Installing motion_node script to /home/menna/visual_nav_ws/install/visual_navigation/lib/visual_navigation
[2.550s] Installing navigation_node script to /home/menna/visual_nav_ws/install/visual_navigation/lib/visual_navigation
[2.550s] Installing object_node script to /home/menna/visual_nav_ws/install/visual_navigation/lib/visual_navigation
[2.551s] Installing roi_node script to /home/menna/visual_nav_ws/install/visual_navigation/lib/visual_navigation
[2.551s] Installing vo_node script to /home/menna/visual_nav_ws/install/visual_navigation/lib/visual_navigation
[2.551s] writing list of installed files to '/home/menna/visual_nav_ws/build/visual_navigation/install.log'
[2.597s] Invoked command in '/home/menna/visual_nav_ws/visual_navigation' returned '0': DEBUGINFOD_URLS=https://debuginfod.ubuntu.com PS1=${debian_chroot:+($debian_chroot)}\[\033[01;32m\]\u@\h\[\033[00m\]:\[\033[01;34m\]\w\[\033[00m\]\$ PYTHONPATH=/home/menna/visual_nav_ws/build/visual_navigation/prefix_override:/usr/lib/python3/dist-packages/colcon_core/task/python/colcon_distutils_commands:/home/menna/visual_nav_ws/install/visual_navigation/lib/python3.12/site-packages:${PYTHONPATH} VIRTUAL_ENV_PROMPT=(venv-ardupilot) /usr/bin/python3 -W ignore:setup.py install is deprecated -W ignore:easy_install command is deprecated setup.py egg_info --egg-base ../build/visual_navigation build --build-base /home/menna/visual_nav_ws/build/visual_navigation/build install --record /home/menna/visual_nav_ws/build/visual_navigation/install.log --single-version-externally-managed install_data
