[0.306s] DEBUG:colcon:Command line arguments: ['/usr/bin/colcon', 'build']
[0.306s] DEBUG:colcon:Parsed command line arguments: Namespace(log_base=None, log_level=None, verb_name='build', build_base='build', install_base='install', merge_install=False, symlink_install=False, test_result_base=None, continue_on_error=False, executor='parallel', parallel_workers=8, event_handlers=None, ignore_user_meta=False, metas=['./colcon.meta'], base_paths=['.'], packages_ignore=None, packages_ignore_regex=None, paths=None, packages_up_to=None, packages_up_to_regex=None, packages_above=None, packages_above_and_dependencies=None, packages_above_depth=None, packages_select_by_dep=None, packages_skip_by_dep=None, packages_skip_up_to=None, packages_select_build_failed=False, packages_skip_build_finished=False, packages_select_test_failures=False, packages_skip_test_passed=False, packages_select=None, packages_skip=None, packages_select_regex=None, packages_skip_regex=None, packages_start=None, packages_end=None, allow_overriding=[], cmake_args=None, cmake_target=None, cmake_target_skip_unavailable=False, cmake_clean_cache=False, cmake_clean_first=False, cmake_force_configure=False, ament_cmake_args=None, catkin_cmake_args=None, catkin_skip_building_tests=False, mixin_files=None, mixin=None, verb_parser=<colcon_mixin.mixin.mixin_argument.MixinArgumentDecorator object at 0x78c99f2ac4a0>, verb_extension=<colcon_core.verb.build.BuildVerb object at 0x78c99fd1e570>, main=<bound method BuildVerb.main of <colcon_core.verb.build.BuildVerb object at 0x78c99fd1e570>>, mixin_verb=('build',))
[0.415s] Level 1:colcon.colcon_core.package_discovery:discover_packages(colcon_meta) check parameters
[0.415s] Level 1:colcon.colcon_core.package_discovery:discover_packages(recursive) check parameters
[0.415s] Level 1:colcon.colcon_core.package_discovery:discover_packages(ignore) check parameters
[0.415s] Level 1:colcon.colcon_core.package_discovery:discover_packages(path) check parameters
[0.415s] Level 1:colcon.colcon_core.package_discovery:discover_packages(colcon_meta) discover
[0.415s] Level 1:colcon.colcon_core.package_discovery:discover_packages(recursive) discover
[0.415s] INFO:colcon.colcon_core.package_discovery:Crawling recursively for packages in '/home/menna/visual_nav_ws'
[0.416s] Level 1:colcon.colcon_core.package_identification:_identify(.) by extensions ['ignore', 'ignore_ament_install']
[0.416s] Level 1:colcon.colcon_core.package_identification:_identify(.) by extension 'ignore'
[0.416s] Level 1:colcon.colcon_core.package_identification:_identify(.) by extension 'ignore_ament_install'
[0.416s] Level 1:colcon.colcon_core.package_identification:_identify(.) by extensions ['colcon_pkg']
[0.416s] Level 1:colcon.colcon_core.package_identification:_identify(.) by extension 'colcon_pkg'
[0.416s] Level 1:colcon.colcon_core.package_identification:_identify(.) by extensions ['colcon_meta']
[0.417s] Level 1:colcon.colcon_core.package_identification:_identify(.) by extension 'colcon_meta'
[0.417s] Level 1:colcon.colcon_core.package_identification:_identify(.) by extensions ['ros']
[0.417s] Level 1:colcon.colcon_core.package_identification:_identify(.) by extension 'ros'
[0.478s] Level 1:colcon.colcon_core.package_identification:_identify(.) by extensions ['cmake', 'python']
[0.479s] Level 1:colcon.colcon_core.package_identification:_identify(.) by extension 'cmake'
[0.479s] Level 1:colcon.colcon_core.package_identification:_identify(.) by extension 'python'
[0.479s] Level 1:colcon.colcon_core.package_identification:_identify(.) by extensions ['python_setup_py']
[0.479s] Level 1:colcon.colcon_core.package_identification:_identify(.) by extension 'python_setup_py'
[0.479s] Level 1:colcon.colcon_core.package_identification:_identify(build) by extensions ['ignore', 'ignore_ament_install']
[0.479s] Level 1:colcon.colcon_core.package_identification:_identify(build) by extension 'ignore'
[0.479s] Level 1:colcon.colcon_core.package_identification:_identify(build) ignored
[0.480s] Level 1:colcon.colcon_core.package_identification:_identify(install) by extensions ['ignore', 'ignore_ament_install']
[0.480s] Level 1:colcon.colcon_core.package_identification:_identify(install) by extension 'ignore'
[0.480s] Level 1:colcon.colcon_core.package_identification:_identify(install) ignored
[0.480s] Level 1:colcon.colcon_core.package_identification:_identify(log) by extensions ['ignore', 'ignore_ament_install']
[0.480s] Level 1:colcon.colcon_core.package_identification:_identify(log) by extension 'ignore'
[0.480s] Level 1:colcon.colcon_core.package_identification:_identify(log) ignored
[0.480s] Level 1:colcon.colcon_core.package_identification:_identify(visual_navigation) by extensions ['ignore', 'ignore_ament_install']
[0.481s] Level 1:colcon.colcon_core.package_identification:_identify(visual_navigation) by extension 'ignore'
[0.481s] Level 1:colcon.colcon_core.package_identification:_identify(visual_navigation) by extension 'ignore_ament_install'
[0.481s] Level 1:colcon.colcon_core.package_identification:_identify(visual_navigation) by extensions ['colcon_pkg']
[0.481s] Level 1:colcon.colcon_core.package_identification:_identify(visual_navigation) by extension 'colcon_pkg'
[0.481s] Level 1:colcon.colcon_core.package_identification:_identify(visual_navigation) by extensions ['colcon_meta']
[0.481s] Level 1:colcon.colcon_core.package_identification:_identify(visual_navigation) by extension 'colcon_meta'
[0.481s] Level 1:colcon.colcon_core.package_identification:_identify(visual_navigation) by extensions ['ros']
[0.481s] Level 1:colcon.colcon_core.package_identification:_identify(visual_navigation) by extension 'ros'
[0.487s] DEBUG:colcon.colcon_core.package_identification:Package 'visual_navigation' with type 'ros.ament_python' and name 'visual_navigation'
[0.488s] Level 1:colcon.colcon_core.package_identification:_identify(visual_navigation_interfaces) by extensions ['ignore', 'ignore_ament_install']
[0.488s] Level 1:colcon.colcon_core.package_identification:_identify(visual_navigation_interfaces) by extension 'ignore'
[0.488s] Level 1:colcon.colcon_core.package_identification:_identify(visual_navigation_interfaces) by extension 'ignore_ament_install'
[0.488s] Level 1:colcon.colcon_core.package_identification:_identify(visual_navigation_interfaces) by extensions ['colcon_pkg']
[0.488s] Level 1:colcon.colcon_core.package_identification:_identify(visual_navigation_interfaces) by extension 'colcon_pkg'
[0.488s] Level 1:colcon.colcon_core.package_identification:_identify(visual_navigation_interfaces) by extensions ['colcon_meta']
[0.488s] Level 1:colcon.colcon_core.package_identification:_identify(visual_navigation_interfaces) by extension 'colcon_meta'
[0.488s] Level 1:colcon.colcon_core.package_identification:_identify(visual_navigation_interfaces) by extensions ['ros']
[0.488s] Level 1:colcon.colcon_core.package_identification:_identify(visual_navigation_interfaces) by extension 'ros'
[0.490s] DEBUG:colcon.colcon_core.package_identification:Package 'visual_navigation_interfaces' with type 'ros.ament_cmake' and name 'visual_navigation_interfaces'
[0.490s] Level 1:colcon.colcon_core.package_discovery:discover_packages(recursive) using defaults
[0.490s] Level 1:colcon.colcon_core.package_discovery:discover_packages(ignore) discover
[0.490s] Level 1:colcon.colcon_core.package_discovery:discover_packages(ignore) using defaults
[0.490s] Level 1:colcon.colcon_core.package_discovery:discover_packages(path) discover
[0.490s] Level 1:colcon.colcon_core.package_discovery:discover_packages(path) using defaults
[0.529s] Level 1:colcon.colcon_core.package_discovery:discover_packages(prefix_path) check parameters
[0.529s] Level 1:colcon.colcon_core.package_discovery:discover_packages(prefix_path) discover
[0.533s] DEBUG:colcon.colcon_installed_package_information.package_discovery:Found 2 installed packages in /home/menna/visual_nav_ws/install
[0.534s] DEBUG:colcon.colcon_installed_package_information.package_discovery:Found 1 installed packages in /home/menna/gz_ws/install
[0.540s] DEBUG:colcon.colcon_installed_package_information.package_discovery:Found 325 installed packages in /opt/ros/jazzy
[0.546s] Level 1:colcon.colcon_core.package_discovery:discover_packages(prefix_path) using defaults
[0.738s] Level 5:colcon.colcon_core.verb:set package 'visual_navigation' build argument 'cmake_args' from command line to 'None'
[0.738s] Level 5:colcon.colcon_core.verb:set package 'visual_navigation' build argument 'cmake_target' from command line to 'None'
[0.738s] Level 5:colcon.colcon_core.verb:set package 'visual_navigation' build argument 'cmake_target_skip_unavailable' from command line to 'False'
[0.738s] Level 5:colcon.colcon_core.verb:set package 'visual_navigation' build argument 'cmake_clean_cache' from command line to 'False'
[0.738s] Level 5:colcon.colcon_core.verb:set package 'visual_navigation' build argument 'cmake_clean_first' from command line to 'False'
[0.738s] Level 5:colcon.colcon_core.verb:set package 'visual_navigation' build argument 'cmake_force_configure' from command line to 'False'
[0.738s] Level 5:colcon.colcon_core.verb:set package 'visual_navigation' build argument 'ament_cmake_args' from command line to 'None'
[0.738s] Level 5:colcon.colcon_core.verb:set package 'visual_navigation' build argument 'catkin_cmake_args' from command line to 'None'
[0.738s] Level 5:colcon.colcon_core.verb:set package 'visual_navigation' build argument 'catkin_skip_building_tests' from command line to 'False'
[0.739s] DEBUG:colcon.colcon_core.verb:Building package 'visual_navigation' with the following arguments: {'ament_cmake_args': None, 'build_base': '/home/menna/visual_nav_ws/build/visual_navigation', 'catkin_cmake_args': None, 'catkin_skip_building_tests': False, 'cmake_args': None, 'cmake_clean_cache': False, 'cmake_clean_first': False, 'cmake_force_configure': False, 'cmake_target': None, 'cmake_target_skip_unavailable': False, 'install_base': '/home/menna/visual_nav_ws/install/visual_navigation', 'merge_install': False, 'path': '/home/menna/visual_nav_ws/visual_navigation', 'symlink_install': False, 'test_result_base': None}
[0.739s] Level 5:colcon.colcon_core.verb:set package 'visual_navigation_interfaces' build argument 'cmake_args' from command line to 'None'
[0.739s] Level 5:colcon.colcon_core.verb:set package 'visual_navigation_interfaces' build argument 'cmake_target' from command line to 'None'
[0.739s] Level 5:colcon.colcon_core.verb:set package 'visual_navigation_interfaces' build argument 'cmake_target_skip_unavailable' from command line to 'False'
[0.739s] Level 5:colcon.colcon_core.verb:set package 'visual_navigation_interfaces' build argument 'cmake_clean_cache' from command line to 'False'
[0.739s] Level 5:colcon.colcon_core.verb:set package 'visual_navigation_interfaces' build argument 'cmake_clean_first' from command line to 'False'
[0.739s] Level 5:colcon.colcon_core.verb:set package 'visual_navigation_interfaces' build argument 'cmake_force_configure' from command line to 'False'
[0.739s] Level 5:colcon.colcon_core.verb:set package 'visual_navigation_interfaces' build argument 'ament_cmake_args' from command line to 'None'
[0.740s] Level 5:colcon.colcon_core.verb:set package 'visual_navigation_interfaces' build argument 'catkin_cmake_args' from command line to 'None'
[0.740s] Level 5:colcon.colcon_core.verb:set package 'visual_navigation_interfaces' build argument 'catkin_skip_building_tests' from command line to 'False'
[0.740s] DEBUG:colcon.colcon_core.verb:Building package 'visual_navigation_interfaces' with the following arguments: {'ament_cmake_args': None, 'build_base': '/home/menna/visual_nav_ws/build/visual_navigation_interfaces', 'catkin_cmake_args': None, 'catkin_skip_building_tests': False, 'cmake_args': None, 'cmake_clean_cache': False, 'cmake_clean_first': False, 'cmake_force_configure': False, 'cmake_target': None, 'cmake_target_skip_unavailable': False, 'install_base': '/home/menna/visual_nav_ws/install/visual_navigation_interfaces', 'merge_install': False, 'path': '/home/menna/visual_nav_ws/visual_navigation_interfaces', 'symlink_install': False, 'test_result_base': None}
[0.740s] INFO:colcon.colcon_core.executor:Executing jobs using 'parallel' executor
[0.742s] DEBUG:colcon.colcon_parallel_executor.executor.parallel:run_until_complete
[0.742s] INFO:colcon.colcon_ros.task.ament_python.build:Building ROS package in '/home/menna/visual_nav_ws/visual_navigation' with build type 'ament_python'
[0.742s] Level 1:colcon.colcon_core.shell:create_environment_hook('visual_navigation', 'ament_prefix_path')
[0.748s] INFO:colcon.colcon_core.plugin_system:Skipping extension 'colcon_core.shell.bat': Not used on non-Windows systems
[0.749s] INFO:colcon.colcon_core.shell:Creating environment hook '/home/menna/visual_nav_ws/install/visual_navigation/share/visual_navigation/hook/ament_prefix_path.ps1'
[0.750s] INFO:colcon.colcon_core.shell:Creating environment descriptor '/home/menna/visual_nav_ws/install/visual_navigation/share/visual_navigation/hook/ament_prefix_path.dsv'
[0.751s] INFO:colcon.colcon_core.shell:Creating environment hook '/home/menna/visual_nav_ws/install/visual_navigation/share/visual_navigation/hook/ament_prefix_path.sh'
[0.753s] INFO:colcon.colcon_core.shell:Skip shell extension 'powershell' for command environment: Not usable outside of PowerShell
[0.753s] DEBUG:colcon.colcon_core.shell:Skip shell extension 'dsv' for command environment
[0.764s] INFO:colcon.colcon_ros.task.ament_cmake.build:Building ROS package in '/home/menna/visual_nav_ws/visual_navigation_interfaces' with build type 'ament_cmake'
[0.765s] INFO:colcon.colcon_cmake.task.cmake.build:Building CMake package in '/home/menna/visual_nav_ws/visual_navigation_interfaces'
[0.765s] INFO:colcon.colcon_core.shell:Skip shell extension 'powershell' for command environment: Not usable outside of PowerShell
[0.765s] DEBUG:colcon.colcon_core.shell:Skip shell extension 'dsv' for command environment
[1.406s] INFO:colcon.colcon_core.task.python.build:Building Python package in '/home/menna/visual_nav_ws/visual_navigation'
[1.406s] INFO:colcon.colcon_core.shell:Skip shell extension 'powershell' for command environment: Not usable outside of PowerShell
[1.406s] DEBUG:colcon.colcon_core.shell:Skip shell extension 'dsv' for command environment
[1.427s] DEBUG:colcon.colcon_core.event_handler.log_command:Invoking command in '/home/menna/visual_nav_ws/build/visual_navigation_interfaces': CMAKE_PREFIX_PATH=${CMAKE_PREFIX_PATH}:/home/menna/visual_nav_ws/install/visual_navigation:/opt/ros/jazzy DEBUGINFOD_URLS=https://debuginfod.ubuntu.com PS1=${debian_chroot:+($debian_chroot)}\[\033[01;32m\]\u@\h\[\033[00m\]:\[\033[01;34m\]\w\[\033[00m\]\$ VIRTUAL_ENV_PROMPT=(venv-ardupilot) /usr/bin/cmake --build /home/menna/visual_nav_ws/build/visual_navigation_interfaces -- -j8 -l8
[2.967s] DEBUG:colcon.colcon_core.event_handler.log_command:Invoked command in '/home/menna/visual_nav_ws/build/visual_navigation_interfaces' returned '0': CMAKE_PREFIX_PATH=${CMAKE_PREFIX_PATH}:/home/menna/visual_nav_ws/install/visual_navigation:/opt/ros/jazzy DEBUGINFOD_URLS=https://debuginfod.ubuntu.com PS1=${debian_chroot:+($debian_chroot)}\[\033[01;32m\]\u@\h\[\033[00m\]:\[\033[01;34m\]\w\[\033[00m\]\$ VIRTUAL_ENV_PROMPT=(venv-ardupilot) /usr/bin/cmake --build /home/menna/visual_nav_ws/build/visual_navigation_interfaces -- -j8 -l8
[2.995s] DEBUG:colcon.colcon_core.event_handler.log_command:Invoking command in '/home/menna/visual_nav_ws/build/visual_navigation_interfaces': CMAKE_PREFIX_PATH=${CMAKE_PREFIX_PATH}:/home/menna/visual_nav_ws/install/visual_navigation:/opt/ros/jazzy DEBUGINFOD_URLS=https://debuginfod.ubuntu.com PS1=${debian_chroot:+($debian_chroot)}\[\033[01;32m\]\u@\h\[\033[00m\]:\[\033[01;34m\]\w\[\033[00m\]\$ VIRTUAL_ENV_PROMPT=(venv-ardupilot) /usr/bin/cmake --install /home/menna/visual_nav_ws/build/visual_navigation_interfaces
[3.171s] Level 1:colcon.colcon_core.environment:create_environment_scripts_only(visual_navigation_interfaces)
[3.173s] DEBUG:colcon.colcon_core.event_handler.log_command:Invoked command in '/home/menna/visual_nav_ws/build/visual_navigation_interfaces' returned '0': CMAKE_PREFIX_PATH=${CMAKE_PREFIX_PATH}:/home/menna/visual_nav_ws/install/visual_navigation:/opt/ros/jazzy DEBUGINFOD_URLS=https://debuginfod.ubuntu.com PS1=${debian_chroot:+($debian_chroot)}\[\033[01;32m\]\u@\h\[\033[00m\]:\[\033[01;34m\]\w\[\033[00m\]\$ VIRTUAL_ENV_PROMPT=(venv-ardupilot) /usr/bin/cmake --install /home/menna/visual_nav_ws/build/visual_navigation_interfaces
[3.181s] Level 1:colcon.colcon_core.environment:checking '/home/menna/visual_nav_ws/install/visual_navigation_interfaces' for CMake module files
[3.183s] Level 1:colcon.colcon_core.environment:checking '/home/menna/visual_nav_ws/install/visual_navigation_interfaces' for CMake config files
[3.185s] Level 1:colcon.colcon_core.shell:create_environment_hook('visual_navigation_interfaces', 'cmake_prefix_path')
[3.186s] INFO:colcon.colcon_core.shell:Creating environment hook '/home/menna/visual_nav_ws/install/visual_navigation_interfaces/share/visual_navigation_interfaces/hook/cmake_prefix_path.ps1'
[3.187s] INFO:colcon.colcon_core.shell:Creating environment descriptor '/home/menna/visual_nav_ws/install/visual_navigation_interfaces/share/visual_navigation_interfaces/hook/cmake_prefix_path.dsv'
[3.189s] INFO:colcon.colcon_core.shell:Creating environment hook '/home/menna/visual_nav_ws/install/visual_navigation_interfaces/share/visual_navigation_interfaces/hook/cmake_prefix_path.sh'
[3.191s] Level 1:colcon.colcon_core.environment:checking '/home/menna/visual_nav_ws/install/visual_navigation_interfaces/lib'
[3.192s] Level 1:colcon.colcon_core.shell:create_environment_hook('visual_navigation_interfaces', 'ld_library_path_lib')
[3.192s] INFO:colcon.colcon_core.shell:Creating environment hook '/home/menna/visual_nav_ws/install/visual_navigation_interfaces/share/visual_navigation_interfaces/hook/ld_library_path_lib.ps1'
[3.193s] INFO:colcon.colcon_core.shell:Creating environment descriptor '/home/menna/visual_nav_ws/install/visual_navigation_interfaces/share/visual_navigation_interfaces/hook/ld_library_path_lib.dsv'
[3.194s] INFO:colcon.colcon_core.shell:Creating environment hook '/home/menna/visual_nav_ws/install/visual_navigation_interfaces/share/visual_navigation_interfaces/hook/ld_library_path_lib.sh'
[3.195s] Level 1:colcon.colcon_core.environment:checking '/home/menna/visual_nav_ws/install/visual_navigation_interfaces/bin'
[3.196s] Level 1:colcon.colcon_core.environment:checking '/home/menna/visual_nav_ws/install/visual_navigation_interfaces/lib/pkgconfig/visual_navigation_interfaces.pc'
[3.196s] Level 1:colcon.colcon_core.environment:checking '/home/menna/visual_nav_ws/install/visual_navigation_interfaces/lib/python3.12/site-packages'
[3.197s] Level 1:colcon.colcon_core.shell:create_environment_hook('visual_navigation_interfaces', 'pythonpath')
[3.197s] INFO:colcon.colcon_core.shell:Creating environment hook '/home/menna/visual_nav_ws/install/visual_navigation_interfaces/share/visual_navigation_interfaces/hook/pythonpath.ps1'
[3.198s] INFO:colcon.colcon_core.shell:Creating environment descriptor '/home/menna/visual_nav_ws/install/visual_navigation_interfaces/share/visual_navigation_interfaces/hook/pythonpath.dsv'
[3.199s] INFO:colcon.colcon_core.shell:Creating environment hook '/home/menna/visual_nav_ws/install/visual_navigation_interfaces/share/visual_navigation_interfaces/hook/pythonpath.sh'
[3.201s] Level 1:colcon.colcon_core.environment:checking '/home/menna/visual_nav_ws/install/visual_navigation_interfaces/bin'
[3.202s] INFO:colcon.colcon_core.shell:Creating package script '/home/menna/visual_nav_ws/install/visual_navigation_interfaces/share/visual_navigation_interfaces/package.ps1'
[3.204s] INFO:colcon.colcon_core.shell:Creating package descriptor '/home/menna/visual_nav_ws/install/visual_navigation_interfaces/share/visual_navigation_interfaces/package.dsv'
[3.206s] INFO:colcon.colcon_core.shell:Creating package script '/home/menna/visual_nav_ws/install/visual_navigation_interfaces/share/visual_navigation_interfaces/package.sh'
[3.210s] INFO:colcon.colcon_core.shell:Creating package script '/home/menna/visual_nav_ws/install/visual_navigation_interfaces/share/visual_navigation_interfaces/package.bash'
[3.212s] INFO:colcon.colcon_core.shell:Creating package script '/home/menna/visual_nav_ws/install/visual_navigation_interfaces/share/visual_navigation_interfaces/package.zsh'
[3.214s] Level 1:colcon.colcon_core.environment:create_file_with_runtime_dependencies(/home/menna/visual_nav_ws/install/visual_navigation_interfaces/share/colcon-core/packages/visual_navigation_interfaces)
[3.215s] Level 1:colcon.colcon_core.environment:create_environment_scripts_only(visual_navigation_interfaces)
[3.216s] Level 1:colcon.colcon_core.environment:checking '/home/menna/visual_nav_ws/install/visual_navigation_interfaces' for CMake module files
[3.218s] Level 1:colcon.colcon_core.environment:checking '/home/menna/visual_nav_ws/install/visual_navigation_interfaces' for CMake config files
[3.219s] Level 1:colcon.colcon_core.shell:create_environment_hook('visual_navigation_interfaces', 'cmake_prefix_path')
[3.219s] INFO:colcon.colcon_core.shell:Creating environment hook '/home/menna/visual_nav_ws/install/visual_navigation_interfaces/share/visual_navigation_interfaces/hook/cmake_prefix_path.ps1'
[3.220s] INFO:colcon.colcon_core.shell:Creating environment descriptor '/home/menna/visual_nav_ws/install/visual_navigation_interfaces/share/visual_navigation_interfaces/hook/cmake_prefix_path.dsv'
[3.221s] INFO:colcon.colcon_core.shell:Creating environment hook '/home/menna/visual_nav_ws/install/visual_navigation_interfaces/share/visual_navigation_interfaces/hook/cmake_prefix_path.sh'
[3.223s] Level 1:colcon.colcon_core.environment:checking '/home/menna/visual_nav_ws/install/visual_navigation_interfaces/lib'
[3.223s] Level 1:colcon.colcon_core.shell:create_environment_hook('visual_navigation_interfaces', 'ld_library_path_lib')
[3.223s] INFO:colcon.colcon_core.shell:Creating environment hook '/home/menna/visual_nav_ws/install/visual_navigation_interfaces/share/visual_navigation_interfaces/hook/ld_library_path_lib.ps1'
[3.224s] INFO:colcon.colcon_core.shell:Creating environment descriptor '/home/menna/visual_nav_ws/install/visual_navigation_interfaces/share/visual_navigation_interfaces/hook/ld_library_path_lib.dsv'
[3.225s] INFO:colcon.colcon_core.shell:Creating environment hook '/home/menna/visual_nav_ws/install/visual_navigation_interfaces/share/visual_navigation_interfaces/hook/ld_library_path_lib.sh'
[3.227s] Level 1:colcon.colcon_core.environment:checking '/home/menna/visual_nav_ws/install/visual_navigation_interfaces/bin'
[3.227s] Level 1:colcon.colcon_core.environment:checking '/home/menna/visual_nav_ws/install/visual_navigation_interfaces/lib/pkgconfig/visual_navigation_interfaces.pc'
[3.228s] Level 1:colcon.colcon_core.environment:checking '/home/menna/visual_nav_ws/install/visual_navigation_interfaces/lib/python3.12/site-packages'
[3.228s] Level 1:colcon.colcon_core.shell:create_environment_hook('visual_navigation_interfaces', 'pythonpath')
[3.229s] INFO:colcon.colcon_core.shell:Creating environment hook '/home/menna/visual_nav_ws/install/visual_navigation_interfaces/share/visual_navigation_interfaces/hook/pythonpath.ps1'
[3.230s] INFO:colcon.colcon_core.shell:Creating environment descriptor '/home/menna/visual_nav_ws/install/visual_navigation_interfaces/share/visual_navigation_interfaces/hook/pythonpath.dsv'
[3.231s] INFO:colcon.colcon_core.shell:Creating environment hook '/home/menna/visual_nav_ws/install/visual_navigation_interfaces/share/visual_navigation_interfaces/hook/pythonpath.sh'
[3.234s] Level 1:colcon.colcon_core.environment:checking '/home/menna/visual_nav_ws/install/visual_navigation_interfaces/bin'
[3.235s] INFO:colcon.colcon_core.shell:Creating package script '/home/menna/visual_nav_ws/install/visual_navigation_interfaces/share/visual_navigation_interfaces/package.ps1'
[3.237s] INFO:colcon.colcon_core.shell:Creating package descriptor '/home/menna/visual_nav_ws/install/visual_navigation_interfaces/share/visual_navigation_interfaces/package.dsv'
[3.239s] INFO:colcon.colcon_core.shell:Creating package script '/home/menna/visual_nav_ws/install/visual_navigation_interfaces/share/visual_navigation_interfaces/package.sh'
[3.240s] INFO:colcon.colcon_core.shell:Creating package script '/home/menna/visual_nav_ws/install/visual_navigation_interfaces/share/visual_navigation_interfaces/package.bash'
[3.241s] INFO:colcon.colcon_core.shell:Creating package script '/home/menna/visual_nav_ws/install/visual_navigation_interfaces/share/visual_navigation_interfaces/package.zsh'
[3.242s] Level 1:colcon.colcon_core.environment:create_file_with_runtime_dependencies(/home/menna/visual_nav_ws/install/visual_navigation_interfaces/share/colcon-core/packages/visual_navigation_interfaces)
[3.452s] DEBUG:colcon.colcon_core.event_handler.log_command:Invoking command in '/home/menna/visual_nav_ws/visual_navigation': DEBUGINFOD_URLS=https://debuginfod.ubuntu.com PS1=${debian_chroot:+($debian_chroot)}\[\033[01;32m\]\u@\h\[\033[00m\]:\[\033[01;34m\]\w\[\033[00m\]\$ PYTHONPATH=/home/menna/visual_nav_ws/build/visual_navigation/prefix_override:/usr/lib/python3/dist-packages/colcon_core/task/python/colcon_distutils_commands:/home/menna/visual_nav_ws/install/visual_navigation/lib/python3.12/site-packages:${PYTHONPATH} VIRTUAL_ENV_PROMPT=(venv-ardupilot) /usr/bin/python3 -W ignore:setup.py install is deprecated -W ignore:easy_install command is deprecated setup.py egg_info --egg-base ../build/visual_navigation build --build-base /home/menna/visual_nav_ws/build/visual_navigation/build install --record /home/menna/visual_nav_ws/build/visual_navigation/install.log --single-version-externally-managed install_data
[5.158s] Level 1:colcon.colcon_core.environment:checking '/home/menna/visual_nav_ws/install/visual_navigation' for CMake module files
[5.160s] DEBUG:colcon.colcon_core.event_handler.log_command:Invoked command in '/home/menna/visual_nav_ws/visual_navigation' returned '0': DEBUGINFOD_URLS=https://debuginfod.ubuntu.com PS1=${debian_chroot:+($debian_chroot)}\[\033[01;32m\]\u@\h\[\033[00m\]:\[\033[01;34m\]\w\[\033[00m\]\$ PYTHONPATH=/home/menna/visual_nav_ws/build/visual_navigation/prefix_override:/usr/lib/python3/dist-packages/colcon_core/task/python/colcon_distutils_commands:/home/menna/visual_nav_ws/install/visual_navigation/lib/python3.12/site-packages:${PYTHONPATH} VIRTUAL_ENV_PROMPT=(venv-ardupilot) /usr/bin/python3 -W ignore:setup.py install is deprecated -W ignore:easy_install command is deprecated setup.py egg_info --egg-base ../build/visual_navigation build --build-base /home/menna/visual_nav_ws/build/visual_navigation/build install --record /home/menna/visual_nav_ws/build/visual_navigation/install.log --single-version-externally-managed install_data
[5.161s] Level 1:colcon.colcon_core.environment:checking '/home/menna/visual_nav_ws/install/visual_navigation' for CMake config files
[5.163s] Level 1:colcon.colcon_core.environment:checking '/home/menna/visual_nav_ws/install/visual_navigation/lib'
[5.163s] Level 1:colcon.colcon_core.environment:checking '/home/menna/visual_nav_ws/install/visual_navigation/bin'
[5.163s] Level 1:colcon.colcon_core.environment:checking '/home/menna/visual_nav_ws/install/visual_navigation/lib/pkgconfig/visual_navigation.pc'
[5.164s] Level 1:colcon.colcon_core.environment:checking '/home/menna/visual_nav_ws/install/visual_navigation/lib/python3.12/site-packages'
[5.164s] Level 1:colcon.colcon_core.shell:create_environment_hook('visual_navigation', 'pythonpath')
[5.164s] INFO:colcon.colcon_core.shell:Creating environment hook '/home/menna/visual_nav_ws/install/visual_navigation/share/visual_navigation/hook/pythonpath.ps1'
[5.165s] INFO:colcon.colcon_core.shell:Creating environment descriptor '/home/menna/visual_nav_ws/install/visual_navigation/share/visual_navigation/hook/pythonpath.dsv'
[5.167s] INFO:colcon.colcon_core.shell:Creating environment hook '/home/menna/visual_nav_ws/install/visual_navigation/share/visual_navigation/hook/pythonpath.sh'
[5.169s] Level 1:colcon.colcon_core.environment:checking '/home/menna/visual_nav_ws/install/visual_navigation/bin'
[5.169s] Level 1:colcon.colcon_core.environment:create_environment_scripts_only(visual_navigation)
[5.170s] INFO:colcon.colcon_core.shell:Creating package script '/home/menna/visual_nav_ws/install/visual_navigation/share/visual_navigation/package.ps1'
[5.171s] INFO:colcon.colcon_core.shell:Creating package descriptor '/home/menna/visual_nav_ws/install/visual_navigation/share/visual_navigation/package.dsv'
[5.172s] INFO:colcon.colcon_core.shell:Creating package script '/home/menna/visual_nav_ws/install/visual_navigation/share/visual_navigation/package.sh'
[5.173s] INFO:colcon.colcon_core.shell:Creating package script '/home/menna/visual_nav_ws/install/visual_navigation/share/visual_navigation/package.bash'
[5.174s] INFO:colcon.colcon_core.shell:Creating package script '/home/menna/visual_nav_ws/install/visual_navigation/share/visual_navigation/package.zsh'
[5.175s] Level 1:colcon.colcon_core.environment:create_file_with_runtime_dependencies(/home/menna/visual_nav_ws/install/visual_navigation/share/colcon-core/packages/visual_navigation)
[5.176s] DEBUG:colcon.colcon_parallel_executor.executor.parallel:closing loop
[5.176s] DEBUG:colcon.colcon_parallel_executor.executor.parallel:loop closed
[5.177s] DEBUG:colcon.colcon_parallel_executor.executor.parallel:run_until_complete finished with '0'
[5.177s] DEBUG:colcon.colcon_core.event_reactor:joining thread
[5.190s] INFO:colcon.colcon_core.plugin_system:Skipping extension 'colcon_notification.desktop_notification.terminal_notifier': Not used on non-Darwin systems
[5.190s] INFO:colcon.colcon_core.plugin_system:Skipping extension 'colcon_notification.desktop_notification.win32': Not used on non-Windows systems
[5.190s] INFO:colcon.colcon_notification.desktop_notification:Sending desktop notification using 'notify2'
[5.232s] DEBUG:colcon.colcon_core.event_reactor:joined thread
[5.232s] INFO:colcon.colcon_core.shell:Creating prefix script '/home/menna/visual_nav_ws/install/local_setup.ps1'
[5.235s] INFO:colcon.colcon_core.shell:Creating prefix util module '/home/menna/visual_nav_ws/install/_local_setup_util_ps1.py'
[5.239s] INFO:colcon.colcon_core.shell:Creating prefix chain script '/home/menna/visual_nav_ws/install/setup.ps1'
[5.242s] INFO:colcon.colcon_core.shell:Creating prefix script '/home/menna/visual_nav_ws/install/local_setup.sh'
[5.244s] INFO:colcon.colcon_core.shell:Creating prefix util module '/home/menna/visual_nav_ws/install/_local_setup_util_sh.py'
[5.245s] INFO:colcon.colcon_core.shell:Creating prefix chain script '/home/menna/visual_nav_ws/install/setup.sh'
[5.248s] INFO:colcon.colcon_core.shell:Creating prefix script '/home/menna/visual_nav_ws/install/local_setup.bash'
[5.249s] INFO:colcon.colcon_core.shell:Creating prefix chain script '/home/menna/visual_nav_ws/install/setup.bash'
[5.252s] INFO:colcon.colcon_core.shell:Creating prefix script '/home/menna/visual_nav_ws/install/local_setup.zsh'
[5.253s] INFO:colcon.colcon_core.shell:Creating prefix chain script '/home/menna/visual_nav_ws/install/setup.zsh'
