[1.904s] Invoking command in '/home/menna/visual_nav_ws/visual_navigation': DEBUGINFOD_URLS=https://debuginfod.ubuntu.com PS1=${debian_chroot:+($debian_chroot)}\[\033[01;32m\]\u@\h\[\033[00m\]:\[\033[01;34m\]\w\[\033[00m\]\$ PYTHONPATH=/home/menna/visual_nav_ws/build/visual_navigation/prefix_override:/usr/lib/python3/dist-packages/colcon_core/task/python/colcon_distutils_commands:/home/menna/visual_nav_ws/install/visual_navigation/lib/python3.12/site-packages:${PYTHONPATH} VIRTUAL_ENV_PROMPT=(venv-ardupilot) /usr/bin/python3 -W ignore:setup.py install is deprecated -W ignore:easy_install command is deprecated setup.py egg_info --egg-base ../build/visual_navigation build --build-base /home/menna/visual_nav_ws/build/visual_navigation/build install --record /home/menna/visual_nav_ws/build/visual_navigation/install.log --single-version-externally-managed install_data
[2.409s] running egg_info
[2.448s] writing ../build/visual_navigation/visual_navigation.egg-info/PKG-INFO
[2.449s] writing dependency_links to ../build/visual_navigation/visual_navigation.egg-info/dependency_links.txt
[2.449s] writing entry points to ../build/visual_navigation/visual_navigation.egg-info/entry_points.txt
[2.449s] writing requirements to ../build/visual_navigation/visual_navigation.egg-info/requires.txt
[2.449s] writing top-level names to ../build/visual_navigation/visual_navigation.egg-info/top_level.txt
[2.526s] reading manifest file '../build/visual_navigation/visual_navigation.egg-info/SOURCES.txt'
[2.527s] writing manifest file '../build/visual_navigation/visual_navigation.egg-info/SOURCES.txt'
[2.527s] running build
[2.527s] running build_py
[2.528s] running install
[2.537s] running install_lib
[2.575s] running install_data
[2.575s] running install_egg_info
[2.616s] removing '/home/menna/visual_nav_ws/install/visual_navigation/lib/python3.12/site-packages/visual_navigation-0.0.0-py3.12.egg-info' (and everything under it)
[2.616s] Copying ../build/visual_navigation/visual_navigation.egg-info to /home/menna/visual_nav_ws/install/visual_navigation/lib/python3.12/site-packages/visual_navigation-0.0.0-py3.12.egg-info
[2.618s] running install_scripts
[2.865s] Installing action_node script to /home/menna/visual_nav_ws/install/visual_navigation/lib/visual_navigation
[2.865s] Installing camera_node script to /home/menna/visual_nav_ws/install/visual_navigation/lib/visual_navigation
[2.865s] Installing depth_node script to /home/menna/visual_nav_ws/install/visual_navigation/lib/visual_navigation
[2.866s] Installing motion_node script to /home/menna/visual_nav_ws/install/visual_navigation/lib/visual_navigation
[2.866s] Installing navigation_node script to /home/menna/visual_nav_ws/install/visual_navigation/lib/visual_navigation
[2.866s] Installing object_node script to /home/menna/visual_nav_ws/install/visual_navigation/lib/visual_navigation
[2.866s] Installing roi_node script to /home/menna/visual_nav_ws/install/visual_navigation/lib/visual_navigation
[2.866s] Installing vo_node script to /home/menna/visual_nav_ws/install/visual_navigation/lib/visual_navigation
[2.867s] writing list of installed files to '/home/menna/visual_nav_ws/build/visual_navigation/install.log'
[2.906s] Invoked command in '/home/menna/visual_nav_ws/visual_navigation' returned '0': DEBUGINFOD_URLS=https://debuginfod.ubuntu.com PS1=${debian_chroot:+($debian_chroot)}\[\033[01;32m\]\u@\h\[\033[00m\]:\[\033[01;34m\]\w\[\033[00m\]\$ PYTHONPATH=/home/menna/visual_nav_ws/build/visual_navigation/prefix_override:/usr/lib/python3/dist-packages/colcon_core/task/python/colcon_distutils_commands:/home/menna/visual_nav_ws/install/visual_navigation/lib/python3.12/site-packages:${PYTHONPATH} VIRTUAL_ENV_PROMPT=(venv-ardupilot) /usr/bin/python3 -W ignore:setup.py install is deprecated -W ignore:easy_install command is deprecated setup.py egg_info --egg-base ../build/visual_navigation build --build-base /home/menna/visual_nav_ws/build/visual_navigation/build install --record /home/menna/visual_nav_ws/build/visual_navigation/install.log --single-version-externally-managed install_data
