[0.612s] Invoking command in '/home/menna/visual_nav_ws/build/visual_navigation_interfaces': CMAKE_PREFIX_PATH=${CMAKE_PREFIX_PATH}:/home/menna/visual_nav_ws/install/visual_navigation:/opt/ros/jazzy DEBUGINFOD_URLS=https://debuginfod.ubuntu.com PS1=${debian_chroot:+($debian_chroot)}\[\033[01;32m\]\u@\h\[\033[00m\]:\[\033[01;34m\]\w\[\033[00m\]\$ VIRTUAL_ENV_PROMPT=(venv-ardupilot) /usr/bin/cmake --build /home/menna/visual_nav_ws/build/visual_navigation_interfaces -- -j8 -l8
[0.751s] [  2%] Built target visual_navigation_interfaces__rosidl_generator_type_description
[0.782s] [  2%] Built target ament_cmake_python_copy_visual_navigation_interfaces
[0.822s] [  5%] Built target visual_navigation_interfaces__cpp
[0.827s] [ 20%] Built target visual_navigation_interfaces__rosidl_generator_c
[0.911s] [ 29%] Built target visual_navigation_interfaces__rosidl_typesupport_introspection_c
[0.932s] [ 38%] Built target visual_navigation_interfaces__rosidl_typesupport_introspection_cpp
[0.935s] [ 47%] Built target visual_navigation_interfaces__rosidl_typesupport_fastrtps_cpp
[0.941s] [ 55%] Built target visual_navigation_interfaces__rosidl_typesupport_fastrtps_c
[0.941s] [ 64%] Built target visual_navigation_interfaces__rosidl_typesupport_c
[0.999s] [ 73%] Built target visual_navigation_interfaces__rosidl_typesupport_cpp
[1.059s] [ 73%] Built target visual_navigation_interfaces
[1.118s] [ 76%] Built target visual_navigation_interfaces__py
[1.184s] [ 82%] Built target visual_navigation_interfaces__rosidl_generator_py
[1.259s] [ 88%] Built target visual_navigation_interfaces_s__rosidl_typesupport_introspection_c
[1.264s] [ 94%] Built target visual_navigation_interfaces_s__rosidl_typesupport_c
[1.264s] [100%] Built target visual_navigation_interfaces_s__rosidl_typesupport_fastrtps_c
[1.633s] running egg_info
[1.718s] writing visual_navigation_interfaces.egg-info/PKG-INFO
[1.718s] writing dependency_links to visual_navigation_interfaces.egg-info/dependency_links.txt
[1.719s] writing top-level names to visual_navigation_interfaces.egg-info/top_level.txt
[1.965s] reading manifest file 'visual_navigation_interfaces.egg-info/SOURCES.txt'
[1.967s] writing manifest file 'visual_navigation_interfaces.egg-info/SOURCES.txt'
[2.055s] [100%] Built target ament_cmake_python_build_visual_navigation_interfaces_egg
[2.095s] Invoked command in '/home/menna/visual_nav_ws/build/visual_navigation_interfaces' returned '0': CMAKE_PREFIX_PATH=${CMAKE_PREFIX_PATH}:/home/menna/visual_nav_ws/install/visual_navigation:/opt/ros/jazzy DEBUGINFOD_URLS=https://debuginfod.ubuntu.com PS1=${debian_chroot:+($debian_chroot)}\[\033[01;32m\]\u@\h\[\033[00m\]:\[\033[01;34m\]\w\[\033[00m\]\$ VIRTUAL_ENV_PROMPT=(venv-ardupilot) /usr/bin/cmake --build /home/menna/visual_nav_ws/build/visual_navigation_interfaces -- -j8 -l8
[2.126s] Invoking command in '/home/menna/visual_nav_ws/build/visual_navigation_interfaces': CMAKE_PREFIX_PATH=${CMAKE_PREFIX_PATH}:/home/menna/visual_nav_ws/install/visual_navigation:/opt/ros/jazzy DEBUGINFOD_URLS=https://debuginfod.ubuntu.com PS1=${debian_chroot:+($debian_chroot)}\[\033[01;32m\]\u@\h\[\033[00m\]:\[\033[01;34m\]\w\[\033[00m\]\$ VIRTUAL_ENV_PROMPT=(venv-ardupilot) /usr/bin/cmake --install /home/menna/visual_nav_ws/build/visual_navigation_interfaces
[2.149s] -- Install configuration: ""
[2.150s] -- Up-to-date: /home/menna/visual_nav_ws/install/visual_navigation_interfaces/share/ament_index/resource_index/rosidl_interfaces/visual_navigation_interfaces
[2.150s] -- Up-to-date: /home/menna/visual_nav_ws/install/visual_navigation_interfaces/share/visual_navigation_interfaces/action/Navigate.json
[2.151s] -- Up-to-date: /home/menna/visual_nav_ws/install/visual_navigation_interfaces/include/visual_navigation_interfaces/visual_navigation_interfaces
[2.151s] -- Up-to-date: /home/menna/visual_nav_ws/install/visual_navigation_interfaces/include/visual_navigation_interfaces/visual_navigation_interfaces/msg
[2.151s] -- Up-to-date: /home/menna/visual_nav_ws/install/visual_navigation_interfaces/include/visual_navigation_interfaces/visual_navigation_interfaces/msg/rosidl_generator_c__visibility_control.h
[2.152s] -- Up-to-date: /home/menna/visual_nav_ws/install/visual_navigation_interfaces/include/visual_navigation_interfaces/visual_navigation_interfaces/action
[2.152s] -- Up-to-date: /home/menna/visual_nav_ws/install/visual_navigation_interfaces/include/visual_navigation_interfaces/visual_navigation_interfaces/action/navigate.h
[2.152s] -- Up-to-date: /home/menna/visual_nav_ws/install/visual_navigation_interfaces/include/visual_navigation_interfaces/visual_navigation_interfaces/action/detail
[2.152s] -- Installing: /home/menna/visual_nav_ws/install/visual_navigation_interfaces/include/visual_navigation_interfaces/visual_navigation_interfaces/action/detail/navigate__type_support.c
[2.153s] -- Up-to-date: /home/menna/visual_nav_ws/install/visual_navigation_interfaces/include/visual_navigation_interfaces/visual_navigation_interfaces/action/detail/navigate__functions.c
[2.153s] -- Up-to-date: /home/menna/visual_nav_ws/install/visual_navigation_interfaces/include/visual_navigation_interfaces/visual_navigation_interfaces/action/detail/navigate__functions.h
[2.154s] -- Up-to-date: /home/menna/visual_nav_ws/install/visual_navigation_interfaces/include/visual_navigation_interfaces/visual_navigation_interfaces/action/detail/navigate__struct.h
[2.154s] -- Up-to-date: /home/menna/visual_nav_ws/install/visual_navigation_interfaces/include/visual_navigation_interfaces/visual_navigation_interfaces/action/detail/navigate__type_support.h
[2.154s] -- Up-to-date: /home/menna/visual_nav_ws/install/visual_navigation_interfaces/include/visual_navigation_interfaces/visual_navigation_interfaces/action/detail/navigate__description.c
[2.155s] -- Up-to-date: /home/menna/visual_nav_ws/install/visual_navigation_interfaces/share/visual_navigation_interfaces/environment/library_path.sh
[2.155s] -- Up-to-date: /home/menna/visual_nav_ws/install/visual_navigation_interfaces/share/visual_navigation_interfaces/environment/library_path.dsv
[2.155s] -- Up-to-date: /home/menna/visual_nav_ws/install/visual_navigation_interfaces/lib/libvisual_navigation_interfaces__rosidl_generator_c.so
[2.155s] -- Up-to-date: /home/menna/visual_nav_ws/install/visual_navigation_interfaces/include/visual_navigation_interfaces/visual_navigation_interfaces
[2.155s] -- Up-to-date: /home/menna/visual_nav_ws/install/visual_navigation_interfaces/include/visual_navigation_interfaces/visual_navigation_interfaces/msg
[2.156s] -- Up-to-date: /home/menna/visual_nav_ws/install/visual_navigation_interfaces/include/visual_navigation_interfaces/visual_navigation_interfaces/msg/rosidl_typesupport_fastrtps_c__visibility_control.h
[2.157s] -- Up-to-date: /home/menna/visual_nav_ws/install/visual_navigation_interfaces/include/visual_navigation_interfaces/visual_navigation_interfaces/action
[2.157s] -- Up-to-date: /home/menna/visual_nav_ws/install/visual_navigation_interfaces/include/visual_navigation_interfaces/visual_navigation_interfaces/action/detail
[2.158s] -- Up-to-date: /home/menna/visual_nav_ws/install/visual_navigation_interfaces/include/visual_navigation_interfaces/visual_navigation_interfaces/action/detail/navigate__rosidl_typesupport_fastrtps_c.h
[2.158s] -- Up-to-date: /home/menna/visual_nav_ws/install/visual_navigation_interfaces/lib/libvisual_navigation_interfaces__rosidl_typesupport_fastrtps_c.so
[2.158s] -- Up-to-date: /home/menna/visual_nav_ws/install/visual_navigation_interfaces/include/visual_navigation_interfaces/visual_navigation_interfaces
[2.158s] -- Up-to-date: /home/menna/visual_nav_ws/install/visual_navigation_interfaces/include/visual_navigation_interfaces/visual_navigation_interfaces/msg
[2.159s] -- Up-to-date: /home/menna/visual_nav_ws/install/visual_navigation_interfaces/include/visual_navigation_interfaces/visual_navigation_interfaces/msg/rosidl_typesupport_introspection_c__visibility_control.h
[2.159s] -- Up-to-date: /home/menna/visual_nav_ws/install/visual_navigation_interfaces/include/visual_navigation_interfaces/visual_navigation_interfaces/action
[2.160s] -- Up-to-date: /home/menna/visual_nav_ws/install/visual_navigation_interfaces/include/visual_navigation_interfaces/visual_navigation_interfaces/action/detail
[2.160s] -- Installing: /home/menna/visual_nav_ws/install/visual_navigation_interfaces/include/visual_navigation_interfaces/visual_navigation_interfaces/action/detail/navigate__type_support.c
[2.160s] -- Up-to-date: /home/menna/visual_nav_ws/install/visual_navigation_interfaces/include/visual_navigation_interfaces/visual_navigation_interfaces/action/detail/navigate__rosidl_typesupport_introspection_c.h
[2.161s] -- Up-to-date: /home/menna/visual_nav_ws/install/visual_navigation_interfaces/lib/libvisual_navigation_interfaces__rosidl_typesupport_introspection_c.so
[2.161s] -- Up-to-date: /home/menna/visual_nav_ws/install/visual_navigation_interfaces/lib/libvisual_navigation_interfaces__rosidl_typesupport_c.so
[2.162s] -- Up-to-date: /home/menna/visual_nav_ws/install/visual_navigation_interfaces/include/visual_navigation_interfaces/visual_navigation_interfaces
[2.162s] -- Up-to-date: /home/menna/visual_nav_ws/install/visual_navigation_interfaces/include/visual_navigation_interfaces/visual_navigation_interfaces/msg
[2.162s] -- Up-to-date: /home/menna/visual_nav_ws/install/visual_navigation_interfaces/include/visual_navigation_interfaces/visual_navigation_interfaces/msg/rosidl_generator_cpp__visibility_control.hpp
[2.162s] -- Up-to-date: /home/menna/visual_nav_ws/install/visual_navigation_interfaces/include/visual_navigation_interfaces/visual_navigation_interfaces/action
[2.163s] -- Up-to-date: /home/menna/visual_nav_ws/install/visual_navigation_interfaces/include/visual_navigation_interfaces/visual_navigation_interfaces/action/navigate.hpp
[2.163s] -- Up-to-date: /home/menna/visual_nav_ws/install/visual_navigation_interfaces/include/visual_navigation_interfaces/visual_navigation_interfaces/action/detail
[2.163s] -- Up-to-date: /home/menna/visual_nav_ws/install/visual_navigation_interfaces/include/visual_navigation_interfaces/visual_navigation_interfaces/action/detail/navigate__struct.hpp
[2.164s] -- Up-to-date: /home/menna/visual_nav_ws/install/visual_navigation_interfaces/include/visual_navigation_interfaces/visual_navigation_interfaces/action/detail/navigate__builder.hpp
[2.164s] -- Up-to-date: /home/menna/visual_nav_ws/install/visual_navigation_interfaces/include/visual_navigation_interfaces/visual_navigation_interfaces/action/detail/navigate__traits.hpp
[2.164s] -- Up-to-date: /home/menna/visual_nav_ws/install/visual_navigation_interfaces/include/visual_navigation_interfaces/visual_navigation_interfaces/action/detail/navigate__type_support.hpp
[2.165s] -- Up-to-date: /home/menna/visual_nav_ws/install/visual_navigation_interfaces/include/visual_navigation_interfaces/visual_navigation_interfaces
[2.165s] -- Up-to-date: /home/menna/visual_nav_ws/install/visual_navigation_interfaces/include/visual_navigation_interfaces/visual_navigation_interfaces/msg
[2.165s] -- Up-to-date: /home/menna/visual_nav_ws/install/visual_navigation_interfaces/include/visual_navigation_interfaces/visual_navigation_interfaces/msg/rosidl_typesupport_fastrtps_cpp__visibility_control.h
[2.166s] -- Up-to-date: /home/menna/visual_nav_ws/install/visual_navigation_interfaces/include/visual_navigation_interfaces/visual_navigation_interfaces/action
[2.166s] -- Up-to-date: /home/menna/visual_nav_ws/install/visual_navigation_interfaces/include/visual_navigation_interfaces/visual_navigation_interfaces/action/detail
[2.166s] -- Up-to-date: /home/menna/visual_nav_ws/install/visual_navigation_interfaces/include/visual_navigation_interfaces/visual_navigation_interfaces/action/detail/navigate__rosidl_typesupport_fastrtps_cpp.hpp
[2.167s] -- Up-to-date: /home/menna/visual_nav_ws/install/visual_navigation_interfaces/include/visual_navigation_interfaces/visual_navigation_interfaces/action/detail/dds_fastrtps
[2.167s] -- Up-to-date: /home/menna/visual_nav_ws/install/visual_navigation_interfaces/lib/libvisual_navigation_interfaces__rosidl_typesupport_fastrtps_cpp.so
[2.167s] -- Up-to-date: /home/menna/visual_nav_ws/install/visual_navigation_interfaces/include/visual_navigation_interfaces/visual_navigation_interfaces
[2.167s] -- Up-to-date: /home/menna/visual_nav_ws/install/visual_navigation_interfaces/include/visual_navigation_interfaces/visual_navigation_interfaces/action
[2.168s] -- Up-to-date: /home/menna/visual_nav_ws/install/visual_navigation_interfaces/include/visual_navigation_interfaces/visual_navigation_interfaces/action/detail
[2.168s] -- Up-to-date: /home/menna/visual_nav_ws/install/visual_navigation_interfaces/include/visual_navigation_interfaces/visual_navigation_interfaces/action/detail/navigate__rosidl_typesupport_introspection_cpp.hpp
[2.168s] -- Up-to-date: /home/menna/visual_nav_ws/install/visual_navigation_interfaces/include/visual_navigation_interfaces/visual_navigation_interfaces/action/detail/navigate__type_support.cpp
[2.168s] -- Up-to-date: /home/menna/visual_nav_ws/install/visual_navigation_interfaces/lib/libvisual_navigation_interfaces__rosidl_typesupport_introspection_cpp.so
[2.169s] -- Up-to-date: /home/menna/visual_nav_ws/install/visual_navigation_interfaces/lib/libvisual_navigation_interfaces__rosidl_typesupport_cpp.so
[2.169s] -- Up-to-date: /home/menna/visual_nav_ws/install/visual_navigation_interfaces/share/visual_navigation_interfaces/environment/pythonpath.sh
[2.169s] -- Up-to-date: /home/menna/visual_nav_ws/install/visual_navigation_interfaces/share/visual_navigation_interfaces/environment/pythonpath.dsv
[2.169s] -- Up-to-date: /home/menna/visual_nav_ws/install/visual_navigation_interfaces/lib/python3.12/site-packages/visual_navigation_interfaces-0.0.0-py3.12.egg-info
[2.170s] -- Installing: /home/menna/visual_nav_ws/install/visual_navigation_interfaces/lib/python3.12/site-packages/visual_navigation_interfaces-0.0.0-py3.12.egg-info/SOURCES.txt
[2.170s] -- Installing: /home/menna/visual_nav_ws/install/visual_navigation_interfaces/lib/python3.12/site-packages/visual_navigation_interfaces-0.0.0-py3.12.egg-info/top_level.txt
[2.170s] -- Installing: /home/menna/visual_nav_ws/install/visual_navigation_interfaces/lib/python3.12/site-packages/visual_navigation_interfaces-0.0.0-py3.12.egg-info/dependency_links.txt
[2.170s] -- Installing: /home/menna/visual_nav_ws/install/visual_navigation_interfaces/lib/python3.12/site-packages/visual_navigation_interfaces-0.0.0-py3.12.egg-info/PKG-INFO
[2.171s] -- Up-to-date: /home/menna/visual_nav_ws/install/visual_navigation_interfaces/lib/python3.12/site-packages/visual_navigation_interfaces
[2.171s] -- Up-to-date: /home/menna/visual_nav_ws/install/visual_navigation_interfaces/lib/python3.12/site-packages/visual_navigation_interfaces/__init__.py
[2.171s] -- Up-to-date: /home/menna/visual_nav_ws/install/visual_navigation_interfaces/lib/python3.12/site-packages/visual_navigation_interfaces/_visual_navigation_interfaces_s.ep.rosidl_typesupport_fastrtps_c.c
[2.171s] -- Up-to-date: /home/menna/visual_nav_ws/install/visual_navigation_interfaces/lib/python3.12/site-packages/visual_navigation_interfaces/visual_navigation_interfaces_s__rosidl_typesupport_fastrtps_c.so
[2.172s] -- Up-to-date: /home/menna/visual_nav_ws/install/visual_navigation_interfaces/lib/python3.12/site-packages/visual_navigation_interfaces/_visual_navigation_interfaces_s.ep.rosidl_typesupport_introspection_c.c
[2.172s] -- Up-to-date: /home/menna/visual_nav_ws/install/visual_navigation_interfaces/lib/python3.12/site-packages/visual_navigation_interfaces/visual_navigation_interfaces_s__rosidl_typesupport_c.so
[2.172s] -- Up-to-date: /home/menna/visual_nav_ws/install/visual_navigation_interfaces/lib/python3.12/site-packages/visual_navigation_interfaces/_visual_navigation_interfaces_s.ep.rosidl_typesupport_c.c
[2.172s] -- Up-to-date: /home/menna/visual_nav_ws/install/visual_navigation_interfaces/lib/python3.12/site-packages/visual_navigation_interfaces/visual_navigation_interfaces_s__rosidl_typesupport_introspection_c.so
[2.173s] -- Up-to-date: /home/menna/visual_nav_ws/install/visual_navigation_interfaces/lib/python3.12/site-packages/visual_navigation_interfaces/action
[2.173s] -- Up-to-date: /home/menna/visual_nav_ws/install/visual_navigation_interfaces/lib/python3.12/site-packages/visual_navigation_interfaces/action/__init__.py
[2.173s] -- Up-to-date: /home/menna/visual_nav_ws/install/visual_navigation_interfaces/lib/python3.12/site-packages/visual_navigation_interfaces/action/_navigate.py
[2.173s] -- Up-to-date: /home/menna/visual_nav_ws/install/visual_navigation_interfaces/lib/python3.12/site-packages/visual_navigation_interfaces/action/_navigate_s.c
[2.271s] Listing '/home/menna/visual_nav_ws/install/visual_navigation_interfaces/lib/python3.12/site-packages/visual_navigation_interfaces'...
[2.271s] Listing '/home/menna/visual_nav_ws/install/visual_navigation_interfaces/lib/python3.12/site-packages/visual_navigation_interfaces/action'...
[2.288s] -- Up-to-date: /home/menna/visual_nav_ws/install/visual_navigation_interfaces/lib/python3.12/site-packages/visual_navigation_interfaces/visual_navigation_interfaces_s__rosidl_typesupport_fastrtps_c.so
[2.289s] -- Up-to-date: /home/menna/visual_nav_ws/install/visual_navigation_interfaces/lib/python3.12/site-packages/visual_navigation_interfaces/visual_navigation_interfaces_s__rosidl_typesupport_introspection_c.so
[2.291s] -- Up-to-date: /home/menna/visual_nav_ws/install/visual_navigation_interfaces/lib/python3.12/site-packages/visual_navigation_interfaces/visual_navigation_interfaces_s__rosidl_typesupport_c.so
[2.292s] -- Up-to-date: /home/menna/visual_nav_ws/install/visual_navigation_interfaces/lib/libvisual_navigation_interfaces__rosidl_generator_py.so
[2.293s] -- Up-to-date: /home/menna/visual_nav_ws/install/visual_navigation_interfaces/share/visual_navigation_interfaces/action/Navigate.idl
[2.294s] -- Up-to-date: /home/menna/visual_nav_ws/install/visual_navigation_interfaces/share/visual_navigation_interfaces/action/Navigate.action
[2.294s] -- Up-to-date: /home/menna/visual_nav_ws/install/visual_navigation_interfaces/share/ament_index/resource_index/package_run_dependencies/visual_navigation_interfaces
[2.294s] -- Up-to-date: /home/menna/visual_nav_ws/install/visual_navigation_interfaces/share/ament_index/resource_index/parent_prefix_path/visual_navigation_interfaces
[2.295s] -- Up-to-date: /home/menna/visual_nav_ws/install/visual_navigation_interfaces/share/visual_navigation_interfaces/environment/ament_prefix_path.sh
[2.295s] -- Up-to-date: /home/menna/visual_nav_ws/install/visual_navigation_interfaces/share/visual_navigation_interfaces/environment/ament_prefix_path.dsv
[2.295s] -- Up-to-date: /home/menna/visual_nav_ws/install/visual_navigation_interfaces/share/visual_navigation_interfaces/environment/path.sh
[2.296s] -- Up-to-date: /home/menna/visual_nav_ws/install/visual_navigation_interfaces/share/visual_navigation_interfaces/environment/path.dsv
[2.296s] -- Up-to-date: /home/menna/visual_nav_ws/install/visual_navigation_interfaces/share/visual_navigation_interfaces/local_setup.bash
[2.296s] -- Up-to-date: /home/menna/visual_nav_ws/install/visual_navigation_interfaces/share/visual_navigation_interfaces/local_setup.sh
[2.296s] -- Up-to-date: /home/menna/visual_nav_ws/install/visual_navigation_interfaces/share/visual_navigation_interfaces/local_setup.zsh
[2.297s] -- Up-to-date: /home/menna/visual_nav_ws/install/visual_navigation_interfaces/share/visual_navigation_interfaces/local_setup.dsv
[2.297s] -- Installing: /home/menna/visual_nav_ws/install/visual_navigation_interfaces/share/visual_navigation_interfaces/package.dsv
[2.297s] -- Up-to-date: /home/menna/visual_nav_ws/install/visual_navigation_interfaces/share/ament_index/resource_index/packages/visual_navigation_interfaces
[2.299s] -- Up-to-date: /home/menna/visual_nav_ws/install/visual_navigation_interfaces/share/visual_navigation_interfaces/cmake/export_visual_navigation_interfaces__rosidl_generator_cExport.cmake
[2.299s] -- Up-to-date: /home/menna/visual_nav_ws/install/visual_navigation_interfaces/share/visual_navigation_interfaces/cmake/export_visual_navigation_interfaces__rosidl_generator_cExport-noconfig.cmake
[2.300s] -- Up-to-date: /home/menna/visual_nav_ws/install/visual_navigation_interfaces/share/visual_navigation_interfaces/cmake/export_visual_navigation_interfaces__rosidl_typesupport_fastrtps_cExport.cmake
[2.300s] -- Up-to-date: /home/menna/visual_nav_ws/install/visual_navigation_interfaces/share/visual_navigation_interfaces/cmake/export_visual_navigation_interfaces__rosidl_typesupport_fastrtps_cExport-noconfig.cmake
[2.300s] -- Up-to-date: /home/menna/visual_nav_ws/install/visual_navigation_interfaces/share/visual_navigation_interfaces/cmake/visual_navigation_interfaces__rosidl_typesupport_introspection_cExport.cmake
[2.300s] -- Up-to-date: /home/menna/visual_nav_ws/install/visual_navigation_interfaces/share/visual_navigation_interfaces/cmake/visual_navigation_interfaces__rosidl_typesupport_introspection_cExport-noconfig.cmake
[2.301s] -- Up-to-date: /home/menna/visual_nav_ws/install/visual_navigation_interfaces/share/visual_navigation_interfaces/cmake/visual_navigation_interfaces__rosidl_typesupport_cExport.cmake
[2.301s] -- Up-to-date: /home/menna/visual_nav_ws/install/visual_navigation_interfaces/share/visual_navigation_interfaces/cmake/visual_navigation_interfaces__rosidl_typesupport_cExport-noconfig.cmake
[2.301s] -- Up-to-date: /home/menna/visual_nav_ws/install/visual_navigation_interfaces/share/visual_navigation_interfaces/cmake/export_visual_navigation_interfaces__rosidl_generator_cppExport.cmake
[2.301s] -- Up-to-date: /home/menna/visual_nav_ws/install/visual_navigation_interfaces/share/visual_navigation_interfaces/cmake/export_visual_navigation_interfaces__rosidl_typesupport_fastrtps_cppExport.cmake
[2.302s] -- Up-to-date: /home/menna/visual_nav_ws/install/visual_navigation_interfaces/share/visual_navigation_interfaces/cmake/export_visual_navigation_interfaces__rosidl_typesupport_fastrtps_cppExport-noconfig.cmake
[2.302s] -- Up-to-date: /home/menna/visual_nav_ws/install/visual_navigation_interfaces/share/visual_navigation_interfaces/cmake/visual_navigation_interfaces__rosidl_typesupport_introspection_cppExport.cmake
[2.302s] -- Up-to-date: /home/menna/visual_nav_ws/install/visual_navigation_interfaces/share/visual_navigation_interfaces/cmake/visual_navigation_interfaces__rosidl_typesupport_introspection_cppExport-noconfig.cmake
[2.302s] -- Up-to-date: /home/menna/visual_nav_ws/install/visual_navigation_interfaces/share/visual_navigation_interfaces/cmake/visual_navigation_interfaces__rosidl_typesupport_cppExport.cmake
[2.303s] -- Up-to-date: /home/menna/visual_nav_ws/install/visual_navigation_interfaces/share/visual_navigation_interfaces/cmake/visual_navigation_interfaces__rosidl_typesupport_cppExport-noconfig.cmake
[2.303s] -- Up-to-date: /home/menna/visual_nav_ws/install/visual_navigation_interfaces/share/visual_navigation_interfaces/cmake/export_visual_navigation_interfaces__rosidl_generator_pyExport.cmake
[2.303s] -- Up-to-date: /home/menna/visual_nav_ws/install/visual_navigation_interfaces/share/visual_navigation_interfaces/cmake/export_visual_navigation_interfaces__rosidl_generator_pyExport-noconfig.cmake
[2.303s] -- Up-to-date: /home/menna/visual_nav_ws/install/visual_navigation_interfaces/share/visual_navigation_interfaces/cmake/rosidl_cmake-extras.cmake
[2.304s] -- Up-to-date: /home/menna/visual_nav_ws/install/visual_navigation_interfaces/share/visual_navigation_interfaces/cmake/ament_cmake_export_dependencies-extras.cmake
[2.304s] -- Up-to-date: /home/menna/visual_nav_ws/install/visual_navigation_interfaces/share/visual_navigation_interfaces/cmake/ament_cmake_export_include_directories-extras.cmake
[2.305s] -- Up-to-date: /home/menna/visual_nav_ws/install/visual_navigation_interfaces/share/visual_navigation_interfaces/cmake/ament_cmake_export_libraries-extras.cmake
[2.305s] -- Up-to-date: /home/menna/visual_nav_ws/install/visual_navigation_interfaces/share/visual_navigation_interfaces/cmake/ament_cmake_export_targets-extras.cmake
[2.305s] -- Up-to-date: /home/menna/visual_nav_ws/install/visual_navigation_interfaces/share/visual_navigation_interfaces/cmake/rosidl_cmake_export_typesupport_targets-extras.cmake
[2.306s] -- Up-to-date: /home/menna/visual_nav_ws/install/visual_navigation_interfaces/share/visual_navigation_interfaces/cmake/rosidl_cmake_export_typesupport_libraries-extras.cmake
[2.306s] -- Up-to-date: /home/menna/visual_nav_ws/install/visual_navigation_interfaces/share/visual_navigation_interfaces/cmake/visual_navigation_interfacesConfig.cmake
[2.307s] -- Up-to-date: /home/menna/visual_nav_ws/install/visual_navigation_interfaces/share/visual_navigation_interfaces/cmake/visual_navigation_interfacesConfig-version.cmake
[2.307s] -- Up-to-date: /home/menna/visual_nav_ws/install/visual_navigation_interfaces/share/visual_navigation_interfaces/package.xml
[2.307s] Invoked command in '/home/menna/visual_nav_ws/build/visual_navigation_interfaces' returned '0': CMAKE_PREFIX_PATH=${CMAKE_PREFIX_PATH}:/home/menna/visual_nav_ws/install/visual_navigation:/opt/ros/jazzy DEBUGINFOD_URLS=https://debuginfod.ubuntu.com PS1=${debian_chroot:+($debian_chroot)}\[\033[01;32m\]\u@\h\[\033[00m\]:\[\033[01;34m\]\w\[\033[00m\]\$ VIRTUAL_ENV_PROMPT=(venv-ardupilot) /usr/bin/cmake --install /home/menna/visual_nav_ws/build/visual_navigation_interfaces
