[2.535s] Invoking command in '/home/menna/visual_nav_ws/visual_navigation': DEBUGINFOD_URLS=https://debuginfod.ubuntu.com PS1=${debian_chroot:+($debian_chroot)}\[\033[01;32m\]\u@\h\[\033[00m\]:\[\033[01;34m\]\w\[\033[00m\]\$ PYTHONPATH=/home/menna/visual_nav_ws/build/visual_navigation/prefix_override:/usr/lib/python3/dist-packages/colcon_core/task/python/colcon_distutils_commands:/home/menna/visual_nav_ws/install/visual_navigation/lib/python3.12/site-packages:${PYTHONPATH} VIRTUAL_ENV_PROMPT=(venv-ardupilot) /usr/bin/python3 -W ignore:setup.py install is deprecated -W ignore:easy_install command is deprecated setup.py egg_info --egg-base ../build/visual_navigation build --build-base /home/menna/visual_nav_ws/build/visual_navigation/build install --record /home/menna/visual_nav_ws/build/visual_navigation/install.log --single-version-externally-managed install_data
[3.358s] running egg_info
[3.419s] writing ../build/visual_navigation/visual_navigation.egg-info/PKG-INFO
[3.419s] writing dependency_links to ../build/visual_navigation/visual_navigation.egg-info/dependency_links.txt
[3.419s] writing entry points to ../build/visual_navigation/visual_navigation.egg-info/entry_points.txt
[3.420s] writing requirements to ../build/visual_navigation/visual_navigation.egg-info/requires.txt
[3.420s] writing top-level names to ../build/visual_navigation/visual_navigation.egg-info/top_level.txt
[3.535s] reading manifest file '../build/visual_navigation/visual_navigation.egg-info/SOURCES.txt'
[3.537s] writing manifest file '../build/visual_navigation/visual_navigation.egg-info/SOURCES.txt'
[3.538s] running build
[3.538s] running build_py
[3.539s] copying visual_navigation/motion_node.py -> /home/menna/visual_nav_ws/build/visual_navigation/build/lib/visual_navigation
[3.540s] running install
[3.552s] running install_lib
[3.616s] copying /home/menna/visual_nav_ws/build/visual_navigation/build/lib/visual_navigation/motion_node.py -> /home/menna/visual_nav_ws/install/visual_navigation/lib/python3.12/site-packages/visual_navigation
[3.617s] byte-compiling /home/menna/visual_nav_ws/install/visual_navigation/lib/python3.12/site-packages/visual_navigation/motion_node.py to motion_node.cpython-312.pyc
[3.620s] running install_data
[3.621s] running install_egg_info
[3.684s] removing '/home/menna/visual_nav_ws/install/visual_navigation/lib/python3.12/site-packages/visual_navigation-0.0.0-py3.12.egg-info' (and everything under it)
[3.684s] Copying ../build/visual_navigation/visual_navigation.egg-info to /home/menna/visual_nav_ws/install/visual_navigation/lib/python3.12/site-packages/visual_navigation-0.0.0-py3.12.egg-info
[3.687s] running install_scripts
[4.045s] Installing action_node script to /home/menna/visual_nav_ws/install/visual_navigation/lib/visual_navigation
[4.045s] Installing camera_node script to /home/menna/visual_nav_ws/install/visual_navigation/lib/visual_navigation
[4.045s] Installing depth_node script to /home/menna/visual_nav_ws/install/visual_navigation/lib/visual_navigation
[4.046s] Installing motion_node script to /home/menna/visual_nav_ws/install/visual_navigation/lib/visual_navigation
[4.046s] Installing navigation_node script to /home/menna/visual_nav_ws/install/visual_navigation/lib/visual_navigation
[4.046s] Installing object_node script to /home/menna/visual_nav_ws/install/visual_navigation/lib/visual_navigation
[4.046s] Installing roi_node script to /home/menna/visual_nav_ws/install/visual_navigation/lib/visual_navigation
[4.047s] Installing vo_node script to /home/menna/visual_nav_ws/install/visual_navigation/lib/visual_navigation
[4.048s] writing list of installed files to '/home/menna/visual_nav_ws/build/visual_navigation/install.log'
[4.120s] Invoked command in '/home/menna/visual_nav_ws/visual_navigation' returned '0': DEBUGINFOD_URLS=https://debuginfod.ubuntu.com PS1=${debian_chroot:+($debian_chroot)}\[\033[01;32m\]\u@\h\[\033[00m\]:\[\033[01;34m\]\w\[\033[00m\]\$ PYTHONPATH=/home/menna/visual_nav_ws/build/visual_navigation/prefix_override:/usr/lib/python3/dist-packages/colcon_core/task/python/colcon_distutils_commands:/home/menna/visual_nav_ws/install/visual_navigation/lib/python3.12/site-packages:${PYTHONPATH} VIRTUAL_ENV_PROMPT=(venv-ardupilot) /usr/bin/python3 -W ignore:setup.py install is deprecated -W ignore:easy_install command is deprecated setup.py egg_info --egg-base ../build/visual_navigation build --build-base /home/menna/visual_nav_ws/build/visual_navigation/build install --record /home/menna/visual_nav_ws/build/visual_navigation/install.log --single-version-externally-managed install_data
