running egg_info
writing ../build/visual_navigation/visual_navigation.egg-info/PKG-INFO
writing dependency_links to ../build/visual_navigation/visual_navigation.egg-info/dependency_links.txt
writing entry points to ../build/visual_navigation/visual_navigation.egg-info/entry_points.txt
writing requirements to ../build/visual_navigation/visual_navigation.egg-info/requires.txt
writing top-level names to ../build/visual_navigation/visual_navigation.egg-info/top_level.txt
reading manifest file '../build/visual_navigation/visual_navigation.egg-info/SOURCES.txt'
writing manifest file '../build/visual_navigation/visual_navigation.egg-info/SOURCES.txt'
running build
running build_py
copying visual_navigation/camera_node.py -> /home/menna/visual_nav_ws/build/visual_navigation/build/lib/visual_navigation
copying visual_navigation/roi_node.py -> /home/menna/visual_nav_ws/build/visual_navigation/build/lib/visual_navigation
running install
running install_lib
copying /home/menna/visual_nav_ws/build/visual_navigation/build/lib/visual_navigation/camera_node.py -> /home/menna/visual_nav_ws/install/visual_navigation/lib/python3.12/site-packages/visual_navigation
copying /home/menna/visual_nav_ws/build/visual_navigation/build/lib/visual_navigation/roi_node.py -> /home/menna/visual_nav_ws/install/visual_navigation/lib/python3.12/site-packages/visual_navigation
byte-compiling /home/menna/visual_nav_ws/install/visual_navigation/lib/python3.12/site-packages/visual_navigation/camera_node.py to camera_node.cpython-312.pyc
byte-compiling /home/menna/visual_nav_ws/install/visual_navigation/lib/python3.12/site-packages/visual_navigation/roi_node.py to roi_node.cpython-312.pyc
running install_data
running install_egg_info
removing '/home/menna/visual_nav_ws/install/visual_navigation/lib/python3.12/site-packages/visual_navigation-0.0.0-py3.12.egg-info' (and everything under it)
Copying ../build/visual_navigation/visual_navigation.egg-info to /home/menna/visual_nav_ws/install/visual_navigation/lib/python3.12/site-packages/visual_navigation-0.0.0-py3.12.egg-info
running install_scripts
Installing action_node script to /home/menna/visual_nav_ws/install/visual_navigation/lib/visual_navigation
Installing camera_node script to /home/menna/visual_nav_ws/install/visual_navigation/lib/visual_navigation
Installing depth_node script to /home/menna/visual_nav_ws/install/visual_navigation/lib/visual_navigation
Installing motion_node script to /home/menna/visual_nav_ws/install/visual_navigation/lib/visual_navigation
Installing navigation_node script to /home/menna/visual_nav_ws/install/visual_navigation/lib/visual_navigation
Installing object_node script to /home/menna/visual_nav_ws/install/visual_navigation/lib/visual_navigation
Installing roi_node script to /home/menna/visual_nav_ws/install/visual_navigation/lib/visual_navigation
Installing vo_node script to /home/menna/visual_nav_ws/install/visual_navigation/lib/visual_navigation
writing list of installed files to '/home/menna/visual_nav_ws/build/visual_navigation/install.log'
