[2.239s] Invoking command in '/home/menna/visual_nav_ws/visual_navigation': DEBUGINFOD_URLS=https://debuginfod.ubuntu.com PS1=${debian_chroot:+($debian_chroot)}\[\033[01;32m\]\u@\h\[\033[00m\]:\[\033[01;34m\]\w\[\033[00m\]\$ PYTHONPATH=/home/menna/visual_nav_ws/build/visual_navigation/prefix_override:/usr/lib/python3/dist-packages/colcon_core/task/python/colcon_distutils_commands:/home/menna/visual_nav_ws/install/visual_navigation/lib/python3.12/site-packages:${PYTHONPATH} VIRTUAL_ENV_PROMPT=(venv-ardupilot) /usr/bin/python3 -W ignore:setup.py install is deprecated -W ignore:easy_install command is deprecated setup.py egg_info --egg-base ../build/visual_navigation build --build-base /home/menna/visual_nav_ws/build/visual_navigation/build install --record /home/menna/visual_nav_ws/build/visual_navigation/install.log --single-version-externally-managed install_data
[2.909s] running egg_info
[2.965s] writing ../build/visual_navigation/visual_navigation.egg-info/PKG-INFO
[2.965s] writing dependency_links to ../build/visual_navigation/visual_navigation.egg-info/dependency_links.txt
[2.966s] writing entry points to ../build/visual_navigation/visual_navigation.egg-info/entry_points.txt
[2.966s] writing requirements to ../build/visual_navigation/visual_navigation.egg-info/requires.txt
[2.966s] writing top-level names to ../build/visual_navigation/visual_navigation.egg-info/top_level.txt
[3.086s] reading manifest file '../build/visual_navigation/visual_navigation.egg-info/SOURCES.txt'
[3.087s] writing manifest file '../build/visual_navigation/visual_navigation.egg-info/SOURCES.txt'
[3.088s] running build
[3.088s] running build_py
[3.088s] copying visual_navigation/camera_node.py -> /home/menna/visual_nav_ws/build/visual_navigation/build/lib/visual_navigation
[3.088s] copying visual_navigation/roi_node.py -> /home/menna/visual_nav_ws/build/visual_navigation/build/lib/visual_navigation
[3.089s] running install
[3.103s] running install_lib
[3.150s] copying /home/menna/visual_nav_ws/build/visual_navigation/build/lib/visual_navigation/camera_node.py -> /home/menna/visual_nav_ws/install/visual_navigation/lib/python3.12/site-packages/visual_navigation
[3.150s] copying /home/menna/visual_nav_ws/build/visual_navigation/build/lib/visual_navigation/roi_node.py -> /home/menna/visual_nav_ws/install/visual_navigation/lib/python3.12/site-packages/visual_navigation
[3.152s] byte-compiling /home/menna/visual_nav_ws/install/visual_navigation/lib/python3.12/site-packages/visual_navigation/camera_node.py to camera_node.cpython-312.pyc
[3.153s] byte-compiling /home/menna/visual_nav_ws/install/visual_navigation/lib/python3.12/site-packages/visual_navigation/roi_node.py to roi_node.cpython-312.pyc
[3.156s] running install_data
[3.156s] running install_egg_info
[3.210s] removing '/home/menna/visual_nav_ws/install/visual_navigation/lib/python3.12/site-packages/visual_navigation-0.0.0-py3.12.egg-info' (and everything under it)
[3.211s] Copying ../build/visual_navigation/visual_navigation.egg-info to /home/menna/visual_nav_ws/install/visual_navigation/lib/python3.12/site-packages/visual_navigation-0.0.0-py3.12.egg-info
[3.213s] running install_scripts
[3.551s] Installing action_node script to /home/menna/visual_nav_ws/install/visual_navigation/lib/visual_navigation
[3.551s] Installing camera_node script to /home/menna/visual_nav_ws/install/visual_navigation/lib/visual_navigation
[3.551s] Installing depth_node script to /home/menna/visual_nav_ws/install/visual_navigation/lib/visual_navigation
[3.552s] Installing motion_node script to /home/menna/visual_nav_ws/install/visual_navigation/lib/visual_navigation
[3.552s] Installing navigation_node script to /home/menna/visual_nav_ws/install/visual_navigation/lib/visual_navigation
[3.552s] Installing object_node script to /home/menna/visual_nav_ws/install/visual_navigation/lib/visual_navigation
[3.552s] Installing roi_node script to /home/menna/visual_nav_ws/install/visual_navigation/lib/visual_navigation
[3.552s] Installing vo_node script to /home/menna/visual_nav_ws/install/visual_navigation/lib/visual_navigation
[3.553s] writing list of installed files to '/home/menna/visual_nav_ws/build/visual_navigation/install.log'
[3.608s] Invoked command in '/home/menna/visual_nav_ws/visual_navigation' returned '0': DEBUGINFOD_URLS=https://debuginfod.ubuntu.com PS1=${debian_chroot:+($debian_chroot)}\[\033[01;32m\]\u@\h\[\033[00m\]:\[\033[01;34m\]\w\[\033[00m\]\$ PYTHONPATH=/home/menna/visual_nav_ws/build/visual_navigation/prefix_override:/usr/lib/python3/dist-packages/colcon_core/task/python/colcon_distutils_commands:/home/menna/visual_nav_ws/install/visual_navigation/lib/python3.12/site-packages:${PYTHONPATH} VIRTUAL_ENV_PROMPT=(venv-ardupilot) /usr/bin/python3 -W ignore:setup.py install is deprecated -W ignore:easy_install command is deprecated setup.py egg_info --egg-base ../build/visual_navigation build --build-base /home/menna/visual_nav_ws/build/visual_navigation/build install --record /home/menna/visual_nav_ws/build/visual_navigation/install.log --single-version-externally-managed install_data
