[0.541s] Invoking command in '/home/menna/visual_nav_ws/build/visual_navigation_interfaces': CMAKE_PREFIX_PATH=${CMAKE_PREFIX_PATH}:/home/menna/visual_nav_ws/install/visual_navigation:/opt/ros/jazzy DEBUGINFOD_URLS=https://debuginfod.ubuntu.com PS1=${debian_chroot:+($debian_chroot)}\[\033[01;32m\]\u@\h\[\033[00m\]:\[\033[01;34m\]\w\[\033[00m\]\$ VIRTUAL_ENV_PROMPT=(venv-ardupilot) /usr/bin/cmake --build /home/menna/visual_nav_ws/build/visual_navigation_interfaces -- -j8 -l8
[0.662s] [  2%] Built target visual_navigation_interfaces__rosidl_generator_type_description
[0.686s] [  2%] Built target ament_cmake_python_copy_visual_navigation_interfaces
[0.711s] [  5%] Built target visual_navigation_interfaces__cpp
[0.717s] [ 20%] Built target visual_navigation_interfaces__rosidl_generator_c
[0.794s] [ 29%] Built target visual_navigation_interfaces__rosidl_typesupport_c
[0.795s] [ 38%] Built target visual_navigation_interfaces__rosidl_typesupport_introspection_c
[0.795s] [ 47%] Built target visual_navigation_interfaces__rosidl_typesupport_fastrtps_c
[0.795s] [ 55%] Built target visual_navigation_interfaces__rosidl_typesupport_cpp
[0.819s] [ 64%] Built target visual_navigation_interfaces__rosidl_typesupport_fastrtps_cpp
[0.822s] [ 73%] Built target visual_navigation_interfaces__rosidl_typesupport_introspection_cpp
[0.864s] [ 73%] Built target visual_navigation_interfaces
[0.909s] [ 76%] Built target visual_navigation_interfaces__py
[0.959s] [ 82%] Built target visual_navigation_interfaces__rosidl_generator_py
[1.023s] [ 88%] Built target visual_navigation_interfaces_s__rosidl_typesupport_introspection_c
[1.023s] [ 94%] Built target visual_navigation_interfaces_s__rosidl_typesupport_c
[1.024s] [100%] Built target visual_navigation_interfaces_s__rosidl_typesupport_fastrtps_c
[1.268s] running egg_info
[1.370s] writing visual_navigation_interfaces.egg-info/PKG-INFO
[1.371s] writing dependency_links to visual_navigation_interfaces.egg-info/dependency_links.txt
[1.372s] writing top-level names to visual_navigation_interfaces.egg-info/top_level.txt
[1.546s] reading manifest file 'visual_navigation_interfaces.egg-info/SOURCES.txt'
[1.548s] writing manifest file 'visual_navigation_interfaces.egg-info/SOURCES.txt'
[1.597s] [100%] Built target ament_cmake_python_build_visual_navigation_interfaces_egg
[1.620s] Invoked command in '/home/menna/visual_nav_ws/build/visual_navigation_interfaces' returned '0': CMAKE_PREFIX_PATH=${CMAKE_PREFIX_PATH}:/home/menna/visual_nav_ws/install/visual_navigation:/opt/ros/jazzy DEBUGINFOD_URLS=https://debuginfod.ubuntu.com PS1=${debian_chroot:+($debian_chroot)}\[\033[01;32m\]\u@\h\[\033[00m\]:\[\033[01;34m\]\w\[\033[00m\]\$ VIRTUAL_ENV_PROMPT=(venv-ardupilot) /usr/bin/cmake --build /home/menna/visual_nav_ws/build/visual_navigation_interfaces -- -j8 -l8
[1.638s] Invoking command in '/home/menna/visual_nav_ws/build/visual_navigation_interfaces': CMAKE_PREFIX_PATH=${CMAKE_PREFIX_PATH}:/home/menna/visual_nav_ws/install/visual_navigation:/opt/ros/jazzy DEBUGINFOD_URLS=https://debuginfod.ubuntu.com PS1=${debian_chroot:+($debian_chroot)}\[\033[01;32m\]\u@\h\[\033[00m\]:\[\033[01;34m\]\w\[\033[00m\]\$ VIRTUAL_ENV_PROMPT=(venv-ardupilot) /usr/bin/cmake --install /home/menna/visual_nav_ws/build/visual_navigation_interfaces
[1.656s] -- Install configuration: ""
[1.656s] -- Up-to-date: /home/menna/visual_nav_ws/install/visual_navigation_interfaces/share/ament_index/resource_index/rosidl_interfaces/visual_navigation_interfaces
[1.656s] -- Up-to-date: /home/menna/visual_nav_ws/install/visual_navigation_interfaces/share/visual_navigation_interfaces/action/Navigate.json
[1.657s] -- Up-to-date: /home/menna/visual_nav_ws/install/visual_navigation_interfaces/include/visual_navigation_interfaces/visual_navigation_interfaces
[1.657s] -- Up-to-date: /home/menna/visual_nav_ws/install/visual_navigation_interfaces/include/visual_navigation_interfaces/visual_navigation_interfaces/msg
[1.657s] -- Up-to-date: /home/menna/visual_nav_ws/install/visual_navigation_interfaces/include/visual_navigation_interfaces/visual_navigation_interfaces/msg/rosidl_generator_c__visibility_control.h
[1.657s] -- Up-to-date: /home/menna/visual_nav_ws/install/visual_navigation_interfaces/include/visual_navigation_interfaces/visual_navigation_interfaces/action
[1.657s] -- Up-to-date: /home/menna/visual_nav_ws/install/visual_navigation_interfaces/include/visual_navigation_interfaces/visual_navigation_interfaces/action/navigate.h
[1.658s] -- Up-to-date: /home/menna/visual_nav_ws/install/visual_navigation_interfaces/include/visual_navigation_interfaces/visual_navigation_interfaces/action/detail
[1.658s] -- Installing: /home/menna/visual_nav_ws/install/visual_navigation_interfaces/include/visual_navigation_interfaces/visual_navigation_interfaces/action/detail/navigate__type_support.c
[1.658s] -- Up-to-date: /home/menna/visual_nav_ws/install/visual_navigation_interfaces/include/visual_navigation_interfaces/visual_navigation_interfaces/action/detail/navigate__functions.c
[1.658s] -- Up-to-date: /home/menna/visual_nav_ws/install/visual_navigation_interfaces/include/visual_navigation_interfaces/visual_navigation_interfaces/action/detail/navigate__functions.h
[1.658s] -- Up-to-date: /home/menna/visual_nav_ws/install/visual_navigation_interfaces/include/visual_navigation_interfaces/visual_navigation_interfaces/action/detail/navigate__struct.h
[1.659s] -- Up-to-date: /home/menna/visual_nav_ws/install/visual_navigation_interfaces/include/visual_navigation_interfaces/visual_navigation_interfaces/action/detail/navigate__type_support.h
[1.659s] -- Up-to-date: /home/menna/visual_nav_ws/install/visual_navigation_interfaces/include/visual_navigation_interfaces/visual_navigation_interfaces/action/detail/navigate__description.c
[1.659s] -- Up-to-date: /home/menna/visual_nav_ws/install/visual_navigation_interfaces/share/visual_navigation_interfaces/environment/library_path.sh
[1.660s] -- Up-to-date: /home/menna/visual_nav_ws/install/visual_navigation_interfaces/share/visual_navigation_interfaces/environment/library_path.dsv
[1.660s] -- Up-to-date: /home/menna/visual_nav_ws/install/visual_navigation_interfaces/lib/libvisual_navigation_interfaces__rosidl_generator_c.so
[1.660s] -- Up-to-date: /home/menna/visual_nav_ws/install/visual_navigation_interfaces/include/visual_navigation_interfaces/visual_navigation_interfaces
[1.661s] -- Up-to-date: /home/menna/visual_nav_ws/install/visual_navigation_interfaces/include/visual_navigation_interfaces/visual_navigation_interfaces/msg
[1.661s] -- Up-to-date: /home/menna/visual_nav_ws/install/visual_navigation_interfaces/include/visual_navigation_interfaces/visual_navigation_interfaces/msg/rosidl_typesupport_fastrtps_c__visibility_control.h
[1.661s] -- Up-to-date: /home/menna/visual_nav_ws/install/visual_navigation_interfaces/include/visual_navigation_interfaces/visual_navigation_interfaces/action
[1.662s] -- Up-to-date: /home/menna/visual_nav_ws/install/visual_navigation_interfaces/include/visual_navigation_interfaces/visual_navigation_interfaces/action/detail
[1.662s] -- Up-to-date: /home/menna/visual_nav_ws/install/visual_navigation_interfaces/include/visual_navigation_interfaces/visual_navigation_interfaces/action/detail/navigate__rosidl_typesupport_fastrtps_c.h
[1.662s] -- Up-to-date: /home/menna/visual_nav_ws/install/visual_navigation_interfaces/lib/libvisual_navigation_interfaces__rosidl_typesupport_fastrtps_c.so
[1.662s] -- Up-to-date: /home/menna/visual_nav_ws/install/visual_navigation_interfaces/include/visual_navigation_interfaces/visual_navigation_interfaces
[1.663s] -- Up-to-date: /home/menna/visual_nav_ws/install/visual_navigation_interfaces/include/visual_navigation_interfaces/visual_navigation_interfaces/msg
[1.663s] -- Up-to-date: /home/menna/visual_nav_ws/install/visual_navigation_interfaces/include/visual_navigation_interfaces/visual_navigation_interfaces/msg/rosidl_typesupport_introspection_c__visibility_control.h
[1.663s] -- Up-to-date: /home/menna/visual_nav_ws/install/visual_navigation_interfaces/include/visual_navigation_interfaces/visual_navigation_interfaces/action
[1.663s] -- Up-to-date: /home/menna/visual_nav_ws/install/visual_navigation_interfaces/include/visual_navigation_interfaces/visual_navigation_interfaces/action/detail
[1.664s] -- Installing: /home/menna/visual_nav_ws/install/visual_navigation_interfaces/include/visual_navigation_interfaces/visual_navigation_interfaces/action/detail/navigate__type_support.c
[1.664s] -- Up-to-date: /home/menna/visual_nav_ws/install/visual_navigation_interfaces/include/visual_navigation_interfaces/visual_navigation_interfaces/action/detail/navigate__rosidl_typesupport_introspection_c.h
[1.665s] -- Up-to-date: /home/menna/visual_nav_ws/install/visual_navigation_interfaces/lib/libvisual_navigation_interfaces__rosidl_typesupport_introspection_c.so
[1.665s] -- Up-to-date: /home/menna/visual_nav_ws/install/visual_navigation_interfaces/lib/libvisual_navigation_interfaces__rosidl_typesupport_c.so
[1.665s] -- Up-to-date: /home/menna/visual_nav_ws/install/visual_navigation_interfaces/include/visual_navigation_interfaces/visual_navigation_interfaces
[1.666s] -- Up-to-date: /home/menna/visual_nav_ws/install/visual_navigation_interfaces/include/visual_navigation_interfaces/visual_navigation_interfaces/msg
[1.666s] -- Up-to-date: /home/menna/visual_nav_ws/install/visual_navigation_interfaces/include/visual_navigation_interfaces/visual_navigation_interfaces/msg/rosidl_generator_cpp__visibility_control.hpp
[1.666s] -- Up-to-date: /home/menna/visual_nav_ws/install/visual_navigation_interfaces/include/visual_navigation_interfaces/visual_navigation_interfaces/action
[1.666s] -- Up-to-date: /home/menna/visual_nav_ws/install/visual_navigation_interfaces/include/visual_navigation_interfaces/visual_navigation_interfaces/action/navigate.hpp
[1.667s] -- Up-to-date: /home/menna/visual_nav_ws/install/visual_navigation_interfaces/include/visual_navigation_interfaces/visual_navigation_interfaces/action/detail
[1.667s] -- Up-to-date: /home/menna/visual_nav_ws/install/visual_navigation_interfaces/include/visual_navigation_interfaces/visual_navigation_interfaces/action/detail/navigate__struct.hpp
[1.667s] -- Up-to-date: /home/menna/visual_nav_ws/install/visual_navigation_interfaces/include/visual_navigation_interfaces/visual_navigation_interfaces/action/detail/navigate__builder.hpp
[1.668s] -- Up-to-date: /home/menna/visual_nav_ws/install/visual_navigation_interfaces/include/visual_navigation_interfaces/visual_navigation_interfaces/action/detail/navigate__traits.hpp
[1.668s] -- Up-to-date: /home/menna/visual_nav_ws/install/visual_navigation_interfaces/include/visual_navigation_interfaces/visual_navigation_interfaces/action/detail/navigate__type_support.hpp
[1.668s] -- Up-to-date: /home/menna/visual_nav_ws/install/visual_navigation_interfaces/include/visual_navigation_interfaces/visual_navigation_interfaces
[1.669s] -- Up-to-date: /home/menna/visual_nav_ws/install/visual_navigation_interfaces/include/visual_navigation_interfaces/visual_navigation_interfaces/msg
[1.669s] -- Up-to-date: /home/menna/visual_nav_ws/install/visual_navigation_interfaces/include/visual_navigation_interfaces/visual_navigation_interfaces/msg/rosidl_typesupport_fastrtps_cpp__visibility_control.h
[1.669s] -- Up-to-date: /home/menna/visual_nav_ws/install/visual_navigation_interfaces/include/visual_navigation_interfaces/visual_navigation_interfaces/action
[1.670s] -- Up-to-date: /home/menna/visual_nav_ws/install/visual_navigation_interfaces/include/visual_navigation_interfaces/visual_navigation_interfaces/action/detail
[1.670s] -- Up-to-date: /home/menna/visual_nav_ws/install/visual_navigation_interfaces/include/visual_navigation_interfaces/visual_navigation_interfaces/action/detail/navigate__rosidl_typesupport_fastrtps_cpp.hpp
[1.670s] -- Up-to-date: /home/menna/visual_nav_ws/install/visual_navigation_interfaces/include/visual_navigation_interfaces/visual_navigation_interfaces/action/detail/dds_fastrtps
[1.671s] -- Up-to-date: /home/menna/visual_nav_ws/install/visual_navigation_interfaces/lib/libvisual_navigation_interfaces__rosidl_typesupport_fastrtps_cpp.so
[1.671s] -- Up-to-date: /home/menna/visual_nav_ws/install/visual_navigation_interfaces/include/visual_navigation_interfaces/visual_navigation_interfaces
[1.671s] -- Up-to-date: /home/menna/visual_nav_ws/install/visual_navigation_interfaces/include/visual_navigation_interfaces/visual_navigation_interfaces/action
[1.671s] -- Up-to-date: /home/menna/visual_nav_ws/install/visual_navigation_interfaces/include/visual_navigation_interfaces/visual_navigation_interfaces/action/detail
[1.672s] -- Up-to-date: /home/menna/visual_nav_ws/install/visual_navigation_interfaces/include/visual_navigation_interfaces/visual_navigation_interfaces/action/detail/navigate__rosidl_typesupport_introspection_cpp.hpp
[1.672s] -- Up-to-date: /home/menna/visual_nav_ws/install/visual_navigation_interfaces/include/visual_navigation_interfaces/visual_navigation_interfaces/action/detail/navigate__type_support.cpp
[1.672s] -- Up-to-date: /home/menna/visual_nav_ws/install/visual_navigation_interfaces/lib/libvisual_navigation_interfaces__rosidl_typesupport_introspection_cpp.so
[1.672s] -- Up-to-date: /home/menna/visual_nav_ws/install/visual_navigation_interfaces/lib/libvisual_navigation_interfaces__rosidl_typesupport_cpp.so
[1.672s] -- Up-to-date: /home/menna/visual_nav_ws/install/visual_navigation_interfaces/share/visual_navigation_interfaces/environment/pythonpath.sh
[1.672s] -- Up-to-date: /home/menna/visual_nav_ws/install/visual_navigation_interfaces/share/visual_navigation_interfaces/environment/pythonpath.dsv
[1.672s] -- Up-to-date: /home/menna/visual_nav_ws/install/visual_navigation_interfaces/lib/python3.12/site-packages/visual_navigation_interfaces-0.0.0-py3.12.egg-info
[1.673s] -- Installing: /home/menna/visual_nav_ws/install/visual_navigation_interfaces/lib/python3.12/site-packages/visual_navigation_interfaces-0.0.0-py3.12.egg-info/SOURCES.txt
[1.673s] -- Installing: /home/menna/visual_nav_ws/install/visual_navigation_interfaces/lib/python3.12/site-packages/visual_navigation_interfaces-0.0.0-py3.12.egg-info/top_level.txt
[1.673s] -- Installing: /home/menna/visual_nav_ws/install/visual_navigation_interfaces/lib/python3.12/site-packages/visual_navigation_interfaces-0.0.0-py3.12.egg-info/dependency_links.txt
[1.673s] -- Installing: /home/menna/visual_nav_ws/install/visual_navigation_interfaces/lib/python3.12/site-packages/visual_navigation_interfaces-0.0.0-py3.12.egg-info/PKG-INFO
[1.673s] -- Up-to-date: /home/menna/visual_nav_ws/install/visual_navigation_interfaces/lib/python3.12/site-packages/visual_navigation_interfaces
[1.673s] -- Up-to-date: /home/menna/visual_nav_ws/install/visual_navigation_interfaces/lib/python3.12/site-packages/visual_navigation_interfaces/__init__.py
[1.673s] -- Up-to-date: /home/menna/visual_nav_ws/install/visual_navigation_interfaces/lib/python3.12/site-packages/visual_navigation_interfaces/_visual_navigation_interfaces_s.ep.rosidl_typesupport_fastrtps_c.c
[1.674s] -- Up-to-date: /home/menna/visual_nav_ws/install/visual_navigation_interfaces/lib/python3.12/site-packages/visual_navigation_interfaces/visual_navigation_interfaces_s__rosidl_typesupport_fastrtps_c.so
[1.674s] -- Up-to-date: /home/menna/visual_nav_ws/install/visual_navigation_interfaces/lib/python3.12/site-packages/visual_navigation_interfaces/_visual_navigation_interfaces_s.ep.rosidl_typesupport_introspection_c.c
[1.674s] -- Up-to-date: /home/menna/visual_nav_ws/install/visual_navigation_interfaces/lib/python3.12/site-packages/visual_navigation_interfaces/visual_navigation_interfaces_s__rosidl_typesupport_c.so
[1.674s] -- Up-to-date: /home/menna/visual_nav_ws/install/visual_navigation_interfaces/lib/python3.12/site-packages/visual_navigation_interfaces/_visual_navigation_interfaces_s.ep.rosidl_typesupport_c.c
[1.674s] -- Up-to-date: /home/menna/visual_nav_ws/install/visual_navigation_interfaces/lib/python3.12/site-packages/visual_navigation_interfaces/visual_navigation_interfaces_s__rosidl_typesupport_introspection_c.so
[1.674s] -- Up-to-date: /home/menna/visual_nav_ws/install/visual_navigation_interfaces/lib/python3.12/site-packages/visual_navigation_interfaces/action
[1.674s] -- Up-to-date: /home/menna/visual_nav_ws/install/visual_navigation_interfaces/lib/python3.12/site-packages/visual_navigation_interfaces/action/__init__.py
[1.674s] -- Up-to-date: /home/menna/visual_nav_ws/install/visual_navigation_interfaces/lib/python3.12/site-packages/visual_navigation_interfaces/action/_navigate.py
[1.674s] -- Up-to-date: /home/menna/visual_nav_ws/install/visual_navigation_interfaces/lib/python3.12/site-packages/visual_navigation_interfaces/action/_navigate_s.c
[1.741s] Listing '/home/menna/visual_nav_ws/install/visual_navigation_interfaces/lib/python3.12/site-packages/visual_navigation_interfaces'...
[1.741s] Listing '/home/menna/visual_nav_ws/install/visual_navigation_interfaces/lib/python3.12/site-packages/visual_navigation_interfaces/action'...
[1.755s] -- Up-to-date: /home/menna/visual_nav_ws/install/visual_navigation_interfaces/lib/python3.12/site-packages/visual_navigation_interfaces/visual_navigation_interfaces_s__rosidl_typesupport_fastrtps_c.so
[1.756s] -- Up-to-date: /home/menna/visual_nav_ws/install/visual_navigation_interfaces/lib/python3.12/site-packages/visual_navigation_interfaces/visual_navigation_interfaces_s__rosidl_typesupport_introspection_c.so
[1.757s] -- Up-to-date: /home/menna/visual_nav_ws/install/visual_navigation_interfaces/lib/python3.12/site-packages/visual_navigation_interfaces/visual_navigation_interfaces_s__rosidl_typesupport_c.so
[1.758s] -- Up-to-date: /home/menna/visual_nav_ws/install/visual_navigation_interfaces/lib/libvisual_navigation_interfaces__rosidl_generator_py.so
[1.759s] -- Up-to-date: /home/menna/visual_nav_ws/install/visual_navigation_interfaces/share/visual_navigation_interfaces/action/Navigate.idl
[1.759s] -- Up-to-date: /home/menna/visual_nav_ws/install/visual_navigation_interfaces/share/visual_navigation_interfaces/action/Navigate.action
[1.760s] -- Up-to-date: /home/menna/visual_nav_ws/install/visual_navigation_interfaces/share/ament_index/resource_index/package_run_dependencies/visual_navigation_interfaces
[1.760s] -- Up-to-date: /home/menna/visual_nav_ws/install/visual_navigation_interfaces/share/ament_index/resource_index/parent_prefix_path/visual_navigation_interfaces
[1.760s] -- Up-to-date: /home/menna/visual_nav_ws/install/visual_navigation_interfaces/share/visual_navigation_interfaces/environment/ament_prefix_path.sh
[1.761s] -- Up-to-date: /home/menna/visual_nav_ws/install/visual_navigation_interfaces/share/visual_navigation_interfaces/environment/ament_prefix_path.dsv
[1.761s] -- Up-to-date: /home/menna/visual_nav_ws/install/visual_navigation_interfaces/share/visual_navigation_interfaces/environment/path.sh
[1.761s] -- Up-to-date: /home/menna/visual_nav_ws/install/visual_navigation_interfaces/share/visual_navigation_interfaces/environment/path.dsv
[1.762s] -- Up-to-date: /home/menna/visual_nav_ws/install/visual_navigation_interfaces/share/visual_navigation_interfaces/local_setup.bash
[1.762s] -- Up-to-date: /home/menna/visual_nav_ws/install/visual_navigation_interfaces/share/visual_navigation_interfaces/local_setup.sh
[1.763s] -- Up-to-date: /home/menna/visual_nav_ws/install/visual_navigation_interfaces/share/visual_navigation_interfaces/local_setup.zsh
[1.763s] -- Up-to-date: /home/menna/visual_nav_ws/install/visual_navigation_interfaces/share/visual_navigation_interfaces/local_setup.dsv
[1.763s] -- Installing: /home/menna/visual_nav_ws/install/visual_navigation_interfaces/share/visual_navigation_interfaces/package.dsv
[1.764s] -- Up-to-date: /home/menna/visual_nav_ws/install/visual_navigation_interfaces/share/ament_index/resource_index/packages/visual_navigation_interfaces
[1.764s] -- Up-to-date: /home/menna/visual_nav_ws/install/visual_navigation_interfaces/share/visual_navigation_interfaces/cmake/export_visual_navigation_interfaces__rosidl_generator_cExport.cmake
[1.764s] -- Up-to-date: /home/menna/visual_nav_ws/install/visual_navigation_interfaces/share/visual_navigation_interfaces/cmake/export_visual_navigation_interfaces__rosidl_generator_cExport-noconfig.cmake
[1.765s] -- Up-to-date: /home/menna/visual_nav_ws/install/visual_navigation_interfaces/share/visual_navigation_interfaces/cmake/export_visual_navigation_interfaces__rosidl_typesupport_fastrtps_cExport.cmake
[1.765s] -- Up-to-date: /home/menna/visual_nav_ws/install/visual_navigation_interfaces/share/visual_navigation_interfaces/cmake/export_visual_navigation_interfaces__rosidl_typesupport_fastrtps_cExport-noconfig.cmake
[1.765s] -- Up-to-date: /home/menna/visual_nav_ws/install/visual_navigation_interfaces/share/visual_navigation_interfaces/cmake/visual_navigation_interfaces__rosidl_typesupport_introspection_cExport.cmake
[1.765s] -- Up-to-date: /home/menna/visual_nav_ws/install/visual_navigation_interfaces/share/visual_navigation_interfaces/cmake/visual_navigation_interfaces__rosidl_typesupport_introspection_cExport-noconfig.cmake
[1.766s] -- Up-to-date: /home/menna/visual_nav_ws/install/visual_navigation_interfaces/share/visual_navigation_interfaces/cmake/visual_navigation_interfaces__rosidl_typesupport_cExport.cmake
[1.766s] -- Up-to-date: /home/menna/visual_nav_ws/install/visual_navigation_interfaces/share/visual_navigation_interfaces/cmake/visual_navigation_interfaces__rosidl_typesupport_cExport-noconfig.cmake
[1.766s] -- Up-to-date: /home/menna/visual_nav_ws/install/visual_navigation_interfaces/share/visual_navigation_interfaces/cmake/export_visual_navigation_interfaces__rosidl_generator_cppExport.cmake
[1.767s] -- Up-to-date: /home/menna/visual_nav_ws/install/visual_navigation_interfaces/share/visual_navigation_interfaces/cmake/export_visual_navigation_interfaces__rosidl_typesupport_fastrtps_cppExport.cmake
[1.767s] -- Up-to-date: /home/menna/visual_nav_ws/install/visual_navigation_interfaces/share/visual_navigation_interfaces/cmake/export_visual_navigation_interfaces__rosidl_typesupport_fastrtps_cppExport-noconfig.cmake
[1.767s] -- Up-to-date: /home/menna/visual_nav_ws/install/visual_navigation_interfaces/share/visual_navigation_interfaces/cmake/visual_navigation_interfaces__rosidl_typesupport_introspection_cppExport.cmake
[1.767s] -- Up-to-date: /home/menna/visual_nav_ws/install/visual_navigation_interfaces/share/visual_navigation_interfaces/cmake/visual_navigation_interfaces__rosidl_typesupport_introspection_cppExport-noconfig.cmake
[1.768s] -- Up-to-date: /home/menna/visual_nav_ws/install/visual_navigation_interfaces/share/visual_navigation_interfaces/cmake/visual_navigation_interfaces__rosidl_typesupport_cppExport.cmake
[1.768s] -- Up-to-date: /home/menna/visual_nav_ws/install/visual_navigation_interfaces/share/visual_navigation_interfaces/cmake/visual_navigation_interfaces__rosidl_typesupport_cppExport-noconfig.cmake
[1.769s] -- Up-to-date: /home/menna/visual_nav_ws/install/visual_navigation_interfaces/share/visual_navigation_interfaces/cmake/export_visual_navigation_interfaces__rosidl_generator_pyExport.cmake
[1.770s] -- Up-to-date: /home/menna/visual_nav_ws/install/visual_navigation_interfaces/share/visual_navigation_interfaces/cmake/export_visual_navigation_interfaces__rosidl_generator_pyExport-noconfig.cmake
[1.770s] -- Up-to-date: /home/menna/visual_nav_ws/install/visual_navigation_interfaces/share/visual_navigation_interfaces/cmake/rosidl_cmake-extras.cmake
[1.771s] -- Up-to-date: /home/menna/visual_nav_ws/install/visual_navigation_interfaces/share/visual_navigation_interfaces/cmake/ament_cmake_export_dependencies-extras.cmake
[1.771s] -- Up-to-date: /home/menna/visual_nav_ws/install/visual_navigation_interfaces/share/visual_navigation_interfaces/cmake/ament_cmake_export_include_directories-extras.cmake
[1.772s] -- Up-to-date: /home/menna/visual_nav_ws/install/visual_navigation_interfaces/share/visual_navigation_interfaces/cmake/ament_cmake_export_libraries-extras.cmake
[1.772s] -- Up-to-date: /home/menna/visual_nav_ws/install/visual_navigation_interfaces/share/visual_navigation_interfaces/cmake/ament_cmake_export_targets-extras.cmake
[1.773s] -- Up-to-date: /home/menna/visual_nav_ws/install/visual_navigation_interfaces/share/visual_navigation_interfaces/cmake/rosidl_cmake_export_typesupport_targets-extras.cmake
[1.773s] -- Up-to-date: /home/menna/visual_nav_ws/install/visual_navigation_interfaces/share/visual_navigation_interfaces/cmake/rosidl_cmake_export_typesupport_libraries-extras.cmake
[1.773s] -- Up-to-date: /home/menna/visual_nav_ws/install/visual_navigation_interfaces/share/visual_navigation_interfaces/cmake/visual_navigation_interfacesConfig.cmake
[1.774s] -- Up-to-date: /home/menna/visual_nav_ws/install/visual_navigation_interfaces/share/visual_navigation_interfaces/cmake/visual_navigation_interfacesConfig-version.cmake
[1.774s] -- Up-to-date: /home/menna/visual_nav_ws/install/visual_navigation_interfaces/share/visual_navigation_interfaces/package.xml
[1.775s] Invoked command in '/home/menna/visual_nav_ws/build/visual_navigation_interfaces' returned '0': CMAKE_PREFIX_PATH=${CMAKE_PREFIX_PATH}:/home/menna/visual_nav_ws/install/visual_navigation:/opt/ros/jazzy DEBUGINFOD_URLS=https://debuginfod.ubuntu.com PS1=${debian_chroot:+($debian_chroot)}\[\033[01;32m\]\u@\h\[\033[00m\]:\[\033[01;34m\]\w\[\033[00m\]\$ VIRTUAL_ENV_PROMPT=(venv-ardupilot) /usr/bin/cmake --install /home/menna/visual_nav_ws/build/visual_navigation_interfaces
