[0.164s] DEBUG:colcon:Command line arguments: ['/usr/bin/colcon', 'build']
[0.165s] DEBUG:colcon:Parsed command line arguments: Namespace(log_base=None, log_level=None, verb_name='build', build_base='build', install_base='install', merge_install=False, symlink_install=False, test_result_base=None, continue_on_error=False, executor='parallel', parallel_workers=8, event_handlers=None, ignore_user_meta=False, metas=['./colcon.meta'], base_paths=['.'], packages_ignore=None, packages_ignore_regex=None, paths=None, packages_up_to=None, packages_up_to_regex=None, packages_above=None, packages_above_and_dependencies=None, packages_above_depth=None, packages_select_by_dep=None, packages_skip_by_dep=None, packages_skip_up_to=None, packages_select_build_failed=False, packages_skip_build_finished=False, packages_select_test_failures=False, packages_skip_test_passed=False, packages_select=None, packages_skip=None, packages_select_regex=None, packages_skip_regex=None, packages_start=None, packages_end=None, allow_overriding=[], cmake_args=None, cmake_target=None, cmake_target_skip_unavailable=False, cmake_clean_cache=False, cmake_clean_first=False, cmake_force_configure=False, ament_cmake_args=None, catkin_cmake_args=None, catkin_skip_building_tests=False, mixin_files=None, mixin=None, verb_parser=<colcon_mixin.mixin.mixin_argument.MixinArgumentDecorator object at 0x7a8c02ab0530>, verb_extension=<colcon_core.verb.build.BuildVerb object at 0x7a8c02ab0290>, main=<bound method BuildVerb.main of <colcon_core.verb.build.BuildVerb object at 0x7a8c02ab0290>>, mixin_verb=('build',))
[0.221s] Level 1:colcon.colcon_core.package_discovery:discover_packages(colcon_meta) check parameters
[0.221s] Level 1:colcon.colcon_core.package_discovery:discover_packages(recursive) check parameters
[0.222s] Level 1:colcon.colcon_core.package_discovery:discover_packages(ignore) check parameters
[0.222s] Level 1:colcon.colcon_core.package_discovery:discover_packages(path) check parameters
[0.222s] Level 1:colcon.colcon_core.package_discovery:discover_packages(colcon_meta) discover
[0.222s] Level 1:colcon.colcon_core.package_discovery:discover_packages(recursive) discover
[0.222s] INFO:colcon.colcon_core.package_discovery:Crawling recursively for packages in '/home/menna/visual_nav_ws'
[0.222s] Level 1:colcon.colcon_core.package_identification:_identify(.) by extensions ['ignore', 'ignore_ament_install']
[0.222s] Level 1:colcon.colcon_core.package_identification:_identify(.) by extension 'ignore'
[0.222s] Level 1:colcon.colcon_core.package_identification:_identify(.) by extension 'ignore_ament_install'
[0.222s] Level 1:colcon.colcon_core.package_identification:_identify(.) by extensions ['colcon_pkg']
[0.222s] Level 1:colcon.colcon_core.package_identification:_identify(.) by extension 'colcon_pkg'
[0.222s] Level 1:colcon.colcon_core.package_identification:_identify(.) by extensions ['colcon_meta']
[0.222s] Level 1:colcon.colcon_core.package_identification:_identify(.) by extension 'colcon_meta'
[0.222s] Level 1:colcon.colcon_core.package_identification:_identify(.) by extensions ['ros']
[0.222s] Level 1:colcon.colcon_core.package_identification:_identify(.) by extension 'ros'
[0.259s] Level 1:colcon.colcon_core.package_identification:_identify(.) by extensions ['cmake', 'python']
[0.259s] Level 1:colcon.colcon_core.package_identification:_identify(.) by extension 'cmake'
[0.259s] Level 1:colcon.colcon_core.package_identification:_identify(.) by extension 'python'
[0.259s] Level 1:colcon.colcon_core.package_identification:_identify(.) by extensions ['python_setup_py']
[0.259s] Level 1:colcon.colcon_core.package_identification:_identify(.) by extension 'python_setup_py'
[0.260s] Level 1:colcon.colcon_core.package_identification:_identify(build) by extensions ['ignore', 'ignore_ament_install']
[0.260s] Level 1:colcon.colcon_core.package_identification:_identify(build) by extension 'ignore'
[0.260s] Level 1:colcon.colcon_core.package_identification:_identify(build) ignored
[0.260s] Level 1:colcon.colcon_core.package_identification:_identify(install) by extensions ['ignore', 'ignore_ament_install']
[0.260s] Level 1:colcon.colcon_core.package_identification:_identify(install) by extension 'ignore'
[0.260s] Level 1:colcon.colcon_core.package_identification:_identify(install) ignored
[0.260s] Level 1:colcon.colcon_core.package_identification:_identify(log) by extensions ['ignore', 'ignore_ament_install']
[0.260s] Level 1:colcon.colcon_core.package_identification:_identify(log) by extension 'ignore'
[0.261s] Level 1:colcon.colcon_core.package_identification:_identify(log) ignored
[0.261s] Level 1:colcon.colcon_core.package_identification:_identify(visual_navigation) by extensions ['ignore', 'ignore_ament_install']
[0.261s] Level 1:colcon.colcon_core.package_identification:_identify(visual_navigation) by extension 'ignore'
[0.261s] Level 1:colcon.colcon_core.package_identification:_identify(visual_navigation) by extension 'ignore_ament_install'
[0.261s] Level 1:colcon.colcon_core.package_identification:_identify(visual_navigation) by extensions ['colcon_pkg']
[0.261s] Level 1:colcon.colcon_core.package_identification:_identify(visual_navigation) by extension 'colcon_pkg'
[0.261s] Level 1:colcon.colcon_core.package_identification:_identify(visual_navigation) by extensions ['colcon_meta']
[0.261s] Level 1:colcon.colcon_core.package_identification:_identify(visual_navigation) by extension 'colcon_meta'
[0.261s] Level 1:colcon.colcon_core.package_identification:_identify(visual_navigation) by extensions ['ros']
[0.261s] Level 1:colcon.colcon_core.package_identification:_identify(visual_navigation) by extension 'ros'
[0.265s] DEBUG:colcon.colcon_core.package_identification:Package 'visual_navigation' with type 'ros.ament_python' and name 'visual_navigation'
[0.265s] Level 1:colcon.colcon_core.package_identification:_identify(visual_navigation_interfaces) by extensions ['ignore', 'ignore_ament_install']
[0.265s] Level 1:colcon.colcon_core.package_identification:_identify(visual_navigation_interfaces) by extension 'ignore'
[0.265s] Level 1:colcon.colcon_core.package_identification:_identify(visual_navigation_interfaces) by extension 'ignore_ament_install'
[0.265s] Level 1:colcon.colcon_core.package_identification:_identify(visual_navigation_interfaces) by extensions ['colcon_pkg']
[0.265s] Level 1:colcon.colcon_core.package_identification:_identify(visual_navigation_interfaces) by extension 'colcon_pkg'
[0.265s] Level 1:colcon.colcon_core.package_identification:_identify(visual_navigation_interfaces) by extensions ['colcon_meta']
[0.266s] Level 1:colcon.colcon_core.package_identification:_identify(visual_navigation_interfaces) by extension 'colcon_meta'
[0.266s] Level 1:colcon.colcon_core.package_identification:_identify(visual_navigation_interfaces) by extensions ['ros']
[0.266s] Level 1:colcon.colcon_core.package_identification:_identify(visual_navigation_interfaces) by extension 'ros'
[0.266s] DEBUG:colcon.colcon_core.package_identification:Package 'visual_navigation_interfaces' with type 'ros.ament_cmake' and name 'visual_navigation_interfaces'
[0.266s] Level 1:colcon.colcon_core.package_discovery:discover_packages(recursive) using defaults
[0.266s] Level 1:colcon.colcon_core.package_discovery:discover_packages(ignore) discover
[0.266s] Level 1:colcon.colcon_core.package_discovery:discover_packages(ignore) using defaults
[0.266s] Level 1:colcon.colcon_core.package_discovery:discover_packages(path) discover
[0.267s] Level 1:colcon.colcon_core.package_discovery:discover_packages(path) using defaults
[0.291s] Level 1:colcon.colcon_core.package_discovery:discover_packages(prefix_path) check parameters
[0.292s] Level 1:colcon.colcon_core.package_discovery:discover_packages(prefix_path) discover
[0.294s] DEBUG:colcon.colcon_installed_package_information.package_discovery:Found 2 installed packages in /home/menna/visual_nav_ws/install
[0.297s] DEBUG:colcon.colcon_installed_package_information.package_discovery:Found 325 installed packages in /opt/ros/jazzy
[0.299s] Level 1:colcon.colcon_core.package_discovery:discover_packages(prefix_path) using defaults
[0.368s] Level 5:colcon.colcon_core.verb:set package 'visual_navigation' build argument 'cmake_args' from command line to 'None'
[0.368s] Level 5:colcon.colcon_core.verb:set package 'visual_navigation' build argument 'cmake_target' from command line to 'None'
[0.368s] Level 5:colcon.colcon_core.verb:set package 'visual_navigation' build argument 'cmake_target_skip_unavailable' from command line to 'False'
[0.368s] Level 5:colcon.colcon_core.verb:set package 'visual_navigation' build argument 'cmake_clean_cache' from command line to 'False'
[0.368s] Level 5:colcon.colcon_core.verb:set package 'visual_navigation' build argument 'cmake_clean_first' from command line to 'False'
[0.368s] Level 5:colcon.colcon_core.verb:set package 'visual_navigation' build argument 'cmake_force_configure' from command line to 'False'
[0.368s] Level 5:colcon.colcon_core.verb:set package 'visual_navigation' build argument 'ament_cmake_args' from command line to 'None'
[0.368s] Level 5:colcon.colcon_core.verb:set package 'visual_navigation' build argument 'catkin_cmake_args' from command line to 'None'
[0.368s] Level 5:colcon.colcon_core.verb:set package 'visual_navigation' build argument 'catkin_skip_building_tests' from command line to 'False'
[0.368s] DEBUG:colcon.colcon_core.verb:Building package 'visual_navigation' with the following arguments: {'ament_cmake_args': None, 'build_base': '/home/menna/visual_nav_ws/build/visual_navigation', 'catkin_cmake_args': None, 'catkin_skip_building_tests': False, 'cmake_args': None, 'cmake_clean_cache': False, 'cmake_clean_first': False, 'cmake_force_configure': False, 'cmake_target': None, 'cmake_target_skip_unavailable': False, 'install_base': '/home/menna/visual_nav_ws/install/visual_navigation', 'merge_install': False, 'path': '/home/menna/visual_nav_ws/visual_navigation', 'symlink_install': False, 'test_result_base': None}
[0.369s] Level 5:colcon.colcon_core.verb:set package 'visual_navigation_interfaces' build argument 'cmake_args' from command line to 'None'
[0.369s] Level 5:colcon.colcon_core.verb:set package 'visual_navigation_interfaces' build argument 'cmake_target' from command line to 'None'
[0.369s] Level 5:colcon.colcon_core.verb:set package 'visual_navigation_interfaces' build argument 'cmake_target_skip_unavailable' from command line to 'False'
[0.369s] Level 5:colcon.colcon_core.verb:set package 'visual_navigation_interfaces' build argument 'cmake_clean_cache' from command line to 'False'
[0.369s] Level 5:colcon.colcon_core.verb:set package 'visual_navigation_interfaces' build argument 'cmake_clean_first' from command line to 'False'
[0.369s] Level 5:colcon.colcon_core.verb:set package 'visual_navigation_interfaces' build argument 'cmake_force_configure' from command line to 'False'
[0.369s] Level 5:colcon.colcon_core.verb:set package 'visual_navigation_interfaces' build argument 'ament_cmake_args' from command line to 'None'
[0.369s] Level 5:colcon.colcon_core.verb:set package 'visual_navigation_interfaces' build argument 'catkin_cmake_args' from command line to 'None'
[0.369s] Level 5:colcon.colcon_core.verb:set package 'visual_navigation_interfaces' build argument 'catkin_skip_building_tests' from command line to 'False'
[0.369s] DEBUG:colcon.colcon_core.verb:Building package 'visual_navigation_interfaces' with the following arguments: {'ament_cmake_args': None, 'build_base': '/home/menna/visual_nav_ws/build/visual_navigation_interfaces', 'catkin_cmake_args': None, 'catkin_skip_building_tests': False, 'cmake_args': None, 'cmake_clean_cache': False, 'cmake_clean_first': False, 'cmake_force_configure': False, 'cmake_target': None, 'cmake_target_skip_unavailable': False, 'install_base': '/home/menna/visual_nav_ws/install/visual_navigation_interfaces', 'merge_install': False, 'path': '/home/menna/visual_nav_ws/visual_navigation_interfaces', 'symlink_install': False, 'test_result_base': None}
[0.369s] INFO:colcon.colcon_core.executor:Executing jobs using 'parallel' executor
[0.370s] DEBUG:colcon.colcon_parallel_executor.executor.parallel:run_until_complete
[0.370s] INFO:colcon.colcon_ros.task.ament_python.build:Building ROS package in '/home/menna/visual_nav_ws/visual_navigation' with build type 'ament_python'
[0.371s] Level 1:colcon.colcon_core.shell:create_environment_hook('visual_navigation', 'ament_prefix_path')
[0.373s] INFO:colcon.colcon_core.plugin_system:Skipping extension 'colcon_core.shell.bat': Not used on non-Windows systems
[0.374s] INFO:colcon.colcon_core.shell:Creating environment hook '/home/menna/visual_nav_ws/install/visual_navigation/share/visual_navigation/hook/ament_prefix_path.ps1'
[0.374s] INFO:colcon.colcon_core.shell:Creating environment descriptor '/home/menna/visual_nav_ws/install/visual_navigation/share/visual_navigation/hook/ament_prefix_path.dsv'
[0.375s] INFO:colcon.colcon_core.shell:Creating environment hook '/home/menna/visual_nav_ws/install/visual_navigation/share/visual_navigation/hook/ament_prefix_path.sh'
[0.376s] INFO:colcon.colcon_core.shell:Skip shell extension 'powershell' for command environment: Not usable outside of PowerShell
[0.376s] DEBUG:colcon.colcon_core.shell:Skip shell extension 'dsv' for command environment
[0.381s] INFO:colcon.colcon_ros.task.ament_cmake.build:Building ROS package in '/home/menna/visual_nav_ws/visual_navigation_interfaces' with build type 'ament_cmake'
[0.382s] INFO:colcon.colcon_cmake.task.cmake.build:Building CMake package in '/home/menna/visual_nav_ws/visual_navigation_interfaces'
[0.382s] INFO:colcon.colcon_core.shell:Skip shell extension 'powershell' for command environment: Not usable outside of PowerShell
[0.382s] DEBUG:colcon.colcon_core.shell:Skip shell extension 'dsv' for command environment
[0.755s] INFO:colcon.colcon_core.task.python.build:Building Python package in '/home/menna/visual_nav_ws/visual_navigation'
[0.755s] INFO:colcon.colcon_core.shell:Skip shell extension 'powershell' for command environment: Not usable outside of PowerShell
[0.755s] DEBUG:colcon.colcon_core.shell:Skip shell extension 'dsv' for command environment
[0.768s] DEBUG:colcon.colcon_core.event_handler.log_command:Invoking command in '/home/menna/visual_nav_ws/build/visual_navigation_interfaces': CMAKE_PREFIX_PATH=${CMAKE_PREFIX_PATH}:/home/menna/visual_nav_ws/install/visual_navigation:/opt/ros/jazzy DEBUGINFOD_URLS=https://debuginfod.ubuntu.com PS1=${debian_chroot:+($debian_chroot)}\[\033[01;32m\]\u@\h\[\033[00m\]:\[\033[01;34m\]\w\[\033[00m\]\$ VIRTUAL_ENV_PROMPT=(venv-ardupilot) /usr/bin/cmake --build /home/menna/visual_nav_ws/build/visual_navigation_interfaces -- -j8 -l8
[1.743s] DEBUG:colcon.colcon_core.event_handler.log_command:Invoked command in '/home/menna/visual_nav_ws/build/visual_navigation_interfaces' returned '0': CMAKE_PREFIX_PATH=${CMAKE_PREFIX_PATH}:/home/menna/visual_nav_ws/install/visual_navigation:/opt/ros/jazzy DEBUGINFOD_URLS=https://debuginfod.ubuntu.com PS1=${debian_chroot:+($debian_chroot)}\[\033[01;32m\]\u@\h\[\033[00m\]:\[\033[01;34m\]\w\[\033[00m\]\$ VIRTUAL_ENV_PROMPT=(venv-ardupilot) /usr/bin/cmake --build /home/menna/visual_nav_ws/build/visual_navigation_interfaces -- -j8 -l8
[1.761s] DEBUG:colcon.colcon_core.event_handler.log_command:Invoking command in '/home/menna/visual_nav_ws/build/visual_navigation_interfaces': CMAKE_PREFIX_PATH=${CMAKE_PREFIX_PATH}:/home/menna/visual_nav_ws/install/visual_navigation:/opt/ros/jazzy DEBUGINFOD_URLS=https://debuginfod.ubuntu.com PS1=${debian_chroot:+($debian_chroot)}\[\033[01;32m\]\u@\h\[\033[00m\]:\[\033[01;34m\]\w\[\033[00m\]\$ VIRTUAL_ENV_PROMPT=(venv-ardupilot) /usr/bin/cmake --install /home/menna/visual_nav_ws/build/visual_navigation_interfaces
[1.864s] Level 1:colcon.colcon_core.environment:create_environment_scripts_only(visual_navigation_interfaces)
[1.866s] DEBUG:colcon.colcon_core.event_handler.log_command:Invoked command in '/home/menna/visual_nav_ws/build/visual_navigation_interfaces' returned '0': CMAKE_PREFIX_PATH=${CMAKE_PREFIX_PATH}:/home/menna/visual_nav_ws/install/visual_navigation:/opt/ros/jazzy DEBUGINFOD_URLS=https://debuginfod.ubuntu.com PS1=${debian_chroot:+($debian_chroot)}\[\033[01;32m\]\u@\h\[\033[00m\]:\[\033[01;34m\]\w\[\033[00m\]\$ VIRTUAL_ENV_PROMPT=(venv-ardupilot) /usr/bin/cmake --install /home/menna/visual_nav_ws/build/visual_navigation_interfaces
[1.870s] Level 1:colcon.colcon_core.environment:checking '/home/menna/visual_nav_ws/install/visual_navigation_interfaces' for CMake module files
[1.872s] Level 1:colcon.colcon_core.environment:checking '/home/menna/visual_nav_ws/install/visual_navigation_interfaces' for CMake config files
[1.873s] Level 1:colcon.colcon_core.shell:create_environment_hook('visual_navigation_interfaces', 'cmake_prefix_path')
[1.873s] INFO:colcon.colcon_core.shell:Creating environment hook '/home/menna/visual_nav_ws/install/visual_navigation_interfaces/share/visual_navigation_interfaces/hook/cmake_prefix_path.ps1'
[1.874s] INFO:colcon.colcon_core.shell:Creating environment descriptor '/home/menna/visual_nav_ws/install/visual_navigation_interfaces/share/visual_navigation_interfaces/hook/cmake_prefix_path.dsv'
[1.875s] INFO:colcon.colcon_core.shell:Creating environment hook '/home/menna/visual_nav_ws/install/visual_navigation_interfaces/share/visual_navigation_interfaces/hook/cmake_prefix_path.sh'
[1.876s] Level 1:colcon.colcon_core.environment:checking '/home/menna/visual_nav_ws/install/visual_navigation_interfaces/lib'
[1.877s] Level 1:colcon.colcon_core.shell:create_environment_hook('visual_navigation_interfaces', 'ld_library_path_lib')
[1.877s] INFO:colcon.colcon_core.shell:Creating environment hook '/home/menna/visual_nav_ws/install/visual_navigation_interfaces/share/visual_navigation_interfaces/hook/ld_library_path_lib.ps1'
[1.878s] INFO:colcon.colcon_core.shell:Creating environment descriptor '/home/menna/visual_nav_ws/install/visual_navigation_interfaces/share/visual_navigation_interfaces/hook/ld_library_path_lib.dsv'
[1.879s] INFO:colcon.colcon_core.shell:Creating environment hook '/home/menna/visual_nav_ws/install/visual_navigation_interfaces/share/visual_navigation_interfaces/hook/ld_library_path_lib.sh'
[1.879s] Level 1:colcon.colcon_core.environment:checking '/home/menna/visual_nav_ws/install/visual_navigation_interfaces/bin'
[1.880s] Level 1:colcon.colcon_core.environment:checking '/home/menna/visual_nav_ws/install/visual_navigation_interfaces/lib/pkgconfig/visual_navigation_interfaces.pc'
[1.880s] Level 1:colcon.colcon_core.environment:checking '/home/menna/visual_nav_ws/install/visual_navigation_interfaces/lib/python3.12/site-packages'
[1.880s] Level 1:colcon.colcon_core.shell:create_environment_hook('visual_navigation_interfaces', 'pythonpath')
[1.881s] INFO:colcon.colcon_core.shell:Creating environment hook '/home/menna/visual_nav_ws/install/visual_navigation_interfaces/share/visual_navigation_interfaces/hook/pythonpath.ps1'
[1.882s] INFO:colcon.colcon_core.shell:Creating environment descriptor '/home/menna/visual_nav_ws/install/visual_navigation_interfaces/share/visual_navigation_interfaces/hook/pythonpath.dsv'
[1.882s] INFO:colcon.colcon_core.shell:Creating environment hook '/home/menna/visual_nav_ws/install/visual_navigation_interfaces/share/visual_navigation_interfaces/hook/pythonpath.sh'
[1.884s] Level 1:colcon.colcon_core.environment:checking '/home/menna/visual_nav_ws/install/visual_navigation_interfaces/bin'
[1.885s] INFO:colcon.colcon_core.shell:Creating package script '/home/menna/visual_nav_ws/install/visual_navigation_interfaces/share/visual_navigation_interfaces/package.ps1'
[1.886s] INFO:colcon.colcon_core.shell:Creating package descriptor '/home/menna/visual_nav_ws/install/visual_navigation_interfaces/share/visual_navigation_interfaces/package.dsv'
[1.888s] INFO:colcon.colcon_core.shell:Creating package script '/home/menna/visual_nav_ws/install/visual_navigation_interfaces/share/visual_navigation_interfaces/package.sh'
[1.890s] INFO:colcon.colcon_core.shell:Creating package script '/home/menna/visual_nav_ws/install/visual_navigation_interfaces/share/visual_navigation_interfaces/package.bash'
[1.891s] INFO:colcon.colcon_core.shell:Creating package script '/home/menna/visual_nav_ws/install/visual_navigation_interfaces/share/visual_navigation_interfaces/package.zsh'
[1.892s] Level 1:colcon.colcon_core.environment:create_file_with_runtime_dependencies(/home/menna/visual_nav_ws/install/visual_navigation_interfaces/share/colcon-core/packages/visual_navigation_interfaces)
[1.894s] Level 1:colcon.colcon_core.environment:create_environment_scripts_only(visual_navigation_interfaces)
[1.894s] Level 1:colcon.colcon_core.environment:checking '/home/menna/visual_nav_ws/install/visual_navigation_interfaces' for CMake module files
[1.896s] Level 1:colcon.colcon_core.environment:checking '/home/menna/visual_nav_ws/install/visual_navigation_interfaces' for CMake config files
[1.897s] Level 1:colcon.colcon_core.shell:create_environment_hook('visual_navigation_interfaces', 'cmake_prefix_path')
[1.897s] INFO:colcon.colcon_core.shell:Creating environment hook '/home/menna/visual_nav_ws/install/visual_navigation_interfaces/share/visual_navigation_interfaces/hook/cmake_prefix_path.ps1'
[1.898s] INFO:colcon.colcon_core.shell:Creating environment descriptor '/home/menna/visual_nav_ws/install/visual_navigation_interfaces/share/visual_navigation_interfaces/hook/cmake_prefix_path.dsv'
[1.899s] INFO:colcon.colcon_core.shell:Creating environment hook '/home/menna/visual_nav_ws/install/visual_navigation_interfaces/share/visual_navigation_interfaces/hook/cmake_prefix_path.sh'
[1.900s] Level 1:colcon.colcon_core.environment:checking '/home/menna/visual_nav_ws/install/visual_navigation_interfaces/lib'
[1.900s] Level 1:colcon.colcon_core.shell:create_environment_hook('visual_navigation_interfaces', 'ld_library_path_lib')
[1.900s] INFO:colcon.colcon_core.shell:Creating environment hook '/home/menna/visual_nav_ws/install/visual_navigation_interfaces/share/visual_navigation_interfaces/hook/ld_library_path_lib.ps1'
[1.901s] INFO:colcon.colcon_core.shell:Creating environment descriptor '/home/menna/visual_nav_ws/install/visual_navigation_interfaces/share/visual_navigation_interfaces/hook/ld_library_path_lib.dsv'
[1.901s] INFO:colcon.colcon_core.shell:Creating environment hook '/home/menna/visual_nav_ws/install/visual_navigation_interfaces/share/visual_navigation_interfaces/hook/ld_library_path_lib.sh'
[1.902s] Level 1:colcon.colcon_core.environment:checking '/home/menna/visual_nav_ws/install/visual_navigation_interfaces/bin'
[1.902s] Level 1:colcon.colcon_core.environment:checking '/home/menna/visual_nav_ws/install/visual_navigation_interfaces/lib/pkgconfig/visual_navigation_interfaces.pc'
[1.902s] Level 1:colcon.colcon_core.environment:checking '/home/menna/visual_nav_ws/install/visual_navigation_interfaces/lib/python3.12/site-packages'
[1.903s] Level 1:colcon.colcon_core.shell:create_environment_hook('visual_navigation_interfaces', 'pythonpath')
[1.903s] INFO:colcon.colcon_core.shell:Creating environment hook '/home/menna/visual_nav_ws/install/visual_navigation_interfaces/share/visual_navigation_interfaces/hook/pythonpath.ps1'
[1.904s] INFO:colcon.colcon_core.shell:Creating environment descriptor '/home/menna/visual_nav_ws/install/visual_navigation_interfaces/share/visual_navigation_interfaces/hook/pythonpath.dsv'
[1.904s] INFO:colcon.colcon_core.shell:Creating environment hook '/home/menna/visual_nav_ws/install/visual_navigation_interfaces/share/visual_navigation_interfaces/hook/pythonpath.sh'
[1.905s] Level 1:colcon.colcon_core.environment:checking '/home/menna/visual_nav_ws/install/visual_navigation_interfaces/bin'
[1.906s] INFO:colcon.colcon_core.shell:Creating package script '/home/menna/visual_nav_ws/install/visual_navigation_interfaces/share/visual_navigation_interfaces/package.ps1'
[1.906s] INFO:colcon.colcon_core.shell:Creating package descriptor '/home/menna/visual_nav_ws/install/visual_navigation_interfaces/share/visual_navigation_interfaces/package.dsv'
[1.907s] INFO:colcon.colcon_core.shell:Creating package script '/home/menna/visual_nav_ws/install/visual_navigation_interfaces/share/visual_navigation_interfaces/package.sh'
[1.908s] INFO:colcon.colcon_core.shell:Creating package script '/home/menna/visual_nav_ws/install/visual_navigation_interfaces/share/visual_navigation_interfaces/package.bash'
[1.908s] INFO:colcon.colcon_core.shell:Creating package script '/home/menna/visual_nav_ws/install/visual_navigation_interfaces/share/visual_navigation_interfaces/package.zsh'
[1.909s] Level 1:colcon.colcon_core.environment:create_file_with_runtime_dependencies(/home/menna/visual_nav_ws/install/visual_navigation_interfaces/share/colcon-core/packages/visual_navigation_interfaces)
[2.082s] DEBUG:colcon.colcon_core.event_handler.log_command:Invoking command in '/home/menna/visual_nav_ws/visual_navigation': DEBUGINFOD_URLS=https://debuginfod.ubuntu.com PS1=${debian_chroot:+($debian_chroot)}\[\033[01;32m\]\u@\h\[\033[00m\]:\[\033[01;34m\]\w\[\033[00m\]\$ PYTHONPATH=/home/menna/visual_nav_ws/build/visual_navigation/prefix_override:/usr/lib/python3/dist-packages/colcon_core/task/python/colcon_distutils_commands:/home/menna/visual_nav_ws/install/visual_navigation/lib/python3.12/site-packages:${PYTHONPATH} VIRTUAL_ENV_PROMPT=(venv-ardupilot) /usr/bin/python3 -W ignore:setup.py install is deprecated -W ignore:easy_install command is deprecated setup.py egg_info --egg-base ../build/visual_navigation build --build-base /home/menna/visual_nav_ws/build/visual_navigation/build install --record /home/menna/visual_nav_ws/build/visual_navigation/install.log --single-version-externally-managed install_data
[3.053s] Level 1:colcon.colcon_core.environment:checking '/home/menna/visual_nav_ws/install/visual_navigation' for CMake module files
[3.054s] DEBUG:colcon.colcon_core.event_handler.log_command:Invoked command in '/home/menna/visual_nav_ws/visual_navigation' returned '0': DEBUGINFOD_URLS=https://debuginfod.ubuntu.com PS1=${debian_chroot:+($debian_chroot)}\[\033[01;32m\]\u@\h\[\033[00m\]:\[\033[01;34m\]\w\[\033[00m\]\$ PYTHONPATH=/home/menna/visual_nav_ws/build/visual_navigation/prefix_override:/usr/lib/python3/dist-packages/colcon_core/task/python/colcon_distutils_commands:/home/menna/visual_nav_ws/install/visual_navigation/lib/python3.12/site-packages:${PYTHONPATH} VIRTUAL_ENV_PROMPT=(venv-ardupilot) /usr/bin/python3 -W ignore:setup.py install is deprecated -W ignore:easy_install command is deprecated setup.py egg_info --egg-base ../build/visual_navigation build --build-base /home/menna/visual_nav_ws/build/visual_navigation/build install --record /home/menna/visual_nav_ws/build/visual_navigation/install.log --single-version-externally-managed install_data
[3.055s] Level 1:colcon.colcon_core.environment:checking '/home/menna/visual_nav_ws/install/visual_navigation' for CMake config files
[3.056s] Level 1:colcon.colcon_core.environment:checking '/home/menna/visual_nav_ws/install/visual_navigation/lib'
[3.056s] Level 1:colcon.colcon_core.environment:checking '/home/menna/visual_nav_ws/install/visual_navigation/bin'
[3.056s] Level 1:colcon.colcon_core.environment:checking '/home/menna/visual_nav_ws/install/visual_navigation/lib/pkgconfig/visual_navigation.pc'
[3.056s] Level 1:colcon.colcon_core.environment:checking '/home/menna/visual_nav_ws/install/visual_navigation/lib/python3.12/site-packages'
[3.057s] Level 1:colcon.colcon_core.shell:create_environment_hook('visual_navigation', 'pythonpath')
[3.057s] INFO:colcon.colcon_core.shell:Creating environment hook '/home/menna/visual_nav_ws/install/visual_navigation/share/visual_navigation/hook/pythonpath.ps1'
[3.058s] INFO:colcon.colcon_core.shell:Creating environment descriptor '/home/menna/visual_nav_ws/install/visual_navigation/share/visual_navigation/hook/pythonpath.dsv'
[3.058s] INFO:colcon.colcon_core.shell:Creating environment hook '/home/menna/visual_nav_ws/install/visual_navigation/share/visual_navigation/hook/pythonpath.sh'
[3.059s] Level 1:colcon.colcon_core.environment:checking '/home/menna/visual_nav_ws/install/visual_navigation/bin'
[3.059s] Level 1:colcon.colcon_core.environment:create_environment_scripts_only(visual_navigation)
[3.060s] INFO:colcon.colcon_core.shell:Creating package script '/home/menna/visual_nav_ws/install/visual_navigation/share/visual_navigation/package.ps1'
[3.061s] INFO:colcon.colcon_core.shell:Creating package descriptor '/home/menna/visual_nav_ws/install/visual_navigation/share/visual_navigation/package.dsv'
[3.061s] INFO:colcon.colcon_core.shell:Creating package script '/home/menna/visual_nav_ws/install/visual_navigation/share/visual_navigation/package.sh'
[3.062s] INFO:colcon.colcon_core.shell:Creating package script '/home/menna/visual_nav_ws/install/visual_navigation/share/visual_navigation/package.bash'
[3.063s] INFO:colcon.colcon_core.shell:Creating package script '/home/menna/visual_nav_ws/install/visual_navigation/share/visual_navigation/package.zsh'
[3.063s] Level 1:colcon.colcon_core.environment:create_file_with_runtime_dependencies(/home/menna/visual_nav_ws/install/visual_navigation/share/colcon-core/packages/visual_navigation)
[3.063s] DEBUG:colcon.colcon_parallel_executor.executor.parallel:closing loop
[3.064s] DEBUG:colcon.colcon_parallel_executor.executor.parallel:loop closed
[3.064s] DEBUG:colcon.colcon_parallel_executor.executor.parallel:run_until_complete finished with '0'
[3.064s] DEBUG:colcon.colcon_core.event_reactor:joining thread
[3.074s] INFO:colcon.colcon_core.plugin_system:Skipping extension 'colcon_notification.desktop_notification.terminal_notifier': Not used on non-Darwin systems
[3.074s] INFO:colcon.colcon_core.plugin_system:Skipping extension 'colcon_notification.desktop_notification.win32': Not used on non-Windows systems
[3.075s] INFO:colcon.colcon_notification.desktop_notification:Sending desktop notification using 'notify2'
[3.096s] DEBUG:colcon.colcon_core.event_reactor:joined thread
[3.096s] INFO:colcon.colcon_core.shell:Creating prefix script '/home/menna/visual_nav_ws/install/local_setup.ps1'
[3.098s] INFO:colcon.colcon_core.shell:Creating prefix util module '/home/menna/visual_nav_ws/install/_local_setup_util_ps1.py'
[3.099s] INFO:colcon.colcon_core.shell:Creating prefix chain script '/home/menna/visual_nav_ws/install/setup.ps1'
[3.101s] INFO:colcon.colcon_core.shell:Creating prefix script '/home/menna/visual_nav_ws/install/local_setup.sh'
[3.102s] INFO:colcon.colcon_core.shell:Creating prefix util module '/home/menna/visual_nav_ws/install/_local_setup_util_sh.py'
[3.103s] INFO:colcon.colcon_core.shell:Creating prefix chain script '/home/menna/visual_nav_ws/install/setup.sh'
[3.105s] INFO:colcon.colcon_core.shell:Creating prefix script '/home/menna/visual_nav_ws/install/local_setup.bash'
[3.106s] INFO:colcon.colcon_core.shell:Creating prefix chain script '/home/menna/visual_nav_ws/install/setup.bash'
[3.108s] INFO:colcon.colcon_core.shell:Creating prefix script '/home/menna/visual_nav_ws/install/local_setup.zsh'
[3.108s] INFO:colcon.colcon_core.shell:Creating prefix chain script '/home/menna/visual_nav_ws/install/setup.zsh'
