[1.406s] Invoking command in '/home/menna/visual_nav_ws/src/visual_navigation': DEBUGINFOD_URLS=https://debuginfod.ubuntu.com PS1=${debian_chroot:+($debian_chroot)}\[\033[01;32m\]\u@\h\[\033[00m\]:\[\033[01;34m\]\w\[\033[00m\]\$ PYTHONPATH=/home/menna/visual_nav_ws/src/build/visual_navigation/prefix_override:/usr/lib/python3/dist-packages/colcon_core/task/python/colcon_distutils_commands:/home/menna/visual_nav_ws/src/install/visual_navigation/lib/python3.12/site-packages:${PYTHONPATH} VIRTUAL_ENV_PROMPT=(venv-ardupilot) /usr/bin/python3 -W ignore:setup.py install is deprecated -W ignore:easy_install command is deprecated setup.py egg_info --egg-base ../build/visual_navigation build --build-base /home/menna/visual_nav_ws/src/build/visual_navigation/build install --record /home/menna/visual_nav_ws/src/build/visual_navigation/install.log --single-version-externally-managed install_data
[1.852s] running egg_info
[1.852s] creating ../build/visual_navigation/visual_navigation.egg-info
[1.889s] writing ../build/visual_navigation/visual_navigation.egg-info/PKG-INFO
[1.889s] writing dependency_links to ../build/visual_navigation/visual_navigation.egg-info/dependency_links.txt
[1.890s] writing entry points to ../build/visual_navigation/visual_navigation.egg-info/entry_points.txt
[1.890s] writing requirements to ../build/visual_navigation/visual_navigation.egg-info/requires.txt
[1.890s] writing top-level names to ../build/visual_navigation/visual_navigation.egg-info/top_level.txt
[1.891s] writing manifest file '../build/visual_navigation/visual_navigation.egg-info/SOURCES.txt'
[1.968s] reading manifest file '../build/visual_navigation/visual_navigation.egg-info/SOURCES.txt'
[1.969s] writing manifest file '../build/visual_navigation/visual_navigation.egg-info/SOURCES.txt'
[1.969s] running build
[1.969s] running build_py
[1.969s] creating /home/menna/visual_nav_ws/src/build/visual_navigation/build
[1.970s] creating /home/menna/visual_nav_ws/src/build/visual_navigation/build/lib
[1.970s] creating /home/menna/visual_nav_ws/src/build/visual_navigation/build/lib/visual_navigation
[1.970s] copying visual_navigation/action_node.py -> /home/menna/visual_nav_ws/src/build/visual_navigation/build/lib/visual_navigation
[1.970s] copying visual_navigation/camera_node.py -> /home/menna/visual_nav_ws/src/build/visual_navigation/build/lib/visual_navigation
[1.971s] copying visual_navigation/__init__.py -> /home/menna/visual_nav_ws/src/build/visual_navigation/build/lib/visual_navigation
[1.971s] copying visual_navigation/roi_node.py -> /home/menna/visual_nav_ws/src/build/visual_navigation/build/lib/visual_navigation
[1.971s] copying visual_navigation/vo_node.py -> /home/menna/visual_nav_ws/src/build/visual_navigation/build/lib/visual_navigation
[1.971s] copying visual_navigation/object_node.py -> /home/menna/visual_nav_ws/src/build/visual_navigation/build/lib/visual_navigation
[1.972s] copying visual_navigation/motion_node.py -> /home/menna/visual_nav_ws/src/build/visual_navigation/build/lib/visual_navigation
[1.972s] copying visual_navigation/depth_node.py -> /home/menna/visual_nav_ws/src/build/visual_navigation/build/lib/visual_navigation
[1.972s] copying visual_navigation/navigation_node.py -> /home/menna/visual_nav_ws/src/build/visual_navigation/build/lib/visual_navigation
[1.972s] running install
[1.982s] running install_lib
[2.019s] creating /home/menna/visual_nav_ws/src/install/visual_navigation/lib/python3.12/site-packages/visual_navigation
[2.020s] copying /home/menna/visual_nav_ws/src/build/visual_navigation/build/lib/visual_navigation/action_node.py -> /home/menna/visual_nav_ws/src/install/visual_navigation/lib/python3.12/site-packages/visual_navigation
[2.020s] copying /home/menna/visual_nav_ws/src/build/visual_navigation/build/lib/visual_navigation/camera_node.py -> /home/menna/visual_nav_ws/src/install/visual_navigation/lib/python3.12/site-packages/visual_navigation
[2.020s] copying /home/menna/visual_nav_ws/src/build/visual_navigation/build/lib/visual_navigation/__init__.py -> /home/menna/visual_nav_ws/src/install/visual_navigation/lib/python3.12/site-packages/visual_navigation
[2.020s] copying /home/menna/visual_nav_ws/src/build/visual_navigation/build/lib/visual_navigation/roi_node.py -> /home/menna/visual_nav_ws/src/install/visual_navigation/lib/python3.12/site-packages/visual_navigation
[2.021s] copying /home/menna/visual_nav_ws/src/build/visual_navigation/build/lib/visual_navigation/vo_node.py -> /home/menna/visual_nav_ws/src/install/visual_navigation/lib/python3.12/site-packages/visual_navigation
[2.021s] copying /home/menna/visual_nav_ws/src/build/visual_navigation/build/lib/visual_navigation/object_node.py -> /home/menna/visual_nav_ws/src/install/visual_navigation/lib/python3.12/site-packages/visual_navigation
[2.021s] copying /home/menna/visual_nav_ws/src/build/visual_navigation/build/lib/visual_navigation/motion_node.py -> /home/menna/visual_nav_ws/src/install/visual_navigation/lib/python3.12/site-packages/visual_navigation
[2.021s] copying /home/menna/visual_nav_ws/src/build/visual_navigation/build/lib/visual_navigation/depth_node.py -> /home/menna/visual_nav_ws/src/install/visual_navigation/lib/python3.12/site-packages/visual_navigation
[2.022s] copying /home/menna/visual_nav_ws/src/build/visual_navigation/build/lib/visual_navigation/navigation_node.py -> /home/menna/visual_nav_ws/src/install/visual_navigation/lib/python3.12/site-packages/visual_navigation
[2.023s] byte-compiling /home/menna/visual_nav_ws/src/install/visual_navigation/lib/python3.12/site-packages/visual_navigation/action_node.py to action_node.cpython-312.pyc
[2.024s] byte-compiling /home/menna/visual_nav_ws/src/install/visual_navigation/lib/python3.12/site-packages/visual_navigation/camera_node.py to camera_node.cpython-312.pyc
[2.026s] byte-compiling /home/menna/visual_nav_ws/src/install/visual_navigation/lib/python3.12/site-packages/visual_navigation/__init__.py to __init__.cpython-312.pyc
[2.026s] byte-compiling /home/menna/visual_nav_ws/src/install/visual_navigation/lib/python3.12/site-packages/visual_navigation/roi_node.py to roi_node.cpython-312.pyc
[2.027s] byte-compiling /home/menna/visual_nav_ws/src/install/visual_navigation/lib/python3.12/site-packages/visual_navigation/vo_node.py to vo_node.cpython-312.pyc
[2.029s] byte-compiling /home/menna/visual_nav_ws/src/install/visual_navigation/lib/python3.12/site-packages/visual_navigation/object_node.py to object_node.cpython-312.pyc
[2.030s] byte-compiling /home/menna/visual_nav_ws/src/install/visual_navigation/lib/python3.12/site-packages/visual_navigation/motion_node.py to motion_node.cpython-312.pyc
[2.031s] byte-compiling /home/menna/visual_nav_ws/src/install/visual_navigation/lib/python3.12/site-packages/visual_navigation/depth_node.py to depth_node.cpython-312.pyc
[2.033s] byte-compiling /home/menna/visual_nav_ws/src/install/visual_navigation/lib/python3.12/site-packages/visual_navigation/navigation_node.py to navigation_node.cpython-312.pyc
[2.035s] running install_data
[2.035s] creating /home/menna/visual_nav_ws/src/install/visual_navigation/share/ament_index
[2.035s] creating /home/menna/visual_nav_ws/src/install/visual_navigation/share/ament_index/resource_index
[2.035s] creating /home/menna/visual_nav_ws/src/install/visual_navigation/share/ament_index/resource_index/packages
[2.036s] copying resource/visual_navigation -> /home/menna/visual_nav_ws/src/install/visual_navigation/share/ament_index/resource_index/packages
[2.036s] copying package.xml -> /home/menna/visual_nav_ws/src/install/visual_navigation/share/visual_navigation
[2.036s] creating /home/menna/visual_nav_ws/src/install/visual_navigation/share/visual_navigation/launch
[2.036s] creating /home/menna/visual_nav_ws/src/install/visual_navigation/share/visual_navigation/models
[2.036s] error: can't copy 'visual_navigation/models/yolov8n.pt': doesn't exist or not a regular file
[2.069s] Invoked command in '/home/menna/visual_nav_ws/src/visual_navigation' returned '1': DEBUGINFOD_URLS=https://debuginfod.ubuntu.com PS1=${debian_chroot:+($debian_chroot)}\[\033[01;32m\]\u@\h\[\033[00m\]:\[\033[01;34m\]\w\[\033[00m\]\$ PYTHONPATH=/home/menna/visual_nav_ws/src/build/visual_navigation/prefix_override:/usr/lib/python3/dist-packages/colcon_core/task/python/colcon_distutils_commands:/home/menna/visual_nav_ws/src/install/visual_navigation/lib/python3.12/site-packages:${PYTHONPATH} VIRTUAL_ENV_PROMPT=(venv-ardupilot) /usr/bin/python3 -W ignore:setup.py install is deprecated -W ignore:easy_install command is deprecated setup.py egg_info --egg-base ../build/visual_navigation build --build-base /home/menna/visual_nav_ws/src/build/visual_navigation/build install --record /home/menna/visual_nav_ws/src/build/visual_navigation/install.log --single-version-externally-managed install_data
