/home/menna/visual_nav_ws/install/visual_navigation/lib/python3.12/site-packages/visual_navigation/action_node.py
/home/menna/visual_nav_ws/install/visual_navigation/lib/python3.12/site-packages/visual_navigation/camera_node.py
/home/menna/visual_nav_ws/install/visual_navigation/lib/python3.12/site-packages/visual_navigation/__init__.py
/home/menna/visual_nav_ws/install/visual_navigation/lib/python3.12/site-packages/visual_navigation/roi_node.py
/home/menna/visual_nav_ws/install/visual_navigation/lib/python3.12/site-packages/visual_navigation/vo_node.py
/home/menna/visual_nav_ws/install/visual_navigation/lib/python3.12/site-packages/visual_navigation/object_node.py
/home/menna/visual_nav_ws/install/visual_navigation/lib/python3.12/site-packages/visual_navigation/motion_node.py
/home/menna/visual_nav_ws/install/visual_navigation/lib/python3.12/site-packages/visual_navigation/depth_node.py
/home/menna/visual_nav_ws/install/visual_navigation/lib/python3.12/site-packages/visual_navigation/navigation_node.py
/home/menna/visual_nav_ws/install/visual_navigation/lib/python3.12/site-packages/visual_navigation/__pycache__/action_node.cpython-312.pyc
/home/menna/visual_nav_ws/install/visual_navigation/lib/python3.12/site-packages/visual_navigation/__pycache__/camera_node.cpython-312.pyc
/home/menna/visual_nav_ws/install/visual_navigation/lib/python3.12/site-packages/visual_navigation/__pycache__/__init__.cpython-312.pyc
/home/menna/visual_nav_ws/install/visual_navigation/lib/python3.12/site-packages/visual_navigation/__pycache__/roi_node.cpython-312.pyc
/home/menna/visual_nav_ws/install/visual_navigation/lib/python3.12/site-packages/visual_navigation/__pycache__/vo_node.cpython-312.pyc
/home/menna/visual_nav_ws/install/visual_navigation/lib/python3.12/site-packages/visual_navigation/__pycache__/object_node.cpython-312.pyc
/home/menna/visual_nav_ws/install/visual_navigation/lib/python3.12/site-packages/visual_navigation/__pycache__/motion_node.cpython-312.pyc
/home/menna/visual_nav_ws/install/visual_navigation/lib/python3.12/site-packages/visual_navigation/__pycache__/depth_node.cpython-312.pyc
/home/menna/visual_nav_ws/install/visual_navigation/lib/python3.12/site-packages/visual_navigation/__pycache__/navigation_node.cpython-312.pyc
/home/menna/visual_nav_ws/install/visual_navigation/share/ament_index/resource_index/packages/visual_navigation
/home/menna/visual_nav_ws/install/visual_navigation/share/visual_navigation/package.xml
/home/menna/visual_nav_ws/install/visual_navigation/share/visual_navigation/launch
/home/menna/visual_nav_ws/install/visual_navigation/share/visual_navigation/models/depth_anything_v2_vits.pth
/home/menna/visual_nav_ws/install/visual_navigation/lib/python3.12/site-packages/visual_navigation-0.0.0-py3.12.egg-info/entry_points.txt
/home/menna/visual_nav_ws/install/visual_navigation/lib/python3.12/site-packages/visual_navigation-0.0.0-py3.12.egg-info/zip-safe
/home/menna/visual_nav_ws/install/visual_navigation/lib/python3.12/site-packages/visual_navigation-0.0.0-py3.12.egg-info/SOURCES.txt
/home/menna/visual_nav_ws/install/visual_navigation/lib/python3.12/site-packages/visual_navigation-0.0.0-py3.12.egg-info/requires.txt
/home/menna/visual_nav_ws/install/visual_navigation/lib/python3.12/site-packages/visual_navigation-0.0.0-py3.12.egg-info/top_level.txt
/home/menna/visual_nav_ws/install/visual_navigation/lib/python3.12/site-packages/visual_navigation-0.0.0-py3.12.egg-info/dependency_links.txt
/home/menna/visual_nav_ws/install/visual_navigation/lib/python3.12/site-packages/visual_navigation-0.0.0-py3.12.egg-info/PKG-INFO
/home/menna/visual_nav_ws/install/visual_navigation/lib/visual_navigation/action_node
/home/menna/visual_nav_ws/install/visual_navigation/lib/visual_navigation/camera_node
/home/menna/visual_nav_ws/install/visual_navigation/lib/visual_navigation/depth_node
/home/menna/visual_nav_ws/install/visual_navigation/lib/visual_navigation/motion_node
/home/menna/visual_nav_ws/install/visual_navigation/lib/visual_navigation/navigation_node
/home/menna/visual_nav_ws/install/visual_navigation/lib/visual_navigation/object_node
/home/menna/visual_nav_ws/install/visual_navigation/lib/visual_navigation/roi_node
/home/menna/visual_nav_ws/install/visual_navigation/lib/visual_navigation/vo_node
